#######################################################################
WARNING:  no libwebkitgtk-1.0 detected, some features will be unavailable
    Consider installing the package with apt-get or yum.
    e.g. 'sudo apt-get install libwebkitgtk-1.0-0'
#######################################################################
Java HotSpot(TM) 64-Bit Server VM warning: ignoring option MaxPermSize=256m; support was removed in 8.0
log4j:ERROR setFile(null,true) call failed.
java.io.FileNotFoundException: logs/pdi.log (Permission denied)
	at java.io.FileOutputStream.open0(Native Method)
	at java.io.FileOutputStream.open(FileOutputStream.java:270)
	at java.io.FileOutputStream.<init>(FileOutputStream.java:213)
	at java.io.FileOutputStream.<init>(FileOutputStream.java:133)
	at org.apache.log4j.FileAppender.setFile(FileAppender.java:294)
	at org.apache.log4j.FileAppender.activateOptions(FileAppender.java:165)
	at org.apache.log4j.rolling.RollingFileAppender.activateOptions(RollingFileAppender.java:180)
	at org.apache.log4j.config.PropertySetter.activate(PropertySetter.java:256)
	at org.apache.log4j.xml.DOMConfigurator.parseAppender(DOMConfigurator.java:295)
	at org.apache.log4j.xml.DOMConfigurator.findAppenderByName(DOMConfigurator.java:176)
	at org.apache.log4j.xml.DOMConfigurator.findAppenderByReference(DOMConfigurator.java:191)
	at org.apache.log4j.xml.DOMConfigurator.parseChildrenOfLoggerElement(DOMConfigurator.java:523)
	at org.apache.log4j.xml.DOMConfigurator.parseCategory(DOMConfigurator.java:436)
	at org.apache.log4j.xml.DOMConfigurator.parse(DOMConfigurator.java:1004)
	at org.apache.log4j.xml.DOMConfigurator.doConfigure(DOMConfigurator.java:872)
	at org.apache.log4j.xml.DOMConfigurator.doConfigure(DOMConfigurator.java:778)
	at org.apache.log4j.helpers.OptionConverter.selectAndConfigure(OptionConverter.java:470)
	at org.apache.log4j.LogManager.<clinit>(LogManager.java:127)
	at org.slf4j.impl.Log4jLoggerFactory.getLogger(Log4jLoggerFactory.java:66)
	at org.slf4j.LoggerFactory.getLogger(LoggerFactory.java:277)
	at org.slf4j.LoggerFactory.getLogger(LoggerFactory.java:288)
	at org.pentaho.di.i18n.GlobalMessageUtil.<clinit>(GlobalMessageUtil.java:50)
	at org.pentaho.di.i18n.LAFMessageHandler.calculateString(LAFMessageHandler.java:94)
	at org.pentaho.di.i18n.GlobalMessages.getString(GlobalMessages.java:177)
	at org.pentaho.di.i18n.BaseMessages.getString(BaseMessages.java:86)
	at org.pentaho.di.core.logging.LogLevel.<clinit>(LogLevel.java:36)
	at org.pentaho.di.core.logging.DefaultLogLevel.<init>(DefaultLogLevel.java:36)
	at org.pentaho.di.core.logging.DefaultLogLevel.getInstance(DefaultLogLevel.java:41)
	at org.pentaho.di.core.logging.DefaultLogLevel.getLogLevel(DefaultLogLevel.java:50)
	at org.pentaho.di.core.logging.LogChannel.<init>(LogChannel.java:60)
	at org.pentaho.di.core.logging.LogChannel.<clinit>(LogChannel.java:37)
	at org.pentaho.di.core.plugins.BasePluginType.<init>(BasePluginType.java:83)
	at org.pentaho.di.core.plugins.BasePluginType.<init>(BasePluginType.java:96)
	at org.pentaho.di.core.plugins.RepositoryPluginType.<init>(RepositoryPluginType.java:54)
	at org.pentaho.di.core.plugins.RepositoryPluginType.getInstance(RepositoryPluginType.java:64)
	at org.pentaho.di.kitchen.Kitchen.main(Kitchen.java:71)
	at sun.reflect.NativeMethodAccessorImpl.invoke0(Native Method)
	at sun.reflect.NativeMethodAccessorImpl.invoke(NativeMethodAccessorImpl.java:62)
	at sun.reflect.DelegatingMethodAccessorImpl.invoke(DelegatingMethodAccessorImpl.java:43)
	at java.lang.reflect.Method.invoke(Method.java:498)
	at org.pentaho.commons.launcher.Launcher.main(Launcher.java:92)
log4j:ERROR setFile(null,false) call failed.
java.io.FileNotFoundException: logs/pdi.log (Permission denied)
	at java.io.FileOutputStream.open0(Native Method)
	at java.io.FileOutputStream.open(FileOutputStream.java:270)
	at java.io.FileOutputStream.<init>(FileOutputStream.java:213)
	at java.io.FileOutputStream.<init>(FileOutputStream.java:133)
	at org.apache.log4j.FileAppender.setFile(FileAppender.java:294)
	at org.apache.log4j.FileAppender.activateOptions(FileAppender.java:165)
	at org.apache.log4j.DailyRollingFileAppender.activateOptions(DailyRollingFileAppender.java:223)
	at org.apache.log4j.config.PropertySetter.activate(PropertySetter.java:256)
	at org.apache.log4j.xml.DOMConfigurator.parseAppender(DOMConfigurator.java:295)
	at org.apache.log4j.xml.DOMConfigurator.findAppenderByName(DOMConfigurator.java:176)
	at org.apache.log4j.xml.DOMConfigurator.findAppenderByReference(DOMConfigurator.java:191)
	at org.apache.log4j.xml.DOMConfigurator.parseChildrenOfLoggerElement(DOMConfigurator.java:523)
	at org.apache.log4j.xml.DOMConfigurator.parseRoot(DOMConfigurator.java:492)
	at org.apache.log4j.xml.DOMConfigurator.parse(DOMConfigurator.java:1006)
	at org.apache.log4j.xml.DOMConfigurator.doConfigure(DOMConfigurator.java:872)
	at org.apache.log4j.xml.DOMConfigurator.doConfigure(DOMConfigurator.java:778)
	at org.apache.log4j.helpers.OptionConverter.selectAndConfigure(OptionConverter.java:470)
	at org.apache.log4j.LogManager.<clinit>(LogManager.java:127)
	at org.slf4j.impl.Log4jLoggerFactory.getLogger(Log4jLoggerFactory.java:66)
	at org.slf4j.LoggerFactory.getLogger(LoggerFactory.java:277)
	at org.slf4j.LoggerFactory.getLogger(LoggerFactory.java:288)
	at org.pentaho.di.i18n.GlobalMessageUtil.<clinit>(GlobalMessageUtil.java:50)
	at org.pentaho.di.i18n.LAFMessageHandler.calculateString(LAFMessageHandler.java:94)
	at org.pentaho.di.i18n.GlobalMessages.getString(GlobalMessages.java:177)
	at org.pentaho.di.i18n.BaseMessages.getString(BaseMessages.java:86)
	at org.pentaho.di.core.logging.LogLevel.<clinit>(LogLevel.java:36)
	at org.pentaho.di.core.logging.DefaultLogLevel.<init>(DefaultLogLevel.java:36)
	at org.pentaho.di.core.logging.DefaultLogLevel.getInstance(DefaultLogLevel.java:41)
	at org.pentaho.di.core.logging.DefaultLogLevel.getLogLevel(DefaultLogLevel.java:50)
	at org.pentaho.di.core.logging.LogChannel.<init>(LogChannel.java:60)
	at org.pentaho.di.core.logging.LogChannel.<clinit>(LogChannel.java:37)
	at org.pentaho.di.core.plugins.BasePluginType.<init>(BasePluginType.java:83)
	at org.pentaho.di.core.plugins.BasePluginType.<init>(BasePluginType.java:96)
	at org.pentaho.di.core.plugins.RepositoryPluginType.<init>(RepositoryPluginType.java:54)
	at org.pentaho.di.core.plugins.RepositoryPluginType.getInstance(RepositoryPluginType.java:64)
	at org.pentaho.di.kitchen.Kitchen.main(Kitchen.java:71)
	at sun.reflect.NativeMethodAccessorImpl.invoke0(Native Method)
	at sun.reflect.NativeMethodAccessorImpl.invoke(NativeMethodAccessorImpl.java:62)
	at sun.reflect.DelegatingMethodAccessorImpl.invoke(DelegatingMethodAccessorImpl.java:43)
	at java.lang.reflect.Method.invoke(Method.java:498)
	at org.pentaho.commons.launcher.Launcher.main(Launcher.java:92)
log4j:ERROR Either File or DatePattern options are not set for appender [PENTAHOFILE].
2021/02/05 10:55:11 - Kitchen - Logging is at level : Detailed
log4j:WARN No appenders could be found for logger (org.pentaho.di).
log4j:WARN Please initialize the log4j system properly.
log4j:WARN See http://logging.apache.org/log4j/1.2/faq.html#noconfig for more info.
2021/02/05 10:55:11 - Kitchen - Start of run.
2021/02/05 10:55:13 - cc_init_check - Start of job execution
2021/02/05 10:55:13 - cc_init_check - exec(0, 0, START.0)
2021/02/05 10:55:13 - START - Starting job entry
2021/02/05 10:55:13 - cc_init_check - Starting entry [Check Db connections]
2021/02/05 10:55:13 - cc_init_check - exec(1, 0, Check Db connections.0)
2021/02/05 10:55:13 - Check Db connections - Starting job entry
2021/02/05 10:55:13 - ACD - New database connection defined
2021/02/05 10:55:13 - Check Db connections - Connected to database [${JNDI_ACD_SOURCE}] (connection [ACD])...
2021/02/05 10:55:13 - Check Db connections - We can successfully connect to database [${JNDI_ACD_SOURCE}] (connection [ACD])
2021/02/05 10:55:13 - ACD - Connection to database closed!
2021/02/05 10:55:13 - MAXDAT - New database connection defined
2021/02/05 10:55:13 - MAXDAT - Creating database connection pool for 'MAXDAT'...
2021/02/05 10:55:21 - MAXDAT - Successfully created database connection pool for 'MAXDAT'
2021/02/05 10:55:21 - MAXDAT - launch DDL statement: 
2021/02/05 10:55:21 - MAXDAT - ALTER SESSION SET CURRENT_SCHEMA = CISCO_ENTERPRISE_CC
2021/02/05 10:55:21 - MAXDAT - 1 statement executed
2021/02/05 10:55:21 - MAXDAT - Executed connect time SQL statements:
2021/02/05 10:55:21 - MAXDAT - ALTER SESSION SET CURRENT_SCHEMA = CISCO_ENTERPRISE_CC;
2021/02/05 10:55:21 - Check Db connections - Connected to database [${DB_MAXDAT_NAME}] (connection [MAXDAT])...
2021/02/05 10:55:21 - Check Db connections - We can successfully connect to database [${DB_MAXDAT_NAME}] (connection [MAXDAT])
2021/02/05 10:55:21 - MAXDAT - Connection to database closed!
2021/02/05 10:55:21 - Check Db connections - =======================================
2021/02/05 10:55:21 - Check Db connections - [0] connections were in error.
2021/02/05 10:55:21 - Check Db connections - [2] connections were successfully checked.
2021/02/05 10:55:21 - Check Db connections - =======================================
2021/02/05 10:55:21 - cc_init_check - Starting entry [Write To Log]
2021/02/05 10:55:21 - cc_init_check - exec(2, 0, Write To Log.0)
2021/02/05 10:55:21 - Write To Log - Starting job entry
2021/02/05 10:55:21 -  - *** Success ***
2021/02/05 10:55:21 - cc_init_check - Starting entry [Success]
2021/02/05 10:55:21 - cc_init_check - exec(3, 0, Success.0)
2021/02/05 10:55:21 - Success - Starting job entry
2021/02/05 10:55:21 - cc_init_check - Finished job entry [Success] (result=[true])
2021/02/05 10:55:21 - cc_init_check - Finished job entry [Write To Log] (result=[true])
2021/02/05 10:55:21 - cc_init_check - Finished job entry [Check Db connections] (result=[true])
2021/02/05 10:55:21 - cc_init_check - Job execution finished
2021/02/05 10:55:21 - Kitchen - Finished!
2021/02/05 10:55:21 - Kitchen - Start=2021/02/05 10:55:11.457, Stop=2021/02/05 10:55:21.546
2021/02/05 10:55:21 - Kitchen - Processing ended after 10 seconds.
