#######################################################################
WARNING:  no libwebkitgtk-1.0 detected, some features will be unavailable
    Consider installing the package with apt-get or yum.
    e.g. 'sudo apt-get install libwebkitgtk-1.0-0'
#######################################################################
Java HotSpot(TM) 64-Bit Server VM warning: ignoring option MaxPermSize=256m; support was removed in 8.0
2020/04/16 23:32:13 - Kitchen - Logging is at level : Detailed
log4j:WARN No appenders could be found for logger (org.pentaho.di).
log4j:WARN Please initialize the log4j system properly.
log4j:WARN See http://logging.apache.org/log4j/1.2/faq.html#noconfig for more info.
2020/04/16 23:32:13 - Kitchen - Start of run.
2020/04/16 23:32:15 - cc_init_check - Start of job execution
2020/04/16 23:32:15 - cc_init_check - exec(0, 0, START.0)
2020/04/16 23:32:15 - START - Starting job entry
2020/04/16 23:32:15 - cc_init_check - Starting entry [Check Db connections]
2020/04/16 23:32:15 - cc_init_check - exec(1, 0, Check Db connections.0)
2020/04/16 23:32:15 - Check Db connections - Starting job entry
2020/04/16 23:32:15 - ACD - New database connection defined
2020/04/16 23:32:16 - Check Db connections - Connected to database [${JNDI_ACD_SOURCE}] (connection [ACD])...
2020/04/16 23:32:16 - Check Db connections - We can successfully connect to database [${JNDI_ACD_SOURCE}] (connection [ACD])
2020/04/16 23:32:16 - ACD - Connection to database closed!
2020/04/16 23:32:16 - MAXDAT - New database connection defined
2020/04/16 23:32:16 - MAXDAT - Creating database connection pool for 'MAXDAT'...
2020/04/16 23:32:20 - MAXDAT - Successfully created database connection pool for 'MAXDAT'
2020/04/16 23:32:20 - MAXDAT - launch DDL statement: 
2020/04/16 23:32:20 - MAXDAT - ALTER SESSION SET CURRENT_SCHEMA = CISCO_ENTERPRISE_CC
2020/04/16 23:32:20 - MAXDAT - 1 statement executed
2020/04/16 23:32:20 - MAXDAT - Executed connect time SQL statements:
2020/04/16 23:32:20 - MAXDAT - ALTER SESSION SET CURRENT_SCHEMA = CISCO_ENTERPRISE_CC;
2020/04/16 23:32:20 - Check Db connections - Connected to database [${DB_MAXDAT_NAME}] (connection [MAXDAT])...
2020/04/16 23:32:20 - Check Db connections - We can successfully connect to database [${DB_MAXDAT_NAME}] (connection [MAXDAT])
2020/04/16 23:32:20 - MAXDAT - Connection to database closed!
2020/04/16 23:32:20 - Check Db connections - =======================================
2020/04/16 23:32:20 - Check Db connections - [0] connections were in error.
2020/04/16 23:32:20 - Check Db connections - [2] connections were successfully checked.
2020/04/16 23:32:20 - Check Db connections - =======================================
2020/04/16 23:32:20 - cc_init_check - Starting entry [Write To Log]
2020/04/16 23:32:20 - cc_init_check - exec(2, 0, Write To Log.0)
2020/04/16 23:32:20 - Write To Log - Starting job entry
2020/04/16 23:32:20 -  - *** Success ***
2020/04/16 23:32:20 - cc_init_check - Starting entry [Success]
2020/04/16 23:32:20 - cc_init_check - exec(3, 0, Success.0)
2020/04/16 23:32:20 - Success - Starting job entry
2020/04/16 23:32:20 - cc_init_check - Finished job entry [Success] (result=[true])
2020/04/16 23:32:20 - cc_init_check - Finished job entry [Write To Log] (result=[true])
2020/04/16 23:32:20 - cc_init_check - Finished job entry [Check Db connections] (result=[true])
2020/04/16 23:32:20 - cc_init_check - Job execution finished
2020/04/16 23:32:20 - Kitchen - Finished!
2020/04/16 23:32:20 - Kitchen - Start=2020/04/16 23:32:13.548, Stop=2020/04/16 23:32:20.732
2020/04/16 23:32:20 - Kitchen - Processing ended after 7 seconds.
