#######################################################################
WARNING:  no libwebkitgtk-1.0 detected, some features will be unavailable
    Consider installing the package with apt-get or yum.
    e.g. 'sudo apt-get install libwebkitgtk-1.0-0'
#######################################################################
Java HotSpot(TM) 64-Bit Server VM warning: ignoring option MaxPermSize=256m; support was removed in 8.0
2020/04/27 17:16:02 - Kitchen - Logging is at level : Detailed
log4j:WARN No appenders could be found for logger (org.pentaho.di).
log4j:WARN Please initialize the log4j system properly.
log4j:WARN See http://logging.apache.org/log4j/1.2/faq.html#noconfig for more info.
2020/04/27 17:16:03 - Kitchen - Start of run.
2020/04/27 17:16:04 - load_CALL_Provider_Transfers - Start of job execution
2020/04/27 17:16:04 - load_CALL_Provider_Transfers - exec(0, 0, START.0)
2020/04/27 17:16:04 - START - Starting job entry
2020/04/27 17:16:04 - load_CALL_Provider_Transfers - Starting entry [log_CORP_ETL_JOB_STATS_job_start]
2020/04/27 17:16:04 - load_CALL_Provider_Transfers - exec(1, 0, log_CORP_ETL_JOB_STATS_job_start.0)
2020/04/27 17:16:04 - log_CORP_ETL_JOB_STATS_job_start - Starting job entry
2020/04/27 17:16:04 - log_CORP_ETL_JOB_STATS_job_start - Opening transformation: [/u01/maximus/maxdat-dev/CALL8/scripts/main\transforms\utility\log_CORP_ETL_JOB_STATS_job_start.ktr]
2020/04/27 17:16:05 - log_CORP_ETL_JOB_STATS_job_start - Starting transformation...(file=${cc.project.main.directory}\transforms\utility\log_CORP_ETL_JOB_STATS_job_start.ktr, name=log_CORP_ETL_JOB_STATS_job_start, repinfo=null)
2020/04/27 17:16:05 - log_CORP_ETL_JOB_STATS_job_start - Using run configuration [Pentaho local]
2020/04/27 17:16:05 - log_CORP_ETL_JOB_STATS_job_start - Using legacy execution engine
2020/04/27 17:16:05 - log_CORP_ETL_JOB_STATISTICS_job_start - Transformation is pre-loaded.
2020/04/27 17:16:05 - log_CORP_ETL_JOB_STATISTICS_job_start - Dispatching started for transformation [log_CORP_ETL_JOB_STATISTICS_job_start]
2020/04/27 17:16:05 - log_CORP_ETL_JOB_STATISTICS_job_start - Nr of arguments detected:26 
2020/04/27 17:16:05 - log_CORP_ETL_JOB_STATISTICS_job_start - This is not a replay transformation
2020/04/27 17:16:05 - log_CORP_ETL_JOB_STATISTICS_job_start - I found 10 different steps to launch.
2020/04/27 17:16:05 - log_CORP_ETL_JOB_STATISTICS_job_start - Allocating rowsets...
2020/04/27 17:16:05 - log_CORP_ETL_JOB_STATISTICS_job_start -  Allocating rowsets for step 0 --> Add sequence
2020/04/27 17:16:05 - log_CORP_ETL_JOB_STATISTICS_job_start -   prevcopies = 1, nextcopies=1
2020/04/27 17:16:05 - log_CORP_ETL_JOB_STATISTICS_job_start - Transformation allocated new rowset [Add sequence.0 - Add status code.0]
2020/04/27 17:16:05 - log_CORP_ETL_JOB_STATISTICS_job_start -   prevcopies = 1, nextcopies=1
2020/04/27 17:16:05 - log_CORP_ETL_JOB_STATISTICS_job_start - Transformation allocated new rowset [Add sequence.0 - Set Sequence Variable.0]
2020/04/27 17:16:05 - log_CORP_ETL_JOB_STATISTICS_job_start -  Allocated 2 rowsets for step 0 --> Add sequence  
2020/04/27 17:16:05 - log_CORP_ETL_JOB_STATISTICS_job_start -  Allocating rowsets for step 1 --> Add status code
2020/04/27 17:16:05 - log_CORP_ETL_JOB_STATISTICS_job_start -   prevcopies = 1, nextcopies=1
2020/04/27 17:16:05 - log_CORP_ETL_JOB_STATISTICS_job_start - Transformation allocated new rowset [Add status code.0 - Get Parent Job Name.0]
2020/04/27 17:16:05 - log_CORP_ETL_JOB_STATISTICS_job_start -  Allocated 3 rowsets for step 1 --> Add status code  
2020/04/27 17:16:05 - log_CORP_ETL_JOB_STATISTICS_job_start -  Allocating rowsets for step 2 --> Set Sequence Variable
2020/04/27 17:16:05 - log_CORP_ETL_JOB_STATISTICS_job_start -  Allocated 3 rowsets for step 2 --> Set Sequence Variable  
2020/04/27 17:16:05 - log_CORP_ETL_JOB_STATISTICS_job_start -  Allocating rowsets for step 3 --> Get Parent Job Name
2020/04/27 17:16:05 - log_CORP_ETL_JOB_STATISTICS_job_start -   prevcopies = 1, nextcopies=1
2020/04/27 17:16:05 - log_CORP_ETL_JOB_STATISTICS_job_start - Transformation allocated new rowset [Get Parent Job Name.0 - Is grandparent job seq num null?.0]
2020/04/27 17:16:05 - log_CORP_ETL_JOB_STATISTICS_job_start -  Allocated 4 rowsets for step 3 --> Get Parent Job Name  
2020/04/27 17:16:05 - log_CORP_ETL_JOB_STATISTICS_job_start -  Allocating rowsets for step 4 --> Is grandparent job seq num null?
2020/04/27 17:16:05 - log_CORP_ETL_JOB_STATISTICS_job_start -   prevcopies = 1, nextcopies=1
2020/04/27 17:16:05 - log_CORP_ETL_JOB_STATISTICS_job_start - Transformation allocated new rowset [Is grandparent job seq num null?.0 - Set parent job seq num to current job seq num.0]
2020/04/27 17:16:05 - log_CORP_ETL_JOB_STATISTICS_job_start -   prevcopies = 1, nextcopies=1
2020/04/27 17:16:05 - log_CORP_ETL_JOB_STATISTICS_job_start - Transformation allocated new rowset [Is grandparent job seq num null?.0 - Insert / Update CORP_ETL_JOB_STATISTICS.0]
2020/04/27 17:16:05 - log_CORP_ETL_JOB_STATISTICS_job_start -  Allocated 6 rowsets for step 4 --> Is grandparent job seq num null?  
2020/04/27 17:16:05 - log_CORP_ETL_JOB_STATISTICS_job_start -  Allocating rowsets for step 5 --> Set parent job seq num to current job seq num
2020/04/27 17:16:05 - log_CORP_ETL_JOB_STATISTICS_job_start -   prevcopies = 1, nextcopies=1
2020/04/27 17:16:05 - log_CORP_ETL_JOB_STATISTICS_job_start - Transformation allocated new rowset [Set parent job seq num to current job seq num.0 - Insert / Update CORP_ETL_JOB_STATISTICS.0]
2020/04/27 17:16:05 - log_CORP_ETL_JOB_STATISTICS_job_start -  Allocated 7 rowsets for step 5 --> Set parent job seq num to current job seq num  
2020/04/27 17:16:05 - log_CORP_ETL_JOB_STATISTICS_job_start -  Allocating rowsets for step 6 --> Insert / Update CORP_ETL_JOB_STATISTICS
2020/04/27 17:16:05 - log_CORP_ETL_JOB_STATISTICS_job_start -  Allocated 7 rowsets for step 6 --> Insert / Update CORP_ETL_JOB_STATISTICS  
2020/04/27 17:16:05 - log_CORP_ETL_JOB_STATISTICS_job_start -  Allocating rowsets for step 7 --> Get System Info
2020/04/27 17:16:05 - log_CORP_ETL_JOB_STATISTICS_job_start -   prevcopies = 1, nextcopies=1
2020/04/27 17:16:05 - log_CORP_ETL_JOB_STATISTICS_job_start - Transformation allocated new rowset [Get System Info.0 - Get Parent Job Seq Number.0]
2020/04/27 17:16:05 - log_CORP_ETL_JOB_STATISTICS_job_start -  Allocated 8 rowsets for step 7 --> Get System Info  
2020/04/27 17:16:05 - log_CORP_ETL_JOB_STATISTICS_job_start -  Allocating rowsets for step 8 --> Get Parent Job Seq Number
2020/04/27 17:16:05 - log_CORP_ETL_JOB_STATISTICS_job_start -   prevcopies = 1, nextcopies=1
2020/04/27 17:16:05 - log_CORP_ETL_JOB_STATISTICS_job_start - Transformation allocated new rowset [Get Parent Job Seq Number.0 - Format Seq Num.0]
2020/04/27 17:16:05 - log_CORP_ETL_JOB_STATISTICS_job_start -  Allocated 9 rowsets for step 8 --> Get Parent Job Seq Number  
2020/04/27 17:16:05 - log_CORP_ETL_JOB_STATISTICS_job_start -  Allocating rowsets for step 9 --> Format Seq Num
2020/04/27 17:16:05 - log_CORP_ETL_JOB_STATISTICS_job_start -   prevcopies = 1, nextcopies=1
2020/04/27 17:16:05 - log_CORP_ETL_JOB_STATISTICS_job_start - Transformation allocated new rowset [Format Seq Num.0 - Add sequence.0]
2020/04/27 17:16:05 - log_CORP_ETL_JOB_STATISTICS_job_start -  Allocated 10 rowsets for step 9 --> Format Seq Num  
2020/04/27 17:16:05 - log_CORP_ETL_JOB_STATISTICS_job_start - Allocating Steps & StepData...
2020/04/27 17:16:05 - log_CORP_ETL_JOB_STATISTICS_job_start -  Transformation is about to allocate step [Add sequence] of type [Sequence]
2020/04/27 17:16:05 - Add sequence.0 - distribution de-activated
2020/04/27 17:16:05 - Add sequence.0 - Starting allocation of buffers & new threads...
2020/04/27 17:16:05 - Add sequence.0 - Step info: nrinput=1 nroutput=2
2020/04/27 17:16:05 - Add sequence.0 - Got previous step from [Add sequence] #0 --> Format Seq Num
2020/04/27 17:16:05 - Add sequence.0 - input rel is 1:1
2020/04/27 17:16:05 - Add sequence.0 - Found input rowset [Format Seq Num.0 - Add sequence.0]
2020/04/27 17:16:05 - Add sequence.0 - output rel. is  1:1
2020/04/27 17:16:05 - Add sequence.0 - Found output rowset [Add sequence.0 - Add status code.0]
2020/04/27 17:16:05 - Add sequence.0 - output rel. is  1:1
2020/04/27 17:16:05 - Add sequence.0 - Found output rowset [Add sequence.0 - Set Sequence Variable.0]
2020/04/27 17:16:05 - Add sequence.0 - Finished dispatching
2020/04/27 17:16:05 - log_CORP_ETL_JOB_STATISTICS_job_start -  Transformation has allocated a new step: [Add sequence].0
2020/04/27 17:16:05 - log_CORP_ETL_JOB_STATISTICS_job_start -  Transformation is about to allocate step [Add status code] of type [Constant]
2020/04/27 17:16:05 - Add status code.0 - distribution activated
2020/04/27 17:16:05 - Add status code.0 - Starting allocation of buffers & new threads...
2020/04/27 17:16:05 - Add status code.0 - Step info: nrinput=1 nroutput=1
2020/04/27 17:16:05 - Add status code.0 - Got previous step from [Add status code] #0 --> Add sequence
2020/04/27 17:16:05 - Add status code.0 - input rel is 1:1
2020/04/27 17:16:05 - Add status code.0 - Found input rowset [Add sequence.0 - Add status code.0]
2020/04/27 17:16:05 - Add status code.0 - output rel. is  1:1
2020/04/27 17:16:05 - Add status code.0 - Found output rowset [Add status code.0 - Get Parent Job Name.0]
2020/04/27 17:16:05 - Add status code.0 - Finished dispatching
2020/04/27 17:16:05 - log_CORP_ETL_JOB_STATISTICS_job_start -  Transformation has allocated a new step: [Add status code].0
2020/04/27 17:16:05 - log_CORP_ETL_JOB_STATISTICS_job_start -  Transformation is about to allocate step [Set Sequence Variable] of type [SetVariable]
2020/04/27 17:16:05 - Set Sequence Variable.0 - distribution activated
2020/04/27 17:16:05 - Set Sequence Variable.0 - Starting allocation of buffers & new threads...
2020/04/27 17:16:05 - Set Sequence Variable.0 - Step info: nrinput=1 nroutput=0
2020/04/27 17:16:05 - Set Sequence Variable.0 - Got previous step from [Set Sequence Variable] #0 --> Add sequence
2020/04/27 17:16:05 - Set Sequence Variable.0 - input rel is 1:1
2020/04/27 17:16:05 - Set Sequence Variable.0 - Found input rowset [Add sequence.0 - Set Sequence Variable.0]
2020/04/27 17:16:05 - Set Sequence Variable.0 - Finished dispatching
2020/04/27 17:16:05 - log_CORP_ETL_JOB_STATISTICS_job_start -  Transformation has allocated a new step: [Set Sequence Variable].0
2020/04/27 17:16:05 - log_CORP_ETL_JOB_STATISTICS_job_start -  Transformation is about to allocate step [Get Parent Job Name] of type [ScriptValueMod]
2020/04/27 17:16:05 - Get Parent Job Name.0 - distribution activated
2020/04/27 17:16:05 - Get Parent Job Name.0 - Starting allocation of buffers & new threads...
2020/04/27 17:16:05 - Get Parent Job Name.0 - Step info: nrinput=1 nroutput=1
2020/04/27 17:16:05 - Get Parent Job Name.0 - Got previous step from [Get Parent Job Name] #0 --> Add status code
2020/04/27 17:16:05 - Get Parent Job Name.0 - input rel is 1:1
2020/04/27 17:16:05 - Get Parent Job Name.0 - Found input rowset [Add status code.0 - Get Parent Job Name.0]
2020/04/27 17:16:05 - Get Parent Job Name.0 - output rel. is  1:1
2020/04/27 17:16:05 - Get Parent Job Name.0 - Found output rowset [Get Parent Job Name.0 - Is grandparent job seq num null?.0]
2020/04/27 17:16:05 - Get Parent Job Name.0 - Finished dispatching
2020/04/27 17:16:05 - log_CORP_ETL_JOB_STATISTICS_job_start -  Transformation has allocated a new step: [Get Parent Job Name].0
2020/04/27 17:16:05 - log_CORP_ETL_JOB_STATISTICS_job_start -  Transformation is about to allocate step [Is grandparent job seq num null?] of type [FilterRows]
2020/04/27 17:16:05 - Is grandparent job seq num null?.0 - distribution activated
2020/04/27 17:16:05 - Is grandparent job seq num null?.0 - Starting allocation of buffers & new threads...
2020/04/27 17:16:05 - Is grandparent job seq num null?.0 - Step info: nrinput=1 nroutput=2
2020/04/27 17:16:05 - Is grandparent job seq num null?.0 - Got previous step from [Is grandparent job seq num null?] #0 --> Get Parent Job Name
2020/04/27 17:16:05 - Is grandparent job seq num null?.0 - input rel is 1:1
2020/04/27 17:16:05 - Is grandparent job seq num null?.0 - Found input rowset [Get Parent Job Name.0 - Is grandparent job seq num null?.0]
2020/04/27 17:16:05 - Is grandparent job seq num null?.0 - output rel. is  1:1
2020/04/27 17:16:05 - Is grandparent job seq num null?.0 - Found output rowset [Is grandparent job seq num null?.0 - Set parent job seq num to current job seq num.0]
2020/04/27 17:16:05 - Is grandparent job seq num null?.0 - output rel. is  1:1
2020/04/27 17:16:05 - Is grandparent job seq num null?.0 - Found output rowset [Is grandparent job seq num null?.0 - Insert / Update CORP_ETL_JOB_STATISTICS.0]
2020/04/27 17:16:05 - Is grandparent job seq num null?.0 - Finished dispatching
2020/04/27 17:16:05 - log_CORP_ETL_JOB_STATISTICS_job_start -  Transformation has allocated a new step: [Is grandparent job seq num null?].0
2020/04/27 17:16:05 - log_CORP_ETL_JOB_STATISTICS_job_start -  Transformation is about to allocate step [Set parent job seq num to current job seq num] of type [SetValueField]
2020/04/27 17:16:05 - Set parent job seq num to current job seq num.0 - distribution activated
2020/04/27 17:16:05 - Set parent job seq num to current job seq num.0 - Starting allocation of buffers & new threads...
2020/04/27 17:16:05 - Set parent job seq num to current job seq num.0 - Step info: nrinput=1 nroutput=1
2020/04/27 17:16:05 - Set parent job seq num to current job seq num.0 - Got previous step from [Set parent job seq num to current job seq num] #0 --> Is grandparent job seq num null?
2020/04/27 17:16:05 - Set parent job seq num to current job seq num.0 - input rel is 1:1
2020/04/27 17:16:05 - Set parent job seq num to current job seq num.0 - Found input rowset [Is grandparent job seq num null?.0 - Set parent job seq num to current job seq num.0]
2020/04/27 17:16:05 - Set parent job seq num to current job seq num.0 - output rel. is  1:1
2020/04/27 17:16:05 - Set parent job seq num to current job seq num.0 - Found output rowset [Set parent job seq num to current job seq num.0 - Insert / Update CORP_ETL_JOB_STATISTICS.0]
2020/04/27 17:16:05 - Set parent job seq num to current job seq num.0 - Finished dispatching
2020/04/27 17:16:05 - log_CORP_ETL_JOB_STATISTICS_job_start -  Transformation has allocated a new step: [Set parent job seq num to current job seq num].0
2020/04/27 17:16:05 - log_CORP_ETL_JOB_STATISTICS_job_start -  Transformation is about to allocate step [Insert / Update CORP_ETL_JOB_STATISTICS] of type [InsertUpdate]
2020/04/27 17:16:05 - Insert / Update CORP_ETL_JOB_STATISTICS.0 - distribution activated
2020/04/27 17:16:05 - Insert / Update CORP_ETL_JOB_STATISTICS.0 - Starting allocation of buffers & new threads...
2020/04/27 17:16:05 - Insert / Update CORP_ETL_JOB_STATISTICS.0 - Step info: nrinput=2 nroutput=0
2020/04/27 17:16:05 - Insert / Update CORP_ETL_JOB_STATISTICS.0 - Got previous step from [Insert / Update CORP_ETL_JOB_STATISTICS] #0 --> Is grandparent job seq num null?
2020/04/27 17:16:05 - Insert / Update CORP_ETL_JOB_STATISTICS.0 - input rel is 1:1
2020/04/27 17:16:05 - Insert / Update CORP_ETL_JOB_STATISTICS.0 - Found input rowset [Is grandparent job seq num null?.0 - Insert / Update CORP_ETL_JOB_STATISTICS.0]
2020/04/27 17:16:05 - Insert / Update CORP_ETL_JOB_STATISTICS.0 - Got previous step from [Insert / Update CORP_ETL_JOB_STATISTICS] #1 --> Set parent job seq num to current job seq num
2020/04/27 17:16:05 - Insert / Update CORP_ETL_JOB_STATISTICS.0 - input rel is 1:1
2020/04/27 17:16:05 - Insert / Update CORP_ETL_JOB_STATISTICS.0 - Found input rowset [Set parent job seq num to current job seq num.0 - Insert / Update CORP_ETL_JOB_STATISTICS.0]
2020/04/27 17:16:05 - Insert / Update CORP_ETL_JOB_STATISTICS.0 - Finished dispatching
2020/04/27 17:16:05 - log_CORP_ETL_JOB_STATISTICS_job_start -  Transformation has allocated a new step: [Insert / Update CORP_ETL_JOB_STATISTICS].0
2020/04/27 17:16:05 - log_CORP_ETL_JOB_STATISTICS_job_start -  Transformation is about to allocate step [Get System Info] of type [SystemInfo]
2020/04/27 17:16:05 - Get System Info.0 - distribution activated
2020/04/27 17:16:05 - Get System Info.0 - Starting allocation of buffers & new threads...
2020/04/27 17:16:05 - Get System Info.0 - Step info: nrinput=0 nroutput=1
2020/04/27 17:16:05 - Get System Info.0 - output rel. is  1:1
2020/04/27 17:16:05 - Get System Info.0 - Found output rowset [Get System Info.0 - Get Parent Job Seq Number.0]
2020/04/27 17:16:05 - Get System Info.0 - Finished dispatching
2020/04/27 17:16:05 - log_CORP_ETL_JOB_STATISTICS_job_start -  Transformation has allocated a new step: [Get System Info].0
2020/04/27 17:16:05 - log_CORP_ETL_JOB_STATISTICS_job_start -  Transformation is about to allocate step [Get Parent Job Seq Number] of type [ScriptValueMod]
2020/04/27 17:16:05 - Get Parent Job Seq Number.0 - distribution activated
2020/04/27 17:16:05 - Get Parent Job Seq Number.0 - Starting allocation of buffers & new threads...
2020/04/27 17:16:05 - Get Parent Job Seq Number.0 - Step info: nrinput=1 nroutput=1
2020/04/27 17:16:05 - Get Parent Job Seq Number.0 - Got previous step from [Get Parent Job Seq Number] #0 --> Get System Info
2020/04/27 17:16:05 - Get Parent Job Seq Number.0 - input rel is 1:1
2020/04/27 17:16:05 - Get Parent Job Seq Number.0 - Found input rowset [Get System Info.0 - Get Parent Job Seq Number.0]
2020/04/27 17:16:05 - Get Parent Job Seq Number.0 - output rel. is  1:1
2020/04/27 17:16:05 - Get Parent Job Seq Number.0 - Found output rowset [Get Parent Job Seq Number.0 - Format Seq Num.0]
2020/04/27 17:16:05 - Get Parent Job Seq Number.0 - Finished dispatching
2020/04/27 17:16:05 - log_CORP_ETL_JOB_STATISTICS_job_start -  Transformation has allocated a new step: [Get Parent Job Seq Number].0
2020/04/27 17:16:05 - log_CORP_ETL_JOB_STATISTICS_job_start -  Transformation is about to allocate step [Format Seq Num] of type [SelectValues]
2020/04/27 17:16:05 - Format Seq Num.0 - distribution activated
2020/04/27 17:16:05 - Format Seq Num.0 - Starting allocation of buffers & new threads...
2020/04/27 17:16:05 - Format Seq Num.0 - Step info: nrinput=1 nroutput=1
2020/04/27 17:16:05 - Format Seq Num.0 - Got previous step from [Format Seq Num] #0 --> Get Parent Job Seq Number
2020/04/27 17:16:05 - Format Seq Num.0 - input rel is 1:1
2020/04/27 17:16:05 - Format Seq Num.0 - Found input rowset [Get Parent Job Seq Number.0 - Format Seq Num.0]
2020/04/27 17:16:05 - Format Seq Num.0 - output rel. is  1:1
2020/04/27 17:16:05 - Format Seq Num.0 - Found output rowset [Format Seq Num.0 - Add sequence.0]
2020/04/27 17:16:05 - Format Seq Num.0 - Finished dispatching
2020/04/27 17:16:05 - log_CORP_ETL_JOB_STATISTICS_job_start -  Transformation has allocated a new step: [Format Seq Num].0
2020/04/27 17:16:05 - log_CORP_ETL_JOB_STATISTICS_job_start - This transformation can be replayed with replay date: 2020/04/27 17:16:05
2020/04/27 17:16:05 - log_CORP_ETL_JOB_STATISTICS_job_start - Initialising 10 steps...
2020/04/27 17:16:05 - Add sequence.0 - Released server socket on port 0
2020/04/27 17:16:05 - Add status code.0 - Released server socket on port 0
2020/04/27 17:16:05 - Set Sequence Variable.0 - Released server socket on port 0
2020/04/27 17:16:05 - Get Parent Job Name.0 - Released server socket on port 0
2020/04/27 17:16:05 - Is grandparent job seq num null?.0 - Released server socket on port 0
2020/04/27 17:16:05 - Insert / Update CORP_ETL_JOB_STATISTICS.0 - Released server socket on port 0
2020/04/27 17:16:05 - Get System Info.0 - Released server socket on port 0
2020/04/27 17:16:05 - Set parent job seq num to current job seq num.0 - Released server socket on port 0
2020/04/27 17:16:05 - Get Parent Job Seq Number.0 - Released server socket on port 0
2020/04/27 17:16:05 - Format Seq Num.0 - Released server socket on port 0
2020/04/27 17:16:05 - MAXDAT - New database connection defined
2020/04/27 17:16:05 - MAXDAT - Creating database connection pool for 'MAXDAT'...
2020/04/27 17:16:05 - MAXDAT - New database connection defined
2020/04/27 17:16:08 - MAXDAT - Successfully created database connection pool for 'MAXDAT'
2020/04/27 17:16:08 - MAXDAT - launch DDL statement: 
2020/04/27 17:16:08 - MAXDAT - ALTER SESSION SET CURRENT_SCHEMA = CISCO_ENTERPRISE_CC
2020/04/27 17:16:08 - MAXDAT - launch DDL statement: 
2020/04/27 17:16:08 - MAXDAT - ALTER SESSION SET CURRENT_SCHEMA = CISCO_ENTERPRISE_CC
2020/04/27 17:16:08 - MAXDAT - 1 statement executed
2020/04/27 17:16:08 - MAXDAT - Executed connect time SQL statements:
2020/04/27 17:16:08 - MAXDAT - ALTER SESSION SET CURRENT_SCHEMA = CISCO_ENTERPRISE_CC;
2020/04/27 17:16:08 - MAXDAT - Auto commit off
2020/04/27 17:16:08 - MAXDAT - 1 statement executed
2020/04/27 17:16:08 - MAXDAT - Executed connect time SQL statements:
2020/04/27 17:16:08 - MAXDAT - ALTER SESSION SET CURRENT_SCHEMA = CISCO_ENTERPRISE_CC;
2020/04/27 17:16:08 - Add sequence.0 - Connected to database...
2020/04/27 17:16:08 - log_CORP_ETL_JOB_STATISTICS_job_start - Step [Add sequence.0] initialized flawlessly.
2020/04/27 17:16:08 - log_CORP_ETL_JOB_STATISTICS_job_start - Step [Add status code.0] initialized flawlessly.
2020/04/27 17:16:08 - log_CORP_ETL_JOB_STATISTICS_job_start - Step [Set Sequence Variable.0] initialized flawlessly.
2020/04/27 17:16:08 - log_CORP_ETL_JOB_STATISTICS_job_start - Step [Get Parent Job Name.0] initialized flawlessly.
2020/04/27 17:16:08 - log_CORP_ETL_JOB_STATISTICS_job_start - Step [Is grandparent job seq num null?.0] initialized flawlessly.
2020/04/27 17:16:08 - log_CORP_ETL_JOB_STATISTICS_job_start - Step [Set parent job seq num to current job seq num.0] initialized flawlessly.
2020/04/27 17:16:08 - log_CORP_ETL_JOB_STATISTICS_job_start - Step [Insert / Update CORP_ETL_JOB_STATISTICS.0] initialized flawlessly.
2020/04/27 17:16:08 - log_CORP_ETL_JOB_STATISTICS_job_start - Step [Get System Info.0] initialized flawlessly.
2020/04/27 17:16:08 - log_CORP_ETL_JOB_STATISTICS_job_start - Step [Get Parent Job Seq Number.0] initialized flawlessly.
2020/04/27 17:16:08 - log_CORP_ETL_JOB_STATISTICS_job_start - Step [Format Seq Num.0] initialized flawlessly.
2020/04/27 17:16:08 - Add status code.0 - Starting to run...
2020/04/27 17:16:08 - Add sequence.0 - Starting to run...
2020/04/27 17:16:08 - Set Sequence Variable.0 - Starting to run...
2020/04/27 17:16:08 - Get Parent Job Name.0 - Starting to run...
2020/04/27 17:16:08 - Is grandparent job seq num null?.0 - Starting to run...
2020/04/27 17:16:08 - Insert / Update CORP_ETL_JOB_STATISTICS.0 - Starting to run...
2020/04/27 17:16:08 - Get System Info.0 - Starting to run...
2020/04/27 17:16:08 - Set parent job seq num to current job seq num.0 - Starting to run...
2020/04/27 17:16:08 - Get Parent Job Seq Number.0 - Starting to run...
2020/04/27 17:16:08 - Format Seq Num.0 - Starting to run...
2020/04/27 17:16:08 - log_CORP_ETL_JOB_STATISTICS_job_start - Transformation has allocated 10 threads and 10 rowsets.
2020/04/27 17:16:08 - Get System Info.0 - Finished processing (I=0, O=0, R=1, W=1, U=0, E=0)
2020/04/27 17:16:08 - Get Parent Job Seq Number.0 - This script is using 0 values from the input stream(s)
2020/04/27 17:16:08 - Get Parent Job Seq Number.0 - Optimization level set to 9.
2020/04/27 17:16:08 - Get Parent Job Seq Number.0 - No starting Script found!
2020/04/27 17:16:09 - Get Parent Job Seq Number.0 - No tran_Status found. Transformation status checking not available.
2020/04/27 17:16:09 - Get Parent Job Seq Number.0 - No end Script found!
2020/04/27 17:16:09 - Get Parent Job Seq Number.0 - Finished processing (I=0, O=0, R=1, W=1, U=0, E=0)
2020/04/27 17:16:09 - Format Seq Num.0 - Finished processing (I=0, O=0, R=1, W=1, U=0, E=0)
2020/04/27 17:16:09 - Set Sequence Variable.0 - Setting environment variables...
2020/04/27 17:16:09 - Add status code.0 - Finished processing (I=0, O=0, R=1, W=1, U=0, E=0)
2020/04/27 17:16:09 - Set Sequence Variable.0 - Set variable jobSeqNum to value [654]
2020/04/27 17:16:09 - Get Parent Job Name.0 - This script is using 0 values from the input stream(s)
2020/04/27 17:16:09 - Get Parent Job Name.0 - Optimization level set to 9.
2020/04/27 17:16:09 - MAXDAT - Connection to database closed!
2020/04/27 17:16:09 - Get Parent Job Name.0 - No starting Script found!
2020/04/27 17:16:09 - Set Sequence Variable.0 - Finished after 1 rows.
2020/04/27 17:16:09 - Set Sequence Variable.0 - Finished processing (I=0, O=0, R=1, W=1, U=0, E=0)
2020/04/27 17:16:09 - Add sequence.0 - Finished processing (I=0, O=0, R=1, W=2, U=0, E=0)
2020/04/27 17:16:09 - Get Parent Job Name.0 - No tran_Status found. Transformation status checking not available.
2020/04/27 17:16:09 - Insert / Update CORP_ETL_JOB_STATISTICS.0 - Setting preparedStatement to [SELECT JOB_ID, JOB_NAME, JOB_STATUS_CD, JOB_START_DATE, PARENT_JOB_ID FROM CISCO_ENTERPRISE_CC.CORP_ETL_JOB_STATISTICS WHERE  ( ( JOB_ID = ?  ) ) ]
2020/04/27 17:16:09 - MAXDAT - Preparing statement: 
2020/04/27 17:16:09 - MAXDAT - INSERT INTO CISCO_ENTERPRISE_CC.CORP_ETL_JOB_STATISTICS (JOB_ID, JOB_NAME, JOB_STATUS_CD, JOB_START_DATE, PARENT_JOB_ID) VALUES ( ?,  ?,  ?,  ?,  ?)
2020/04/27 17:16:09 - Insert / Update CORP_ETL_JOB_STATISTICS.0 - Setting update preparedStatement to [UPDATE CISCO_ENTERPRISE_CC.CORP_ETL_JOB_STATISTICS
2020/04/27 17:16:09 - Insert / Update CORP_ETL_JOB_STATISTICS.0 - SET JOB_NAME = ?
2020/04/27 17:16:09 - Insert / Update CORP_ETL_JOB_STATISTICS.0 - ,   JOB_STATUS_CD = ?
2020/04/27 17:16:09 - Insert / Update CORP_ETL_JOB_STATISTICS.0 - ,   JOB_START_DATE = ?
2020/04/27 17:16:09 - Insert / Update CORP_ETL_JOB_STATISTICS.0 - ,   PARENT_JOB_ID = ?
2020/04/27 17:16:09 - Insert / Update CORP_ETL_JOB_STATISTICS.0 - WHERE  ( ( JOB_ID = ?  ) ) ]
2020/04/27 17:16:09 - Get Parent Job Name.0 - No end Script found!
2020/04/27 17:16:09 - Get Parent Job Name.0 - Finished processing (I=0, O=0, R=1, W=1, U=0, E=0)
2020/04/27 17:16:09 - Is grandparent job seq num null?.0 - Finished processing (I=0, O=0, R=1, W=1, U=0, E=0)
2020/04/27 17:16:09 - Set parent job seq num to current job seq num.0 - Finished processing (I=0, O=0, R=1, W=1, U=0, E=0)
2020/04/27 17:16:09 - MAXDAT - Connection to database closed!
2020/04/27 17:16:09 - Insert / Update CORP_ETL_JOB_STATISTICS.0 - Finished processing (I=1, O=1, R=1, W=1, U=0, E=0)
2020/04/27 17:16:09 - load_CALL_Provider_Transfers - Starting entry [initialize_start_and_end_date]
2020/04/27 17:16:09 - load_CALL_Provider_Transfers - exec(2, 0, initialize_start_and_end_date.0)
2020/04/27 17:16:09 - initialize_start_and_end_date - Starting job entry
2020/04/27 17:16:09 - initialize_start_and_end_date - Opening transformation: [/u01/maximus/maxdat-dev/CALL8/scripts/main\transforms\initialize_start_and_end_dates.ktr]
2020/04/27 17:16:09 - initialize_start_and_end_date - Starting transformation...(file=${cc.project.main.directory}\transforms\initialize_start_and_end_dates.ktr, name=initialize_start_and_end_date, repinfo=null)
2020/04/27 17:16:09 - initialize_start_and_end_date - Using run configuration [Pentaho local]
2020/04/27 17:16:09 - initialize_start_and_end_date - Using legacy execution engine
2020/04/27 17:16:09 - initialize_start_and_end_date - Transformation is pre-loaded.
2020/04/27 17:16:09 - initialize_start_and_end_date - Dispatching started for transformation [initialize_start_and_end_date]
2020/04/27 17:16:09 - initialize_start_and_end_date - Nr of arguments detected:26 
2020/04/27 17:16:09 - initialize_start_and_end_date - This is not a replay transformation
2020/04/27 17:16:09 - initialize_start_and_end_date - I found 6 different steps to launch.
2020/04/27 17:16:09 - initialize_start_and_end_date - Allocating rowsets...
2020/04/27 17:16:09 - initialize_start_and_end_date -  Allocating rowsets for step 0 --> Get Start Date
2020/04/27 17:16:09 - initialize_start_and_end_date -   prevcopies = 1, nextcopies=1
2020/04/27 17:16:09 - initialize_start_and_end_date - Transformation allocated new rowset [Get Start Date.0 - Format numbers.0]
2020/04/27 17:16:09 - initialize_start_and_end_date -  Allocated 1 rowsets for step 0 --> Get Start Date  
2020/04/27 17:16:09 - initialize_start_and_end_date -  Allocating rowsets for step 1 --> Format numbers
2020/04/27 17:16:09 - initialize_start_and_end_date -   prevcopies = 1, nextcopies=1
2020/04/27 17:16:09 - initialize_start_and_end_date - Transformation allocated new rowset [Format numbers.0 - Get Provider Phone list.0]
2020/04/27 17:16:09 - initialize_start_and_end_date -  Allocated 2 rowsets for step 1 --> Format numbers  
2020/04/27 17:16:09 - initialize_start_and_end_date -  Allocating rowsets for step 2 --> Get Provider Phone list
2020/04/27 17:16:09 - initialize_start_and_end_date -   prevcopies = 1, nextcopies=1
2020/04/27 17:16:09 - initialize_start_and_end_date - Transformation allocated new rowset [Get Provider Phone list.0 - Format numbers 2.0]
2020/04/27 17:16:09 - initialize_start_and_end_date -  Allocated 3 rowsets for step 2 --> Get Provider Phone list  
2020/04/27 17:16:09 - initialize_start_and_end_date -  Allocating rowsets for step 3 --> Format numbers 2
2020/04/27 17:16:09 - initialize_start_and_end_date -   prevcopies = 1, nextcopies=1
2020/04/27 17:16:09 - initialize_start_and_end_date - Transformation allocated new rowset [Format numbers 2.0 - logStep.0]
2020/04/27 17:16:09 - initialize_start_and_end_date -  Allocated 4 rowsets for step 3 --> Format numbers 2  
2020/04/27 17:16:09 - initialize_start_and_end_date -  Allocating rowsets for step 4 --> logStep
2020/04/27 17:16:09 - initialize_start_and_end_date -   prevcopies = 1, nextcopies=1
2020/04/27 17:16:09 - initialize_start_and_end_date - Transformation allocated new rowset [logStep.0 - Set startDateTime and endDateTime.0]
2020/04/27 17:16:09 - initialize_start_and_end_date -  Allocated 5 rowsets for step 4 --> logStep  
2020/04/27 17:16:09 - initialize_start_and_end_date -  Allocating rowsets for step 5 --> Set startDateTime and endDateTime
2020/04/27 17:16:09 - initialize_start_and_end_date -  Allocated 5 rowsets for step 5 --> Set startDateTime and endDateTime  
2020/04/27 17:16:09 - initialize_start_and_end_date - Allocating Steps & StepData...
2020/04/27 17:16:09 - initialize_start_and_end_date -  Transformation is about to allocate step [Get Start Date] of type [TableInput]
2020/04/27 17:16:09 - Get Start Date.0 - distribution activated
2020/04/27 17:16:09 - Get Start Date.0 - Starting allocation of buffers & new threads...
2020/04/27 17:16:09 - Get Start Date.0 - Step info: nrinput=0 nroutput=1
2020/04/27 17:16:09 - Get Start Date.0 - output rel. is  1:1
2020/04/27 17:16:09 - Get Start Date.0 - Found output rowset [Get Start Date.0 - Format numbers.0]
2020/04/27 17:16:09 - Get Start Date.0 - Finished dispatching
2020/04/27 17:16:09 - initialize_start_and_end_date -  Transformation has allocated a new step: [Get Start Date].0
2020/04/27 17:16:09 - initialize_start_and_end_date -  Transformation is about to allocate step [Format numbers] of type [SelectValues]
2020/04/27 17:16:09 - Format numbers.0 - distribution activated
2020/04/27 17:16:09 - Format numbers.0 - Starting allocation of buffers & new threads...
2020/04/27 17:16:09 - Format numbers.0 - Step info: nrinput=1 nroutput=1
2020/04/27 17:16:09 - Format numbers.0 - Got previous step from [Format numbers] #0 --> Get Start Date
2020/04/27 17:16:09 - Format numbers.0 - input rel is 1:1
2020/04/27 17:16:09 - Format numbers.0 - Found input rowset [Get Start Date.0 - Format numbers.0]
2020/04/27 17:16:09 - Format numbers.0 - output rel. is  1:1
2020/04/27 17:16:09 - Format numbers.0 - Found output rowset [Format numbers.0 - Get Provider Phone list.0]
2020/04/27 17:16:09 - Format numbers.0 - Finished dispatching
2020/04/27 17:16:09 - initialize_start_and_end_date -  Transformation has allocated a new step: [Format numbers].0
2020/04/27 17:16:09 - initialize_start_and_end_date -  Transformation is about to allocate step [Get Provider Phone list] of type [TableInput]
2020/04/27 17:16:09 - Get Provider Phone list.0 - distribution activated
2020/04/27 17:16:09 - Get Provider Phone list.0 - Starting allocation of buffers & new threads...
2020/04/27 17:16:09 - Get Provider Phone list.0 - Step info: nrinput=1 nroutput=1
2020/04/27 17:16:09 - Get Provider Phone list.0 - Got previous step from [Get Provider Phone list] #0 --> Format numbers
2020/04/27 17:16:09 - Get Provider Phone list.0 - input rel is 1:1
2020/04/27 17:16:09 - Get Provider Phone list.0 - Found input rowset [Format numbers.0 - Get Provider Phone list.0]
2020/04/27 17:16:09 - Get Provider Phone list.0 - output rel. is  1:1
2020/04/27 17:16:09 - Get Provider Phone list.0 - Found output rowset [Get Provider Phone list.0 - Format numbers 2.0]
2020/04/27 17:16:09 - Get Provider Phone list.0 - Finished dispatching
2020/04/27 17:16:09 - initialize_start_and_end_date -  Transformation has allocated a new step: [Get Provider Phone list].0
2020/04/27 17:16:09 - initialize_start_and_end_date -  Transformation is about to allocate step [Format numbers 2] of type [SelectValues]
2020/04/27 17:16:09 - Format numbers 2.0 - distribution activated
2020/04/27 17:16:09 - Format numbers 2.0 - Starting allocation of buffers & new threads...
2020/04/27 17:16:09 - Format numbers 2.0 - Step info: nrinput=1 nroutput=1
2020/04/27 17:16:09 - Format numbers 2.0 - Got previous step from [Format numbers 2] #0 --> Get Provider Phone list
2020/04/27 17:16:09 - Format numbers 2.0 - input rel is 1:1
2020/04/27 17:16:09 - Format numbers 2.0 - Found input rowset [Get Provider Phone list.0 - Format numbers 2.0]
2020/04/27 17:16:09 - Format numbers 2.0 - output rel. is  1:1
2020/04/27 17:16:09 - Format numbers 2.0 - Found output rowset [Format numbers 2.0 - logStep.0]
2020/04/27 17:16:09 - Format numbers 2.0 - Finished dispatching
2020/04/27 17:16:09 - initialize_start_and_end_date -  Transformation has allocated a new step: [Format numbers 2].0
2020/04/27 17:16:09 - initialize_start_and_end_date -  Transformation is about to allocate step [logStep] of type [WriteToLog]
2020/04/27 17:16:09 - logStep.0 - distribution activated
2020/04/27 17:16:09 - logStep.0 - Starting allocation of buffers & new threads...
2020/04/27 17:16:09 - logStep.0 - Step info: nrinput=1 nroutput=1
2020/04/27 17:16:09 - logStep.0 - Got previous step from [logStep] #0 --> Format numbers 2
2020/04/27 17:16:09 - logStep.0 - input rel is 1:1
2020/04/27 17:16:09 - logStep.0 - Found input rowset [Format numbers 2.0 - logStep.0]
2020/04/27 17:16:09 - logStep.0 - output rel. is  1:1
2020/04/27 17:16:09 - logStep.0 - Found output rowset [logStep.0 - Set startDateTime and endDateTime.0]
2020/04/27 17:16:09 - logStep.0 - Finished dispatching
2020/04/27 17:16:09 - initialize_start_and_end_date -  Transformation has allocated a new step: [logStep].0
2020/04/27 17:16:09 - initialize_start_and_end_date -  Transformation is about to allocate step [Set startDateTime and endDateTime] of type [SetVariable]
2020/04/27 17:16:09 - Set startDateTime and endDateTime.0 - distribution activated
2020/04/27 17:16:09 - Set startDateTime and endDateTime.0 - Starting allocation of buffers & new threads...
2020/04/27 17:16:09 - Set startDateTime and endDateTime.0 - Step info: nrinput=1 nroutput=0
2020/04/27 17:16:09 - Set startDateTime and endDateTime.0 - Got previous step from [Set startDateTime and endDateTime] #0 --> logStep
2020/04/27 17:16:09 - Set startDateTime and endDateTime.0 - input rel is 1:1
2020/04/27 17:16:09 - Set startDateTime and endDateTime.0 - Found input rowset [logStep.0 - Set startDateTime and endDateTime.0]
2020/04/27 17:16:09 - Set startDateTime and endDateTime.0 - Finished dispatching
2020/04/27 17:16:09 - initialize_start_and_end_date -  Transformation has allocated a new step: [Set startDateTime and endDateTime].0
2020/04/27 17:16:09 - initialize_start_and_end_date - This transformation can be replayed with replay date: 2020/04/27 17:16:09
2020/04/27 17:16:09 - initialize_start_and_end_date - Initialising 6 steps...
2020/04/27 17:16:09 - Format numbers.0 - Released server socket on port 0
2020/04/27 17:16:09 - Get Start Date.0 - Released server socket on port 0
2020/04/27 17:16:09 - Get Provider Phone list.0 - Released server socket on port 0
2020/04/27 17:16:09 - MAXDAT - New database connection defined
2020/04/27 17:16:09 - MAXDAT - New database connection defined
2020/04/27 17:16:09 - logStep.0 - Released server socket on port 0
2020/04/27 17:16:09 - Format numbers 2.0 - Released server socket on port 0
2020/04/27 17:16:09 - MAXDAT - launch DDL statement: 
2020/04/27 17:16:09 - MAXDAT - ALTER SESSION SET CURRENT_SCHEMA = CISCO_ENTERPRISE_CC
2020/04/27 17:16:09 - MAXDAT - launch DDL statement: 
2020/04/27 17:16:09 - MAXDAT - ALTER SESSION SET CURRENT_SCHEMA = CISCO_ENTERPRISE_CC
2020/04/27 17:16:09 - MAXDAT - 1 statement executed
2020/04/27 17:16:09 - MAXDAT - Executed connect time SQL statements:
2020/04/27 17:16:09 - MAXDAT - ALTER SESSION SET CURRENT_SCHEMA = CISCO_ENTERPRISE_CC;
2020/04/27 17:16:09 - MAXDAT - Auto commit off
2020/04/27 17:16:09 - Get Provider Phone list.0 - Connected to database...
2020/04/27 17:16:09 - Set startDateTime and endDateTime.0 - Released server socket on port 0
2020/04/27 17:16:09 - MAXDAT - 1 statement executed
2020/04/27 17:16:09 - MAXDAT - Executed connect time SQL statements:
2020/04/27 17:16:09 - MAXDAT - ALTER SESSION SET CURRENT_SCHEMA = CISCO_ENTERPRISE_CC;
2020/04/27 17:16:09 - MAXDAT - Auto commit off
2020/04/27 17:16:09 - Get Start Date.0 - Connected to database...
2020/04/27 17:16:09 - initialize_start_and_end_date - Step [Get Start Date.0] initialized flawlessly.
2020/04/27 17:16:09 - initialize_start_and_end_date - Step [Format numbers.0] initialized flawlessly.
2020/04/27 17:16:09 - initialize_start_and_end_date - Step [Get Provider Phone list.0] initialized flawlessly.
2020/04/27 17:16:09 - initialize_start_and_end_date - Step [Format numbers 2.0] initialized flawlessly.
2020/04/27 17:16:09 - initialize_start_and_end_date - Step [logStep.0] initialized flawlessly.
2020/04/27 17:16:09 - initialize_start_and_end_date - Step [Set startDateTime and endDateTime.0] initialized flawlessly.
2020/04/27 17:16:09 - Format numbers.0 - Starting to run...
2020/04/27 17:16:09 - Get Start Date.0 - Starting to run...
2020/04/27 17:16:09 - Format numbers 2.0 - Starting to run...
2020/04/27 17:16:09 - Get Start Date.0 - SQL query : select to_number(to_char(nvl(to_date(lk_start.out_var,'mm/dd/yyyy'), startDate),'yyyymmdd')) startDate1
2020/04/27 17:16:09 - Get Start Date.0 - , to_number(to_char(trunc(sysdate-1), 'yyyymmdd')) endDate1
2020/04/27 17:16:09 - Get Start Date.0 - , to_number(to_char(nvl(to_date(lk_start.out_var,'mm/dd/yyyy'), startDate),'yyyymmdd')) startDate2
2020/04/27 17:16:09 - Get Start Date.0 - , to_number(to_char(trunc(sysdate-1), 'yyyymmdd')) endDate2
2020/04/27 17:16:09 - Get Start Date.0 - from (
2020/04/27 17:16:09 - Get Start Date.0 - select
2020/04/27 17:16:09 - Get Start Date.0 - greatest(nvl(max(d.d_date),to_date('3/1/2020','mm/dd/yyyy')), to_date('3/1/2020','mm/dd/yyyy')) startDate
2020/04/27 17:16:09 - Get Start Date.0 - from CC_CALL_F_PROVIDER_TRANSFERS_BY_DAY ccpt
2020/04/27 17:16:09 - Get Start Date.0 - join cc_d_dates d on d.d_date_id = ccpt.d_date_id
2020/04/27 17:16:09 - Get Start Date.0 - join CC_C_CALL_CARRIER_LKUP CCCL ON CCPT.CC_CALL_CARRIER_ID = CCCL.CC_CALL_CARRIER_ID AND CCCL.project_name = 'CA Lifeline' and CCCL.program_name = 'Customer Service Center'
2020/04/27 17:16:09 - Get Start Date.0 - )
2020/04/27 17:16:09 - Get Start Date.0 - left join cc_a_list_lkup lk_start on name = 'CA_LL_PROV_START_DATE' and list_type = 'CA_LL_PROV_START_DATE' and value = 'CA_LL_PROV_START_DATE'
2020/04/27 17:16:09 - logStep.0 - Starting to run...
2020/04/27 17:16:09 - Get Provider Phone list.0 - Starting to run...
2020/04/27 17:16:09 - initialize_start_and_end_date - Transformation has allocated 6 threads and 5 rowsets.
2020/04/27 17:16:09 - Get Provider Phone list.0 - Reading query parameters from stream [Format numbers]
2020/04/27 17:16:09 - Set startDateTime and endDateTime.0 - Starting to run...
2020/04/27 17:16:09 - Get Provider Phone list.0 - Reading from step [Format numbers]
2020/04/27 17:16:09 - Get Start Date.0 - Finished reading query, closing connection.
2020/04/27 17:16:09 - MAXDAT - Connection to database closed!
2020/04/27 17:16:09 - Get Start Date.0 - Finished processing (I=1, O=0, R=0, W=1, U=0, E=0)
2020/04/27 17:16:09 - Format numbers.0 - Finished processing (I=0, O=0, R=1, W=1, U=0, E=0)
2020/04/27 17:16:09 - Get Provider Phone list.0 - Query parameters found = [20200301], [20200426], [20200301], [20200426]
2020/04/27 17:16:09 - Get Provider Phone list.0 - SQL query : select ? startDate
2020/04/27 17:16:09 - Get Provider Phone list.0 - , ? endDate
2020/04/27 17:16:09 - Get Provider Phone list.0 - , cccl.project_name carrProjectName
2020/04/27 17:16:09 - Get Provider Phone list.0 - , cccl.program_name carrProgramName
2020/04/27 17:16:09 - Get Provider Phone list.0 - , listagg(''''||carrier_number||'''', ',') 
2020/04/27 17:16:09 - Get Provider Phone list.0 - within group (order by carrier_number) providerList
2020/04/27 17:16:09 - Get Provider Phone list.0 - from CC_C_CALL_CARRIER_LKUP cccl
2020/04/27 17:16:09 - Get Provider Phone list.0 - where to_number(to_char(effective_start_date,'yyyymmdd')) <= ?
2020/04/27 17:16:09 - Get Provider Phone list.0 - and to_number(to_char(effective_end_date,'yyyymmdd')) >= ?
2020/04/27 17:16:09 - Get Provider Phone list.0 - and cccl.project_name = 'CA Lifeline'
2020/04/27 17:16:09 - Get Provider Phone list.0 - and cccl.program_name = 'Customer Service Center'
2020/04/27 17:16:09 - Get Provider Phone list.0 - group by cccl.project_name, cccl.program_name
2020/04/27 17:16:09 - Get Provider Phone list.0 - Finished reading query, closing connection.
2020/04/27 17:16:09 - logStep.0 - 
2020/04/27 17:16:09 - logStep.0 - ------------> Linenr 1------------------------------
2020/04/27 17:16:09 - logStep.0 - CA LL parameters
2020/04/27 17:16:09 - logStep.0 - 
2020/04/27 17:16:09 - logStep.0 - STARTDATE = 20200301
2020/04/27 17:16:09 - logStep.0 - ENDDATE = 20200426
2020/04/27 17:16:09 - logStep.0 - PROVIDERLIST = '2092967599','5303972211','5304676000','5305852211','5595342211','5598686000','8002343993','8002532511','8002882020','8004278686','8004300443','8004596753','8005444441','8006821878','8007233546','8007944741','8663678704','8664888719','8665662583','8665943644','8669594918','8772477799','8772550676','8772667212','8776584611','8776698282','8882255837','8882667618','8883215330','8885433620','8886245622','8888922253','8889008593'
2020/04/27 17:16:09 - logStep.0 - CARRPROGRAMNAME = Customer Service Center
2020/04/27 17:16:09 - logStep.0 - CARRPROJECTNAME = CA Lifeline
2020/04/27 17:16:09 - logStep.0 - 
2020/04/27 17:16:09 - logStep.0 - ====================
2020/04/27 17:16:09 - Set startDateTime and endDateTime.0 - Setting environment variables...
2020/04/27 17:16:09 - Set startDateTime and endDateTime.0 - Set variable endDate to value [20200426]
2020/04/27 17:16:09 - Set startDateTime and endDateTime.0 - Set variable startDate to value [20200301]
2020/04/27 17:16:09 - Set startDateTime and endDateTime.0 - Set variable providerList to value ['2092967599','5303972211','5304676000','5305852211','5595342211','5598686000','8002343993','8002532511','8002882020','8004278686','8004300443','8004596753','8005444441','8006821878','8007233546','8007944741','8663678704','8664888719','8665662583','8665943644','8669594918','8772477799','8772550676','8772667212','8776584611','8776698282','8882255837','8882667618','8883215330','8885433620','8886245622','8888922253','8889008593']
2020/04/27 17:16:09 - Set startDateTime and endDateTime.0 - Set variable carrProjectName to value [CA Lifeline]
2020/04/27 17:16:09 - Set startDateTime and endDateTime.0 - Set variable carrProgramName to value [Customer Service Center]
2020/04/27 17:16:09 - Format numbers 2.0 - Finished processing (I=0, O=0, R=1, W=1, U=0, E=0)
2020/04/27 17:16:09 - logStep.0 - Finished processing (I=0, O=0, R=1, W=1, U=0, E=0)
2020/04/27 17:16:09 - MAXDAT - Connection to database closed!
2020/04/27 17:16:09 - Get Provider Phone list.0 - Finished processing (I=1, O=0, R=1, W=1, U=0, E=0)
2020/04/27 17:16:09 - Set startDateTime and endDateTime.0 - Finished after 1 rows.
2020/04/27 17:16:09 - Set startDateTime and endDateTime.0 - Finished processing (I=0, O=0, R=1, W=1, U=0, E=0)
2020/04/27 17:16:09 - load_CALL_Provider_Transfers - Starting entry [logStep]
2020/04/27 17:16:09 - load_CALL_Provider_Transfers - exec(3, 0, logStep.0)
2020/04/27 17:16:09 - logStep - Starting job entry
2020/04/27 17:16:09 - CA LL parameters - Start Date: 20200301
2020/04/27 17:16:09 - CA LL parameters - End Date: 20200426
2020/04/27 17:16:09 - load_CALL_Provider_Transfers - Starting entry [load_CC_F_ACD_PROVIDER_TRANSFER]
2020/04/27 17:16:09 - load_CALL_Provider_Transfers - exec(4, 0, load_CC_F_ACD_PROVIDER_TRANSFER.0)
2020/04/27 17:16:09 - load_CC_F_ACD_PROVIDER_TRANSFER - Starting job entry
2020/04/27 17:16:09 - load_CC_F_ACD_PROVIDER_TRANSFER - Opening transformation: [/u01/maximus/maxdat-dev/CALL8/scripts/main\transforms\load_CC_F_ACD_PROVIDER_TRANSFER.ktr]
2020/04/27 17:16:09 - load_CC_F_ACD_PROVIDER_TRANSFER - Starting transformation...(file=${cc.project.main.directory}\transforms\load_CC_F_ACD_PROVIDER_TRANSFER.ktr, name=load_CC_F_ACD_PROVIDER_TRANSFER, repinfo=null)
2020/04/27 17:16:09 - load_CC_F_ACD_PROVIDER_TRANSFER - Using run configuration [Pentaho local]
2020/04/27 17:16:09 - load_CC_F_ACD_PROVIDER_TRANSFER - Using legacy execution engine
2020/04/27 17:16:09 - load_CC_F_ACD_PROVIDER_TRANSFER - Transformation is pre-loaded.
2020/04/27 17:16:09 - load_CC_F_ACD_PROVIDER_TRANSFER - Dispatching started for transformation [load_CC_F_ACD_PROVIDER_TRANSFER]
2020/04/27 17:16:09 - load_CC_F_ACD_PROVIDER_TRANSFER - Nr of arguments detected:26 
2020/04/27 17:16:09 - load_CC_F_ACD_PROVIDER_TRANSFER - This is not a replay transformation
2020/04/27 17:16:09 - load_CC_F_ACD_PROVIDER_TRANSFER - I found 12 different steps to launch.
2020/04/27 17:16:09 - load_CC_F_ACD_PROVIDER_TRANSFER - Allocating rowsets...
2020/04/27 17:16:09 - load_CC_F_ACD_PROVIDER_TRANSFER -  Allocating rowsets for step 0 --> Add constants 2
2020/04/27 17:16:09 - load_CC_F_ACD_PROVIDER_TRANSFER -   prevcopies = 1, nextcopies=1
2020/04/27 17:16:09 - load_CC_F_ACD_PROVIDER_TRANSFER - Transformation allocated new rowset [Add constants 2.0 - Get transformation name 2.0]
2020/04/27 17:16:09 - load_CC_F_ACD_PROVIDER_TRANSFER -  Allocated 1 rowsets for step 0 --> Add constants 2  
2020/04/27 17:16:09 - load_CC_F_ACD_PROVIDER_TRANSFER -  Allocating rowsets for step 1 --> Get transformation name 2
2020/04/27 17:16:09 - load_CC_F_ACD_PROVIDER_TRANSFER -   prevcopies = 1, nextcopies=1
2020/04/27 17:16:09 - load_CC_F_ACD_PROVIDER_TRANSFER - Transformation allocated new rowset [Get transformation name 2.0 - Table output-CC_L_ERROR I/U.0]
2020/04/27 17:16:09 - load_CC_F_ACD_PROVIDER_TRANSFER -  Allocated 2 rowsets for step 1 --> Get transformation name 2  
2020/04/27 17:16:09 - load_CC_F_ACD_PROVIDER_TRANSFER -  Allocating rowsets for step 2 --> Calc_Error_rec I/U
2020/04/27 17:16:09 - load_CC_F_ACD_PROVIDER_TRANSFER -   prevcopies = 1, nextcopies=1
2020/04/27 17:16:09 - load_CC_F_ACD_PROVIDER_TRANSFER - Transformation allocated new rowset [Calc_Error_rec I/U.0 - Add constants 2.0]
2020/04/27 17:16:09 - load_CC_F_ACD_PROVIDER_TRANSFER -  Allocated 3 rowsets for step 2 --> Calc_Error_rec I/U  
2020/04/27 17:16:09 - load_CC_F_ACD_PROVIDER_TRANSFER -  Allocating rowsets for step 3 --> Table output-CC_L_ERROR I/U
2020/04/27 17:16:09 - load_CC_F_ACD_PROVIDER_TRANSFER -  Allocated 3 rowsets for step 3 --> Table output-CC_L_ERROR I/U  
2020/04/27 17:16:09 - load_CC_F_ACD_PROVIDER_TRANSFER -  Allocating rowsets for step 4 --> Select values
2020/04/27 17:16:09 - load_CC_F_ACD_PROVIDER_TRANSFER -   prevcopies = 1, nextcopies=1
2020/04/27 17:16:09 - load_CC_F_ACD_PROVIDER_TRANSFER - Transformation allocated new rowset [Select values.0 - Calc_Error_rec I/U.0]
2020/04/27 17:16:09 - load_CC_F_ACD_PROVIDER_TRANSFER -  Allocated 4 rowsets for step 4 --> Select values  
2020/04/27 17:16:09 - load_CC_F_ACD_PROVIDER_TRANSFER -  Allocating rowsets for step 5 --> Select values Provider Transfers
2020/04/27 17:16:09 - load_CC_F_ACD_PROVIDER_TRANSFER -   prevcopies = 1, nextcopies=1
2020/04/27 17:16:09 - load_CC_F_ACD_PROVIDER_TRANSFER - Transformation allocated new rowset [Select values Provider Transfers.0 - Insert / Update Provider Transfers by day.0]
2020/04/27 17:16:09 - load_CC_F_ACD_PROVIDER_TRANSFER -  Allocated 5 rowsets for step 5 --> Select values Provider Transfers  
2020/04/27 17:16:09 - load_CC_F_ACD_PROVIDER_TRANSFER -  Allocating rowsets for step 6 --> Insert / Update Provider Transfers by day
2020/04/27 17:16:09 - load_CC_F_ACD_PROVIDER_TRANSFER -   prevcopies = 1, nextcopies=1
2020/04/27 17:16:09 - load_CC_F_ACD_PROVIDER_TRANSFER - Transformation allocated new rowset [Insert / Update Provider Transfers by day.0 - Select values.0]
2020/04/27 17:16:09 - load_CC_F_ACD_PROVIDER_TRANSFER -  Allocated 6 rowsets for step 6 --> Insert / Update Provider Transfers by day  
2020/04/27 17:16:09 - load_CC_F_ACD_PROVIDER_TRANSFER -  Allocating rowsets for step 7 --> Get Carrier Transfers
2020/04/27 17:16:09 - load_CC_F_ACD_PROVIDER_TRANSFER -   prevcopies = 1, nextcopies=1
2020/04/27 17:16:09 - load_CC_F_ACD_PROVIDER_TRANSFER - Transformation allocated new rowset [Get Carrier Transfers.0 - Database join.0]
2020/04/27 17:16:09 - load_CC_F_ACD_PROVIDER_TRANSFER -  Allocated 7 rowsets for step 7 --> Get Carrier Transfers  
2020/04/27 17:16:09 - load_CC_F_ACD_PROVIDER_TRANSFER -  Allocating rowsets for step 8 --> Database join
2020/04/27 17:16:09 - load_CC_F_ACD_PROVIDER_TRANSFER -   prevcopies = 1, nextcopies=1
2020/04/27 17:16:09 - load_CC_F_ACD_PROVIDER_TRANSFER - Transformation allocated new rowset [Database join.0 - Database join Carrier ID.0]
2020/04/27 17:16:09 - load_CC_F_ACD_PROVIDER_TRANSFER -  Allocated 8 rowsets for step 8 --> Database join  
2020/04/27 17:16:09 - load_CC_F_ACD_PROVIDER_TRANSFER -  Allocating rowsets for step 9 --> Database join Carrier ID
2020/04/27 17:16:09 - load_CC_F_ACD_PROVIDER_TRANSFER -   prevcopies = 1, nextcopies=1
2020/04/27 17:16:09 - load_CC_F_ACD_PROVIDER_TRANSFER - Transformation allocated new rowset [Database join Carrier ID.0 - Filter out no cc_call_carrier_id.0]
2020/04/27 17:16:09 - load_CC_F_ACD_PROVIDER_TRANSFER -  Allocated 9 rowsets for step 9 --> Database join Carrier ID  
2020/04/27 17:16:09 - load_CC_F_ACD_PROVIDER_TRANSFER -  Allocating rowsets for step 10 --> Filter out no cc_call_carrier_id
2020/04/27 17:16:09 - load_CC_F_ACD_PROVIDER_TRANSFER -   prevcopies = 1, nextcopies=1
2020/04/27 17:16:09 - load_CC_F_ACD_PROVIDER_TRANSFER - Transformation allocated new rowset [Filter out no cc_call_carrier_id.0 - Select values Provider Transfers.0]
2020/04/27 17:16:09 - load_CC_F_ACD_PROVIDER_TRANSFER -   prevcopies = 1, nextcopies=1
2020/04/27 17:16:09 - load_CC_F_ACD_PROVIDER_TRANSFER - Transformation allocated new rowset [Filter out no cc_call_carrier_id.0 - Dummy (do nothing).0]
2020/04/27 17:16:09 - load_CC_F_ACD_PROVIDER_TRANSFER -  Allocated 11 rowsets for step 10 --> Filter out no cc_call_carrier_id  
2020/04/27 17:16:09 - load_CC_F_ACD_PROVIDER_TRANSFER -  Allocating rowsets for step 11 --> Dummy (do nothing)
2020/04/27 17:16:09 - load_CC_F_ACD_PROVIDER_TRANSFER -  Allocated 11 rowsets for step 11 --> Dummy (do nothing)  
2020/04/27 17:16:09 - load_CC_F_ACD_PROVIDER_TRANSFER - Allocating Steps & StepData...
2020/04/27 17:16:09 - load_CC_F_ACD_PROVIDER_TRANSFER -  Transformation is about to allocate step [Add constants 2] of type [Constant]
2020/04/27 17:16:09 - Add constants 2.0 - distribution activated
2020/04/27 17:16:09 - Add constants 2.0 - Starting allocation of buffers & new threads...
2020/04/27 17:16:09 - Add constants 2.0 - Step info: nrinput=1 nroutput=1
2020/04/27 17:16:09 - Add constants 2.0 - Got previous step from [Add constants 2] #0 --> Calc_Error_rec I/U
2020/04/27 17:16:09 - Add constants 2.0 - input rel is 1:1
2020/04/27 17:16:09 - Add constants 2.0 - Found input rowset [Calc_Error_rec I/U.0 - Add constants 2.0]
2020/04/27 17:16:09 - Add constants 2.0 - output rel. is  1:1
2020/04/27 17:16:09 - Add constants 2.0 - Found output rowset [Add constants 2.0 - Get transformation name 2.0]
2020/04/27 17:16:09 - Add constants 2.0 - Finished dispatching
2020/04/27 17:16:09 - load_CC_F_ACD_PROVIDER_TRANSFER -  Transformation has allocated a new step: [Add constants 2].0
2020/04/27 17:16:09 - load_CC_F_ACD_PROVIDER_TRANSFER -  Transformation is about to allocate step [Get transformation name 2] of type [GetVariable]
2020/04/27 17:16:09 - Get transformation name 2.0 - distribution activated
2020/04/27 17:16:09 - Get transformation name 2.0 - Starting allocation of buffers & new threads...
2020/04/27 17:16:09 - Get transformation name 2.0 - Step info: nrinput=1 nroutput=1
2020/04/27 17:16:09 - Get transformation name 2.0 - Got previous step from [Get transformation name 2] #0 --> Add constants 2
2020/04/27 17:16:09 - Get transformation name 2.0 - input rel is 1:1
2020/04/27 17:16:09 - Get transformation name 2.0 - Found input rowset [Add constants 2.0 - Get transformation name 2.0]
2020/04/27 17:16:09 - Get transformation name 2.0 - output rel. is  1:1
2020/04/27 17:16:09 - Get transformation name 2.0 - Found output rowset [Get transformation name 2.0 - Table output-CC_L_ERROR I/U.0]
2020/04/27 17:16:09 - Get transformation name 2.0 - Finished dispatching
2020/04/27 17:16:09 - load_CC_F_ACD_PROVIDER_TRANSFER -  Transformation has allocated a new step: [Get transformation name 2].0
2020/04/27 17:16:09 - load_CC_F_ACD_PROVIDER_TRANSFER -  Transformation is about to allocate step [Calc_Error_rec I/U] of type [Calculator]
2020/04/27 17:16:09 - Calc_Error_rec I/U.0 - distribution activated
2020/04/27 17:16:09 - Calc_Error_rec I/U.0 - Starting allocation of buffers & new threads...
2020/04/27 17:16:09 - Calc_Error_rec I/U.0 - Step info: nrinput=1 nroutput=1
2020/04/27 17:16:09 - Calc_Error_rec I/U.0 - Got previous step from [Calc_Error_rec I/U] #0 --> Select values
2020/04/27 17:16:09 - Calc_Error_rec I/U.0 - input rel is 1:1
2020/04/27 17:16:09 - Calc_Error_rec I/U.0 - Found input rowset [Select values.0 - Calc_Error_rec I/U.0]
2020/04/27 17:16:09 - Calc_Error_rec I/U.0 - output rel. is  1:1
2020/04/27 17:16:09 - Calc_Error_rec I/U.0 - Found output rowset [Calc_Error_rec I/U.0 - Add constants 2.0]
2020/04/27 17:16:09 - Calc_Error_rec I/U.0 - Finished dispatching
2020/04/27 17:16:09 - load_CC_F_ACD_PROVIDER_TRANSFER -  Transformation has allocated a new step: [Calc_Error_rec I/U].0
2020/04/27 17:16:09 - load_CC_F_ACD_PROVIDER_TRANSFER -  Transformation is about to allocate step [Table output-CC_L_ERROR I/U] of type [TableOutput]
2020/04/27 17:16:09 - Table output-CC_L_ERROR I/U.0 - distribution activated
2020/04/27 17:16:09 - Table output-CC_L_ERROR I/U.0 - Starting allocation of buffers & new threads...
2020/04/27 17:16:09 - Table output-CC_L_ERROR I/U.0 - Step info: nrinput=1 nroutput=0
2020/04/27 17:16:09 - Table output-CC_L_ERROR I/U.0 - Got previous step from [Table output-CC_L_ERROR I/U] #0 --> Get transformation name 2
2020/04/27 17:16:09 - Table output-CC_L_ERROR I/U.0 - input rel is 1:1
2020/04/27 17:16:09 - Table output-CC_L_ERROR I/U.0 - Found input rowset [Get transformation name 2.0 - Table output-CC_L_ERROR I/U.0]
2020/04/27 17:16:09 - Table output-CC_L_ERROR I/U.0 - Finished dispatching
2020/04/27 17:16:09 - load_CC_F_ACD_PROVIDER_TRANSFER -  Transformation has allocated a new step: [Table output-CC_L_ERROR I/U].0
2020/04/27 17:16:09 - load_CC_F_ACD_PROVIDER_TRANSFER -  Transformation is about to allocate step [Select values] of type [SelectValues]
2020/04/27 17:16:09 - Select values.0 - distribution activated
2020/04/27 17:16:09 - Select values.0 - Starting allocation of buffers & new threads...
2020/04/27 17:16:09 - Select values.0 - Step info: nrinput=1 nroutput=1
2020/04/27 17:16:09 - Select values.0 - Got previous step from [Select values] #0 --> Insert / Update Provider Transfers by day
2020/04/27 17:16:09 - Select values.0 - input rel is 1:1
2020/04/27 17:16:09 - Select values.0 - Found input rowset [Insert / Update Provider Transfers by day.0 - Select values.0]
2020/04/27 17:16:09 - Select values.0 - output rel. is  1:1
2020/04/27 17:16:09 - Select values.0 - Found output rowset [Select values.0 - Calc_Error_rec I/U.0]
2020/04/27 17:16:09 - Select values.0 - Finished dispatching
2020/04/27 17:16:09 - load_CC_F_ACD_PROVIDER_TRANSFER -  Transformation has allocated a new step: [Select values].0
2020/04/27 17:16:09 - load_CC_F_ACD_PROVIDER_TRANSFER -  Transformation is about to allocate step [Select values Provider Transfers] of type [SelectValues]
2020/04/27 17:16:09 - Select values Provider Transfers.0 - distribution activated
2020/04/27 17:16:09 - Select values Provider Transfers.0 - Starting allocation of buffers & new threads...
2020/04/27 17:16:09 - Select values Provider Transfers.0 - Step info: nrinput=1 nroutput=1
2020/04/27 17:16:09 - Select values Provider Transfers.0 - Got previous step from [Select values Provider Transfers] #0 --> Filter out no cc_call_carrier_id
2020/04/27 17:16:09 - Select values Provider Transfers.0 - input rel is 1:1
2020/04/27 17:16:09 - Select values Provider Transfers.0 - Found input rowset [Filter out no cc_call_carrier_id.0 - Select values Provider Transfers.0]
2020/04/27 17:16:09 - Select values Provider Transfers.0 - output rel. is  1:1
2020/04/27 17:16:09 - Select values Provider Transfers.0 - Found output rowset [Select values Provider Transfers.0 - Insert / Update Provider Transfers by day.0]
2020/04/27 17:16:09 - Select values Provider Transfers.0 - Finished dispatching
2020/04/27 17:16:09 - load_CC_F_ACD_PROVIDER_TRANSFER -  Transformation has allocated a new step: [Select values Provider Transfers].0
2020/04/27 17:16:09 - load_CC_F_ACD_PROVIDER_TRANSFER -  Transformation is about to allocate step [Insert / Update Provider Transfers by day] of type [InsertUpdate]
2020/04/27 17:16:09 - Insert / Update Provider Transfers by day.0 - distribution activated
2020/04/27 17:16:09 - Insert / Update Provider Transfers by day.0 - Starting allocation of buffers & new threads...
2020/04/27 17:16:09 - Insert / Update Provider Transfers by day.0 - Step info: nrinput=1 nroutput=1
2020/04/27 17:16:09 - Insert / Update Provider Transfers by day.0 - Got previous step from [Insert / Update Provider Transfers by day] #0 --> Select values Provider Transfers
2020/04/27 17:16:09 - Insert / Update Provider Transfers by day.0 - input rel is 1:1
2020/04/27 17:16:09 - Insert / Update Provider Transfers by day.0 - Found input rowset [Select values Provider Transfers.0 - Insert / Update Provider Transfers by day.0]
2020/04/27 17:16:09 - Insert / Update Provider Transfers by day.0 - output rel. is  1:1
2020/04/27 17:16:09 - Insert / Update Provider Transfers by day.0 - Found output rowset [Insert / Update Provider Transfers by day.0 - Select values.0]
2020/04/27 17:16:09 - Insert / Update Provider Transfers by day.0 - Finished dispatching
2020/04/27 17:16:09 - load_CC_F_ACD_PROVIDER_TRANSFER -  Transformation has allocated a new step: [Insert / Update Provider Transfers by day].0
2020/04/27 17:16:09 - load_CC_F_ACD_PROVIDER_TRANSFER -  Transformation is about to allocate step [Get Carrier Transfers] of type [TableInput]
2020/04/27 17:16:09 - Get Carrier Transfers.0 - distribution activated
2020/04/27 17:16:09 - Get Carrier Transfers.0 - Starting allocation of buffers & new threads...
2020/04/27 17:16:09 - Get Carrier Transfers.0 - Step info: nrinput=0 nroutput=1
2020/04/27 17:16:09 - Get Carrier Transfers.0 - output rel. is  1:1
2020/04/27 17:16:09 - Get Carrier Transfers.0 - Found output rowset [Get Carrier Transfers.0 - Database join.0]
2020/04/27 17:16:09 - Get Carrier Transfers.0 - Finished dispatching
2020/04/27 17:16:09 - load_CC_F_ACD_PROVIDER_TRANSFER -  Transformation has allocated a new step: [Get Carrier Transfers].0
2020/04/27 17:16:09 - load_CC_F_ACD_PROVIDER_TRANSFER -  Transformation is about to allocate step [Database join] of type [DBJoin]
2020/04/27 17:16:09 - Database join.0 - distribution activated
2020/04/27 17:16:09 - Database join.0 - Starting allocation of buffers & new threads...
2020/04/27 17:16:09 - Database join.0 - Step info: nrinput=1 nroutput=1
2020/04/27 17:16:09 - Database join.0 - Got previous step from [Database join] #0 --> Get Carrier Transfers
2020/04/27 17:16:09 - Database join.0 - input rel is 1:1
2020/04/27 17:16:09 - Database join.0 - Found input rowset [Get Carrier Transfers.0 - Database join.0]
2020/04/27 17:16:09 - Database join.0 - output rel. is  1:1
2020/04/27 17:16:09 - Database join.0 - Found output rowset [Database join.0 - Database join Carrier ID.0]
2020/04/27 17:16:09 - Database join.0 - Finished dispatching
2020/04/27 17:16:09 - load_CC_F_ACD_PROVIDER_TRANSFER -  Transformation has allocated a new step: [Database join].0
2020/04/27 17:16:09 - load_CC_F_ACD_PROVIDER_TRANSFER -  Transformation is about to allocate step [Database join Carrier ID] of type [DBJoin]
2020/04/27 17:16:09 - Database join Carrier ID.0 - distribution de-activated
2020/04/27 17:16:09 - Database join Carrier ID.0 - Starting allocation of buffers & new threads...
2020/04/27 17:16:09 - Database join Carrier ID.0 - Step info: nrinput=1 nroutput=1
2020/04/27 17:16:09 - Database join Carrier ID.0 - Got previous step from [Database join Carrier ID] #0 --> Database join
2020/04/27 17:16:09 - Database join Carrier ID.0 - input rel is 1:1
2020/04/27 17:16:09 - Database join Carrier ID.0 - Found input rowset [Database join.0 - Database join Carrier ID.0]
2020/04/27 17:16:09 - Database join Carrier ID.0 - output rel. is  1:1
2020/04/27 17:16:09 - Database join Carrier ID.0 - Found output rowset [Database join Carrier ID.0 - Filter out no cc_call_carrier_id.0]
2020/04/27 17:16:09 - Database join Carrier ID.0 - Finished dispatching
2020/04/27 17:16:09 - load_CC_F_ACD_PROVIDER_TRANSFER -  Transformation has allocated a new step: [Database join Carrier ID].0
2020/04/27 17:16:09 - load_CC_F_ACD_PROVIDER_TRANSFER -  Transformation is about to allocate step [Filter out no cc_call_carrier_id] of type [FilterRows]
2020/04/27 17:16:09 - Filter out no cc_call_carrier_id.0 - distribution activated
2020/04/27 17:16:09 - Filter out no cc_call_carrier_id.0 - Starting allocation of buffers & new threads...
2020/04/27 17:16:09 - Filter out no cc_call_carrier_id.0 - Step info: nrinput=1 nroutput=2
2020/04/27 17:16:09 - Filter out no cc_call_carrier_id.0 - Got previous step from [Filter out no cc_call_carrier_id] #0 --> Database join Carrier ID
2020/04/27 17:16:09 - Filter out no cc_call_carrier_id.0 - input rel is 1:1
2020/04/27 17:16:09 - Filter out no cc_call_carrier_id.0 - Found input rowset [Database join Carrier ID.0 - Filter out no cc_call_carrier_id.0]
2020/04/27 17:16:09 - Filter out no cc_call_carrier_id.0 - output rel. is  1:1
2020/04/27 17:16:09 - Filter out no cc_call_carrier_id.0 - Found output rowset [Filter out no cc_call_carrier_id.0 - Select values Provider Transfers.0]
2020/04/27 17:16:09 - Filter out no cc_call_carrier_id.0 - output rel. is  1:1
2020/04/27 17:16:09 - Filter out no cc_call_carrier_id.0 - Found output rowset [Filter out no cc_call_carrier_id.0 - Dummy (do nothing).0]
2020/04/27 17:16:09 - Filter out no cc_call_carrier_id.0 - Finished dispatching
2020/04/27 17:16:09 - load_CC_F_ACD_PROVIDER_TRANSFER -  Transformation has allocated a new step: [Filter out no cc_call_carrier_id].0
2020/04/27 17:16:09 - load_CC_F_ACD_PROVIDER_TRANSFER -  Transformation is about to allocate step [Dummy (do nothing)] of type [Dummy]
2020/04/27 17:16:09 - Dummy (do nothing).0 - distribution activated
2020/04/27 17:16:09 - Dummy (do nothing).0 - Starting allocation of buffers & new threads...
2020/04/27 17:16:09 - Dummy (do nothing).0 - Step info: nrinput=1 nroutput=0
2020/04/27 17:16:09 - Dummy (do nothing).0 - Got previous step from [Dummy (do nothing)] #0 --> Filter out no cc_call_carrier_id
2020/04/27 17:16:09 - Dummy (do nothing).0 - input rel is 1:1
2020/04/27 17:16:09 - Dummy (do nothing).0 - Found input rowset [Filter out no cc_call_carrier_id.0 - Dummy (do nothing).0]
2020/04/27 17:16:09 - Dummy (do nothing).0 - Finished dispatching
2020/04/27 17:16:09 - load_CC_F_ACD_PROVIDER_TRANSFER -  Transformation has allocated a new step: [Dummy (do nothing)].0
2020/04/27 17:16:09 - load_CC_F_ACD_PROVIDER_TRANSFER - This transformation can be replayed with replay date: 2020/04/27 17:16:09
2020/04/27 17:16:09 - load_CC_F_ACD_PROVIDER_TRANSFER - Initialising 12 steps...
2020/04/27 17:16:09 - Add constants 2.0 - Released server socket on port 0
2020/04/27 17:16:09 - Get transformation name 2.0 - Released server socket on port 0
2020/04/27 17:16:09 - Calc_Error_rec I/U.0 - Released server socket on port 0
2020/04/27 17:16:09 - Table output-CC_L_ERROR I/U.0 - Released server socket on port 0
2020/04/27 17:16:09 - MAXDAT - New database connection defined
2020/04/27 17:16:09 - Select values.0 - Released server socket on port 0
2020/04/27 17:16:09 - Select values Provider Transfers.0 - Released server socket on port 0
2020/04/27 17:16:09 - Insert / Update Provider Transfers by day.0 - Released server socket on port 0
2020/04/27 17:16:09 - MAXDAT - New database connection defined
2020/04/27 17:16:09 - Get Carrier Transfers.0 - Released server socket on port 0
2020/04/27 17:16:09 - Database join.0 - Released server socket on port 0
2020/04/27 17:16:09 - MAXDAT - New database connection defined
2020/04/27 17:16:09 - Database join Carrier ID.0 - Released server socket on port 0
2020/04/27 17:16:09 - MAXDAT - New database connection defined
2020/04/27 17:16:09 - Filter out no cc_call_carrier_id.0 - Released server socket on port 0
2020/04/27 17:16:09 - ACD - New database connection defined
2020/04/27 17:16:09 - MAXDAT - launch DDL statement: 
2020/04/27 17:16:09 - MAXDAT - ALTER SESSION SET CURRENT_SCHEMA = CISCO_ENTERPRISE_CC
2020/04/27 17:16:09 - MAXDAT - 1 statement executed
2020/04/27 17:16:09 - MAXDAT - Executed connect time SQL statements:
2020/04/27 17:16:09 - MAXDAT - ALTER SESSION SET CURRENT_SCHEMA = CISCO_ENTERPRISE_CC;
2020/04/27 17:16:09 - Table output-CC_L_ERROR I/U.0 - Connected to database [MAXDAT] (commit=1)
2020/04/27 17:16:09 - MAXDAT - Auto commit off
2020/04/27 17:16:09 - MAXDAT - launch DDL statement: 
2020/04/27 17:16:09 - MAXDAT - ALTER SESSION SET CURRENT_SCHEMA = CISCO_ENTERPRISE_CC
2020/04/27 17:16:09 - MAXDAT - 1 statement executed
2020/04/27 17:16:09 - MAXDAT - Executed connect time SQL statements:
2020/04/27 17:16:09 - MAXDAT - ALTER SESSION SET CURRENT_SCHEMA = CISCO_ENTERPRISE_CC;
2020/04/27 17:16:09 - MAXDAT - Auto commit off
2020/04/27 17:16:09 - MAXDAT - launch DDL statement: 
2020/04/27 17:16:09 - MAXDAT - ALTER SESSION SET CURRENT_SCHEMA = CISCO_ENTERPRISE_CC
2020/04/27 17:16:09 - MAXDAT - 1 statement executed
2020/04/27 17:16:09 - MAXDAT - Executed connect time SQL statements:
2020/04/27 17:16:09 - MAXDAT - ALTER SESSION SET CURRENT_SCHEMA = CISCO_ENTERPRISE_CC;
2020/04/27 17:16:09 - Database join.0 - Connected to database...
2020/04/27 17:16:09 - Dummy (do nothing).0 - Released server socket on port 0
2020/04/27 17:16:09 - MAXDAT - launch DDL statement: 
2020/04/27 17:16:09 - MAXDAT - ALTER SESSION SET CURRENT_SCHEMA = CISCO_ENTERPRISE_CC
2020/04/27 17:16:09 - MAXDAT - 1 statement executed
2020/04/27 17:16:09 - MAXDAT - Executed connect time SQL statements:
2020/04/27 17:16:09 - MAXDAT - ALTER SESSION SET CURRENT_SCHEMA = CISCO_ENTERPRISE_CC;
2020/04/27 17:16:09 - Database join Carrier ID.0 - Connected to database...
2020/04/27 17:16:10 - ACD - Auto commit off
2020/04/27 17:16:10 - Get Carrier Transfers.0 - Connected to database...
2020/04/27 17:16:10 - load_CC_F_ACD_PROVIDER_TRANSFER - Step [Add constants 2.0] initialized flawlessly.
2020/04/27 17:16:10 - load_CC_F_ACD_PROVIDER_TRANSFER - Step [Get transformation name 2.0] initialized flawlessly.
2020/04/27 17:16:10 - load_CC_F_ACD_PROVIDER_TRANSFER - Step [Calc_Error_rec I/U.0] initialized flawlessly.
2020/04/27 17:16:10 - load_CC_F_ACD_PROVIDER_TRANSFER - Step [Table output-CC_L_ERROR I/U.0] initialized flawlessly.
2020/04/27 17:16:10 - load_CC_F_ACD_PROVIDER_TRANSFER - Step [Select values.0] initialized flawlessly.
2020/04/27 17:16:10 - load_CC_F_ACD_PROVIDER_TRANSFER - Step [Select values Provider Transfers.0] initialized flawlessly.
2020/04/27 17:16:10 - load_CC_F_ACD_PROVIDER_TRANSFER - Step [Insert / Update Provider Transfers by day.0] initialized flawlessly.
2020/04/27 17:16:10 - load_CC_F_ACD_PROVIDER_TRANSFER - Step [Get Carrier Transfers.0] initialized flawlessly.
2020/04/27 17:16:10 - load_CC_F_ACD_PROVIDER_TRANSFER - Step [Database join.0] initialized flawlessly.
2020/04/27 17:16:10 - load_CC_F_ACD_PROVIDER_TRANSFER - Step [Database join Carrier ID.0] initialized flawlessly.
2020/04/27 17:16:10 - load_CC_F_ACD_PROVIDER_TRANSFER - Step [Filter out no cc_call_carrier_id.0] initialized flawlessly.
2020/04/27 17:16:10 - load_CC_F_ACD_PROVIDER_TRANSFER - Step [Dummy (do nothing).0] initialized flawlessly.
2020/04/27 17:16:10 - Get transformation name 2.0 - Starting to run...
2020/04/27 17:16:10 - Add constants 2.0 - Starting to run...
2020/04/27 17:16:10 - Table output-CC_L_ERROR I/U.0 - Starting to run...
2020/04/27 17:16:10 - Select values.0 - Starting to run...
2020/04/27 17:16:10 - load_CC_F_ACD_PROVIDER_TRANSFER - Transformation has allocated 12 threads and 11 rowsets.
2020/04/27 17:16:10 - Dummy (do nothing).0 - Starting to run...
2020/04/27 17:16:10 - Filter out no cc_call_carrier_id.0 - Starting to run...
2020/04/27 17:16:10 - Database join Carrier ID.0 - Starting to run...
2020/04/27 17:16:10 - Database join.0 - Starting to run...
2020/04/27 17:16:10 - Get Carrier Transfers.0 - Starting to run...
2020/04/27 17:16:10 - Get Carrier Transfers.0 - SQL query : 
2020/04/27 17:16:10 - Get Carrier Transfers.0 - select x.D_DATE as "Record_date"
2020/04/27 17:16:10 - Get Carrier Transfers.0 -       ,x.d_date_number
2020/04/27 17:16:10 - Get Carrier Transfers.0 -       ,x.Carrier as "Carrier"
2020/04/27 17:16:10 - Get Carrier Transfers.0 -       ,y.CallTypeID
2020/04/27 17:16:10 - Get Carrier Transfers.0 - 	  , 'CA Lifeline' carrierProjectName
2020/04/27 17:16:10 - Get Carrier Transfers.0 -       , 'Customer Service Center' carrierProgramName
2020/04/27 17:16:10 - Get Carrier Transfers.0 -       ,count (*) as Calls_Transferred
2020/04/27 17:16:10 - Get Carrier Transfers.0 -       ,sum(y.TalkTime) as Talk_Secs
2020/04/27 17:16:10 - Get Carrier Transfers.0 -       ,sum(y.HoldTime) as Hold_Secs
2020/04/27 17:16:10 - Get Carrier Transfers.0 -       ,sum(y.Duration) as Duration_Secs
2020/04/27 17:16:10 - Get Carrier Transfers.0 -       ,sum(y.RingTime) as Ringtime_Secs
2020/04/27 17:16:10 - Get Carrier Transfers.0 -       ,sum(y.DelayTime) as Delay_Secs
2020/04/27 17:16:10 - Get Carrier Transfers.0 -       ,sum(TimeToAband) as Abandon_Secs
2020/04/27 17:16:10 - Get Carrier Transfers.0 -       ,sum(WorkTime) as Work_Secs
2020/04/27 17:16:10 - Get Carrier Transfers.0 -       ,sum(NetQTime) as NetQ_Secs     
2020/04/27 17:16:10 - Get Carrier Transfers.0 - from 
2020/04/27 17:16:10 - Get Carrier Transfers.0 - (
2020/04/27 17:16:10 - Get Carrier Transfers.0 - select  distinct CAST(SWITCHOFFSET(TODATETIMEOFFSET(tcd.DateTime, -360), '-05:00') as date)  as D_DATE
2020/04/27 17:16:10 - Get Carrier Transfers.0 -         , CAST(Convert(VARCHAR(8),tcd.DateTime ,112) as INT) d_date_number
2020/04/27 17:16:10 - Get Carrier Transfers.0 - --       ,left(convert(varchar, convert(date, SWITCHOFFSET(TODATETIMEOFFSET(DateTime, -360), '-05:00')),112),6) as month_1
2020/04/27 17:16:10 - Get Carrier Transfers.0 - --       ,datename(month, convert(date, SWITCHOFFSET(TODATETIMEOFFSET(DateTime, -360), '-05:00'))) as month_2
2020/04/27 17:16:10 - Get Carrier Transfers.0 -        ,left(tcd.DigitsDialed,5) as xx
2020/04/27 17:16:10 - Get Carrier Transfers.0 -        ,right(tcd.DigitsDialed,10) as xfer
2020/04/27 17:16:10 - Get Carrier Transfers.0 -        ,  right(tcd.DigitsDialed,10) as Carrier
2020/04/27 17:16:10 - Get Carrier Transfers.0 -        ,RouterCallKeyDay, RouterCallKey
2020/04/27 17:16:10 - Get Carrier Transfers.0 - from maxco_awdb.dbo.Termination_Call_Detail tcd WITH(NOLOCK)
2020/04/27 17:16:10 - Get Carrier Transfers.0 - where 1=1
2020/04/27 17:16:10 - Get Carrier Transfers.0 - and   right(tcd.DigitsDialed,10) in ('2092967599','5303972211','5304676000','5305852211','5595342211','5598686000','8002343993','8002532511','8002882020','8004278686','8004300443','8004596753','8005444441','8006821878','8007233546','8007944741','8663678704','8664888719','8665662583','8665943644','8669594918','8772477799','8772550676','8772667212','8776584611','8776698282','8882255837','8882667618','8883215330','8885433620','8886245622','8888922253','8889008593')
2020/04/27 17:16:10 - Get Carrier Transfers.0 - and   tcd.Variable1 = 'CA Lifeline'
2020/04/27 17:16:10 - Get Carrier Transfers.0 - and   tcd.DateTime > '01-01-2020'
2020/04/27 17:16:10 - Get Carrier Transfers.0 - and CAST(Convert(VARCHAR(8),tcd.DateTime ,112) as INT) >= 20200301 --20191101
2020/04/27 17:16:10 - Get Carrier Transfers.0 - and CAST(Convert(VARCHAR(8),tcd.DateTime ,112) as INT) <= 20200426   --20191201
2020/04/27 17:16:10 - Get Carrier Transfers.0 - --and   tcd.DateTime >= '11-01-2019' 
2020/04/27 17:16:10 - Get Carrier Transfers.0 - --and   tcd.DateTime <  '12-01-2019'
2020/04/27 17:16:10 - Get Carrier Transfers.0 - and   tcd.AgentSkillTargetID is not null
2020/04/27 17:16:10 - Get Carrier Transfers.0 - and   tcd.CallReferenceID is not null
2020/04/27 17:16:10 - Get Carrier Transfers.0 - ) x,
2020/04/27 17:16:10 - Get Carrier Transfers.0 - (
2020/04/27 17:16:10 - Get Carrier Transfers.0 - select 
2020/04/27 17:16:10 - Get Carrier Transfers.0 - distinct CAST(SWITCHOFFSET(TODATETIMEOFFSET(tcd.DateTime, -360), '-05:00') as date)  as D_DATE
2020/04/27 17:16:10 - Get Carrier Transfers.0 - --       ,left(convert(varchar, convert(date, SWITCHOFFSET(TODATETIMEOFFSET(DateTime, -360), '-05:00')),112),6) as month_1
2020/04/27 17:16:10 - Get Carrier Transfers.0 -  --      ,datename(month, convert(date, SWITCHOFFSET(TODATETIMEOFFSET(DateTime, -360), '-05:00'))) as month_2
2020/04/27 17:16:10 - Get Carrier Transfers.0 -        ,RouterCallKeyDay, RouterCallKey
2020/04/27 17:16:10 - Get Carrier Transfers.0 -        ,CallTypeID, PrecisionQueueID,Duration,RingTime,DelayTime,TimeToAband,HoldTime,TalkTime,WorkTime, NetQTime
2020/04/27 17:16:10 - Get Carrier Transfers.0 - from maxco_awdb.dbo.Termination_Call_Detail tcd WITH(NOLOCK)
2020/04/27 17:16:10 - Get Carrier Transfers.0 - where 1=1
2020/04/27 17:16:10 - Get Carrier Transfers.0 - and   tcd.Variable1 = 'CA Lifeline'
2020/04/27 17:16:10 - Get Carrier Transfers.0 - and   tcd.DateTime > '01-01-2020'
2020/04/27 17:16:10 - Get Carrier Transfers.0 - and CAST(Convert(VARCHAR(8),tcd.DateTime ,112) as INT) >= 20200301 --20191101
2020/04/27 17:16:10 - Get Carrier Transfers.0 - and CAST(Convert(VARCHAR(8),tcd.DateTime ,112) as INT) <= 20200426   --20191201
2020/04/27 17:16:10 - Get Carrier Transfers.0 - and   tcd.AgentSkillTargetID is not null
2020/04/27 17:16:10 - Get Carrier Transfers.0 - and   tcd.CallReferenceID is not null
2020/04/27 17:16:10 - Get Carrier Transfers.0 - and   tcd.PrecisionQueueID is not null
2020/04/27 17:16:10 - Get Carrier Transfers.0 - ) y
2020/04/27 17:16:10 - Get Carrier Transfers.0 - where x.RouterCallKeyDay = y.RouterCallKeyDay and x.RouterCallKey = y.RouterCallKey
2020/04/27 17:16:10 - Get Carrier Transfers.0 - group by x.D_DATE,x.d_date_number,x.Carrier, y.CallTypeID
2020/04/27 17:16:10 - Get Carrier Transfers.0 - ;
2020/04/27 17:16:10 - Insert / Update Provider Transfers by day.0 - Starting to run...
2020/04/27 17:16:10 - Select values Provider Transfers.0 - Starting to run...
2020/04/27 17:16:10 - Calc_Error_rec I/U.0 - Starting to run...
2020/04/27 17:18:04 - Get Carrier Transfers.0 - Finished reading query, closing connection.
2020/04/27 17:18:04 - ACD - Connection to database closed!
2020/04/27 17:18:04 - Get Carrier Transfers.0 - Finished processing (I=19, O=0, R=0, W=19, U=0, E=0)
2020/04/27 17:18:07 - Database join.0 - Checking row: [2020-04-14], [20200414], [8007233546], [7764], [CA Lifeline], [Customer Service Center], [1], [226], [19], [277], [1], [1], [0], [30], [0]
2020/04/27 17:18:07 - MAXDAT - Connection to database closed!
2020/04/27 17:18:07 - Database join.0 - Finished processing (I=38, O=0, R=19, W=19, U=0, E=0)
2020/04/27 17:18:07 - Database join Carrier ID.0 - Checking row: [2020-04-14], [20200414], [8007233546], [7764], [CA Lifeline], [Customer Service Center], [1], [226], [19], [277], [1], [1], [0], [30], [0], [4195.0]
2020/04/27 17:18:07 - Insert / Update Provider Transfers by day.0 - Setting preparedStatement to [SELECT CARRIER_NUMBER, CALL_TYPE_ID, TRANSFER_COUNT_DAY, TALK_TIME_SECONDS_DAY, HOLD_TIME_SECONDS_DAY, CALL_DURATION_SECONDS_DAY, RING_TIME_SECONDS_DAY, DELAY_TIME_SECONDS_DAY, TIME_TO_ABAND_SECONDS_DAY, WORK_TIME_SECONDS_DAY, IVR_TIME_SECONDS_DAY, D_DATE_ID, CC_CALL_CARRIER_ID FROM CISCO_ENTERPRISE_CC.CC_CALL_F_PROVIDER_TRANSFERS_BY_DAY WHERE  ( ( D_DATE_ID = ?  ) )  AND  ( ( CC_CALL_CARRIER_ID = ?  ) )  AND  ( ( CALL_TYPE_ID = ?  ) ) ]
2020/04/27 17:18:07 - MAXDAT - Preparing statement: 
2020/04/27 17:18:07 - MAXDAT - INSERT INTO CISCO_ENTERPRISE_CC.CC_CALL_F_PROVIDER_TRANSFERS_BY_DAY (CARRIER_NUMBER, CALL_TYPE_ID, TRANSFER_COUNT_DAY, TALK_TIME_SECONDS_DAY, HOLD_TIME_SECONDS_DAY, CALL_DURATION_SECONDS_DAY, RING_TIME_SECONDS_DAY, DELAY_TIME_SECONDS_DAY, TIME_TO_ABAND_SECONDS_DAY, WORK_TIME_SECONDS_DAY, IVR_TIME_SECONDS_DAY, D_DATE_ID, CC_CALL_CARRIER_ID) VALUES ( ?,  ?,  ?,  ?,  ?,  ?,  ?,  ?,  ?,  ?,  ?,  ?,  ?)
2020/04/27 17:18:07 - Insert / Update Provider Transfers by day.0 - Setting update preparedStatement to [UPDATE CISCO_ENTERPRISE_CC.CC_CALL_F_PROVIDER_TRANSFERS_BY_DAY
2020/04/27 17:18:07 - Insert / Update Provider Transfers by day.0 - SET CARRIER_NUMBER = ?
2020/04/27 17:18:07 - Insert / Update Provider Transfers by day.0 - ,   TRANSFER_COUNT_DAY = ?
2020/04/27 17:18:07 - Insert / Update Provider Transfers by day.0 - ,   TALK_TIME_SECONDS_DAY = ?
2020/04/27 17:18:07 - Insert / Update Provider Transfers by day.0 - ,   HOLD_TIME_SECONDS_DAY = ?
2020/04/27 17:18:07 - Insert / Update Provider Transfers by day.0 - ,   CALL_DURATION_SECONDS_DAY = ?
2020/04/27 17:18:07 - Insert / Update Provider Transfers by day.0 - ,   RING_TIME_SECONDS_DAY = ?
2020/04/27 17:18:07 - Insert / Update Provider Transfers by day.0 - ,   DELAY_TIME_SECONDS_DAY = ?
2020/04/27 17:18:07 - Insert / Update Provider Transfers by day.0 - ,   TIME_TO_ABAND_SECONDS_DAY = ?
2020/04/27 17:18:07 - Insert / Update Provider Transfers by day.0 - ,   WORK_TIME_SECONDS_DAY = ?
2020/04/27 17:18:07 - Insert / Update Provider Transfers by day.0 - ,   IVR_TIME_SECONDS_DAY = ?
2020/04/27 17:18:07 - Insert / Update Provider Transfers by day.0 - WHERE  ( ( D_DATE_ID = ?  ) ) AND    ( ( CC_CALL_CARRIER_ID = ?  ) ) AND    ( ( CALL_TYPE_ID = ?  ) ) ]
2020/04/27 17:18:07 - MAXDAT - Connection to database closed!
2020/04/27 17:18:07 - Database join Carrier ID.0 - Finished processing (I=38, O=0, R=19, W=19, U=0, E=0)
2020/04/27 17:18:07 - Filter out no cc_call_carrier_id.0 - Finished processing (I=0, O=0, R=19, W=19, U=0, E=0)
2020/04/27 17:18:07 - Select values Provider Transfers.0 - Finished processing (I=0, O=0, R=19, W=19, U=0, E=0)
2020/04/27 17:18:07 - Dummy (do nothing).0 - Finished processing (I=0, O=0, R=0, W=0, U=0, E=0)
2020/04/27 17:18:07 - Select values.0 - Finished processing (I=0, O=0, R=0, W=0, U=0, E=0)
2020/04/27 17:18:07 - Calc_Error_rec I/U.0 - Finished processing (I=0, O=0, R=0, W=0, U=0, E=0)
2020/04/27 17:18:07 - MAXDAT - Connection to database closed!
2020/04/27 17:18:07 - Insert / Update Provider Transfers by day.0 - Finished processing (I=19, O=19, R=19, W=19, U=0, E=0)
2020/04/27 17:18:07 - Add constants 2.0 - Finished processing (I=0, O=0, R=0, W=0, U=0, E=0)
2020/04/27 17:18:07 - Get transformation name 2.0 - Finished processing (I=0, O=0, R=0, W=0, U=0, E=0)
2020/04/27 17:18:07 - MAXDAT - Connection to database closed!
2020/04/27 17:18:07 - Table output-CC_L_ERROR I/U.0 - Finished processing (I=0, O=0, R=0, W=0, U=0, E=0)
2020/04/27 17:18:07 - load_CALL_Provider_Transfers - Starting entry [log_CORP_ETL_JOB_STATS_job_end]
2020/04/27 17:18:07 - load_CALL_Provider_Transfers - exec(5, 0, log_CORP_ETL_JOB_STATS_job_end.0)
2020/04/27 17:18:07 - log_CORP_ETL_JOB_STATS_job_end - Starting job entry
2020/04/27 17:18:07 - log_CORP_ETL_JOB_STATS_job_end - Opening transformation: [/u01/maximus/maxdat-dev/CALL8/scripts/main\transforms\utility\log_CORP_ETL_JOB_STATS_job_end.ktr]
2020/04/27 17:18:07 - log_CORP_ETL_JOB_STATS_job_end - Starting transformation...(file=${cc.project.main.directory}\transforms\utility\log_CORP_ETL_JOB_STATS_job_end.ktr, name=log_CORP_ETL_JOB_STATS_job_end, repinfo=null)
2020/04/27 17:18:07 - log_CORP_ETL_JOB_STATS_job_end - Using legacy execution engine
2020/04/27 17:18:07 - log_CORP_ETL_JOB_STATISTICS_job_end - Transformation is pre-loaded.
2020/04/27 17:18:07 - log_CORP_ETL_JOB_STATISTICS_job_end - Dispatching started for transformation [log_CORP_ETL_JOB_STATISTICS_job_end]
2020/04/27 17:18:07 - log_CORP_ETL_JOB_STATISTICS_job_end - Nr of arguments detected:26 
2020/04/27 17:18:07 - log_CORP_ETL_JOB_STATISTICS_job_end - This is not a replay transformation
2020/04/27 17:18:07 - log_CORP_ETL_JOB_STATISTICS_job_end - I found 4 different steps to launch.
2020/04/27 17:18:07 - log_CORP_ETL_JOB_STATISTICS_job_end - Allocating rowsets...
2020/04/27 17:18:07 - log_CORP_ETL_JOB_STATISTICS_job_end -  Allocating rowsets for step 0 --> Get System Info
2020/04/27 17:18:07 - log_CORP_ETL_JOB_STATISTICS_job_end -   prevcopies = 1, nextcopies=1
2020/04/27 17:18:07 - log_CORP_ETL_JOB_STATISTICS_job_end - Transformation allocated new rowset [Get System Info.0 - Get Sequence Number.0]
2020/04/27 17:18:07 - log_CORP_ETL_JOB_STATISTICS_job_end -  Allocated 1 rowsets for step 0 --> Get System Info  
2020/04/27 17:18:07 - log_CORP_ETL_JOB_STATISTICS_job_end -  Allocating rowsets for step 1 --> Get Sequence Number
2020/04/27 17:18:07 - log_CORP_ETL_JOB_STATISTICS_job_end -   prevcopies = 1, nextcopies=1
2020/04/27 17:18:07 - log_CORP_ETL_JOB_STATISTICS_job_end - Transformation allocated new rowset [Get Sequence Number.0 - Add status code.0]
2020/04/27 17:18:07 - log_CORP_ETL_JOB_STATISTICS_job_end -  Allocated 2 rowsets for step 1 --> Get Sequence Number  
2020/04/27 17:18:07 - log_CORP_ETL_JOB_STATISTICS_job_end -  Allocating rowsets for step 2 --> Add status code
2020/04/27 17:18:07 - log_CORP_ETL_JOB_STATISTICS_job_end -   prevcopies = 1, nextcopies=1
2020/04/27 17:18:07 - log_CORP_ETL_JOB_STATISTICS_job_end - Transformation allocated new rowset [Add status code.0 - Update CORP_ETL_JOB_STATISTICS.0]
2020/04/27 17:18:07 - log_CORP_ETL_JOB_STATISTICS_job_end -  Allocated 3 rowsets for step 2 --> Add status code  
2020/04/27 17:18:07 - log_CORP_ETL_JOB_STATISTICS_job_end -  Allocating rowsets for step 3 --> Update CORP_ETL_JOB_STATISTICS
2020/04/27 17:18:07 - log_CORP_ETL_JOB_STATISTICS_job_end -  Allocated 3 rowsets for step 3 --> Update CORP_ETL_JOB_STATISTICS  
2020/04/27 17:18:07 - log_CORP_ETL_JOB_STATISTICS_job_end - Allocating Steps & StepData...
2020/04/27 17:18:07 - log_CORP_ETL_JOB_STATISTICS_job_end -  Transformation is about to allocate step [Get System Info] of type [SystemInfo]
2020/04/27 17:18:07 - Get System Info.0 - distribution activated
2020/04/27 17:18:07 - Get System Info.0 - Starting allocation of buffers & new threads...
2020/04/27 17:18:07 - Get System Info.0 - Step info: nrinput=0 nroutput=1
2020/04/27 17:18:07 - Get System Info.0 - output rel. is  1:1
2020/04/27 17:18:07 - Get System Info.0 - Found output rowset [Get System Info.0 - Get Sequence Number.0]
2020/04/27 17:18:07 - Get System Info.0 - Finished dispatching
2020/04/27 17:18:07 - log_CORP_ETL_JOB_STATISTICS_job_end -  Transformation has allocated a new step: [Get System Info].0
2020/04/27 17:18:07 - log_CORP_ETL_JOB_STATISTICS_job_end -  Transformation is about to allocate step [Get Sequence Number] of type [GetVariable]
2020/04/27 17:18:07 - Get Sequence Number.0 - distribution activated
2020/04/27 17:18:07 - Get Sequence Number.0 - Starting allocation of buffers & new threads...
2020/04/27 17:18:07 - Get Sequence Number.0 - Step info: nrinput=1 nroutput=1
2020/04/27 17:18:07 - Get Sequence Number.0 - Got previous step from [Get Sequence Number] #0 --> Get System Info
2020/04/27 17:18:07 - Get Sequence Number.0 - input rel is 1:1
2020/04/27 17:18:07 - Get Sequence Number.0 - Found input rowset [Get System Info.0 - Get Sequence Number.0]
2020/04/27 17:18:07 - Get Sequence Number.0 - output rel. is  1:1
2020/04/27 17:18:07 - Get Sequence Number.0 - Found output rowset [Get Sequence Number.0 - Add status code.0]
2020/04/27 17:18:07 - Get Sequence Number.0 - Finished dispatching
2020/04/27 17:18:07 - log_CORP_ETL_JOB_STATISTICS_job_end -  Transformation has allocated a new step: [Get Sequence Number].0
2020/04/27 17:18:07 - log_CORP_ETL_JOB_STATISTICS_job_end -  Transformation is about to allocate step [Add status code] of type [Constant]
2020/04/27 17:18:07 - Add status code.0 - distribution activated
2020/04/27 17:18:07 - Add status code.0 - Starting allocation of buffers & new threads...
2020/04/27 17:18:07 - Add status code.0 - Step info: nrinput=1 nroutput=1
2020/04/27 17:18:07 - Add status code.0 - Got previous step from [Add status code] #0 --> Get Sequence Number
2020/04/27 17:18:07 - Add status code.0 - input rel is 1:1
2020/04/27 17:18:07 - Add status code.0 - Found input rowset [Get Sequence Number.0 - Add status code.0]
2020/04/27 17:18:07 - Add status code.0 - output rel. is  1:1
2020/04/27 17:18:07 - Add status code.0 - Found output rowset [Add status code.0 - Update CORP_ETL_JOB_STATISTICS.0]
2020/04/27 17:18:07 - Add status code.0 - Finished dispatching
2020/04/27 17:18:07 - log_CORP_ETL_JOB_STATISTICS_job_end -  Transformation has allocated a new step: [Add status code].0
2020/04/27 17:18:07 - log_CORP_ETL_JOB_STATISTICS_job_end -  Transformation is about to allocate step [Update CORP_ETL_JOB_STATISTICS] of type [Update]
2020/04/27 17:18:07 - Update CORP_ETL_JOB_STATISTICS.0 - distribution activated
2020/04/27 17:18:07 - Update CORP_ETL_JOB_STATISTICS.0 - Starting allocation of buffers & new threads...
2020/04/27 17:18:07 - Update CORP_ETL_JOB_STATISTICS.0 - Step info: nrinput=1 nroutput=0
2020/04/27 17:18:07 - Update CORP_ETL_JOB_STATISTICS.0 - Got previous step from [Update CORP_ETL_JOB_STATISTICS] #0 --> Add status code
2020/04/27 17:18:07 - Update CORP_ETL_JOB_STATISTICS.0 - input rel is 1:1
2020/04/27 17:18:07 - Update CORP_ETL_JOB_STATISTICS.0 - Found input rowset [Add status code.0 - Update CORP_ETL_JOB_STATISTICS.0]
2020/04/27 17:18:07 - Update CORP_ETL_JOB_STATISTICS.0 - Finished dispatching
2020/04/27 17:18:07 - log_CORP_ETL_JOB_STATISTICS_job_end -  Transformation has allocated a new step: [Update CORP_ETL_JOB_STATISTICS].0
2020/04/27 17:18:07 - log_CORP_ETL_JOB_STATISTICS_job_end - This transformation can be replayed with replay date: 2020/04/27 17:18:07
2020/04/27 17:18:07 - log_CORP_ETL_JOB_STATISTICS_job_end - Initialising 4 steps...
2020/04/27 17:18:07 - Get System Info.0 - Released server socket on port 0
2020/04/27 17:18:07 - Get Sequence Number.0 - Released server socket on port 0
2020/04/27 17:18:07 - Add status code.0 - Released server socket on port 0
2020/04/27 17:18:07 - Update CORP_ETL_JOB_STATISTICS.0 - Released server socket on port 0
2020/04/27 17:18:07 - MAXDAT - New database connection defined
2020/04/27 17:18:07 - MAXDAT - launch DDL statement: 
2020/04/27 17:18:07 - MAXDAT - ALTER SESSION SET CURRENT_SCHEMA = CISCO_ENTERPRISE_CC
2020/04/27 17:18:07 - MAXDAT - 1 statement executed
2020/04/27 17:18:07 - MAXDAT - Executed connect time SQL statements:
2020/04/27 17:18:07 - MAXDAT - ALTER SESSION SET CURRENT_SCHEMA = CISCO_ENTERPRISE_CC;
2020/04/27 17:18:07 - Update CORP_ETL_JOB_STATISTICS.0 - Connected to database...
2020/04/27 17:18:07 - MAXDAT - Auto commit off
2020/04/27 17:18:07 - log_CORP_ETL_JOB_STATISTICS_job_end - Step [Get System Info.0] initialized flawlessly.
2020/04/27 17:18:07 - log_CORP_ETL_JOB_STATISTICS_job_end - Step [Get Sequence Number.0] initialized flawlessly.
2020/04/27 17:18:07 - log_CORP_ETL_JOB_STATISTICS_job_end - Step [Add status code.0] initialized flawlessly.
2020/04/27 17:18:07 - log_CORP_ETL_JOB_STATISTICS_job_end - Step [Update CORP_ETL_JOB_STATISTICS.0] initialized flawlessly.
2020/04/27 17:18:07 - Get System Info.0 - Starting to run...
2020/04/27 17:18:07 - Get System Info.0 - Finished processing (I=0, O=0, R=1, W=1, U=0, E=0)
2020/04/27 17:18:07 - Get Sequence Number.0 - Starting to run...
2020/04/27 17:18:07 - Add status code.0 - Starting to run...
2020/04/27 17:18:07 - Update CORP_ETL_JOB_STATISTICS.0 - Starting to run...
2020/04/27 17:18:07 - log_CORP_ETL_JOB_STATISTICS_job_end - Transformation has allocated 4 threads and 3 rowsets.
2020/04/27 17:18:07 - Get Sequence Number.0 - field [jobSeqNum] has value [654]
2020/04/27 17:18:07 - Update CORP_ETL_JOB_STATISTICS.0 - Checking row: [2020/04/27 17:18:07.760], [ 654], [COMPLETED]
2020/04/27 17:18:07 - Update CORP_ETL_JOB_STATISTICS.0 - Setting preparedStatement to [SELECT JOB_ID, JOB_STATUS_CD, JOB_END_DATE FROM CISCO_ENTERPRISE_CC.CORP_ETL_JOB_STATISTICS WHERE  ( ( JOB_ID = ?  ) ) ]
2020/04/27 17:18:07 - Get Sequence Number.0 - Finished processing (I=0, O=0, R=1, W=1, U=0, E=0)
2020/04/27 17:18:07 - Update CORP_ETL_JOB_STATISTICS.0 - Setting update preparedStatement to [UPDATE CISCO_ENTERPRISE_CC.CORP_ETL_JOB_STATISTICS
2020/04/27 17:18:07 - Update CORP_ETL_JOB_STATISTICS.0 - SET JOB_ID = ?
2020/04/27 17:18:07 - Update CORP_ETL_JOB_STATISTICS.0 - ,   JOB_STATUS_CD = ?
2020/04/27 17:18:07 - Update CORP_ETL_JOB_STATISTICS.0 - ,   JOB_END_DATE = ?
2020/04/27 17:18:07 - Update CORP_ETL_JOB_STATISTICS.0 - WHERE  ( ( JOB_ID = ?  ) ) ]
2020/04/27 17:18:07 - Add status code.0 - Finished processing (I=0, O=0, R=1, W=1, U=0, E=0)
2020/04/27 17:18:07 - MAXDAT - Connection to database closed!
2020/04/27 17:18:07 - Update CORP_ETL_JOB_STATISTICS.0 - Finished processing (I=1, O=0, R=1, W=1, U=1, E=0)
2020/04/27 17:18:07 - load_CALL_Provider_Transfers - Starting entry [Success]
2020/04/27 17:18:07 - load_CALL_Provider_Transfers - exec(6, 0, Success.0)
2020/04/27 17:18:07 - Success - Starting job entry
2020/04/27 17:18:07 - load_CALL_Provider_Transfers - Finished job entry [Success] (result=[true])
2020/04/27 17:18:07 - load_CALL_Provider_Transfers - Finished job entry [log_CORP_ETL_JOB_STATS_job_end] (result=[true])
2020/04/27 17:18:07 - load_CALL_Provider_Transfers - Finished job entry [load_CC_F_ACD_PROVIDER_TRANSFER] (result=[true])
2020/04/27 17:18:07 - load_CALL_Provider_Transfers - Finished job entry [logStep] (result=[true])
2020/04/27 17:18:07 - load_CALL_Provider_Transfers - Finished job entry [initialize_start_and_end_date] (result=[true])
2020/04/27 17:18:07 - load_CALL_Provider_Transfers - Finished job entry [log_CORP_ETL_JOB_STATS_job_start] (result=[true])
2020/04/27 17:18:07 - load_CALL_Provider_Transfers - Job execution finished
2020/04/27 17:18:07 - Kitchen - Finished!
2020/04/27 17:18:07 - Kitchen - Start=2020/04/27 17:16:03.020, Stop=2020/04/27 17:18:07.785
2020/04/27 17:18:07 - Kitchen - Processing ended after 2 minutes and 4 seconds (124 seconds total).
