+ . /home/appadmin/.bash_profile
++ '[' -f /home/maxutil/env/shared_bash_profile ']'
++ . /home/maxutil/env/shared_bash_profile
+++ unset ORACLE_BASE ORACLE_HOME ORACLE_SID TNS_ADMIN PRODUCT_HOME
+++ umask 0027
+++ CDPATH=.:/home/appadmin
+++ export CDPATH
+++ TERM=vt220
+++ export TERM
+++ EDITOR=vi
+++ export EDITOR
+++ TMP=/tmp
+++ export TMP
+++ TEMP=/tmp
+++ export TEMP
+++ TMPDIR=/tmp
+++ export TMPDIR
+++ SYSTEM_PATH=/bin:/usr/bin:/usr/local/bin:/usr/local/sbin:/usr/sbin:/sbin:/usr/ccs/bin:/usr/ucb/:/usr/dt/bin:/usr/sfw/bin:/usr/openwin/bin:/usr/X11R6/bin:/home/appadmin/scripts:/home/maxutil/scripts:/home/maxutil/scripts/lib:/home/maxutil/scripts/compile:/home/maxutil/scripts/compile/lib
+++ export SYSTEM_PATH
+++ PATH=.:/bin:/usr/bin:/usr/local/bin:/usr/local/sbin:/usr/sbin:/sbin:/usr/ccs/bin:/usr/ucb/:/usr/dt/bin:/usr/sfw/bin:/usr/openwin/bin:/usr/X11R6/bin:/home/appadmin/scripts:/home/maxutil/scripts:/home/maxutil/scripts/lib:/home/maxutil/scripts/compile:/home/maxutil/scripts/compile/lib:/opt/CollabNet_Subversion/bin
+++ export PATH
+++ SYSTEM_LD_LIBRARY_PATH=/usr/lib:/lib:/usr/X11R6/lib:/usr/lib64
+++ LD_LIBRARY_PATH=/usr/lib:/lib:/usr/X11R6/lib:/usr/lib64
++++ uname
+++ OS=Linux
+++ '[' Xappadmin = X ']'
+++ SETORAENV_ASK=NO
+++ export SETORAENV_ASK
+++ . /home/maxutil/scripts/setoraenv
++++ RUN_MODE=NORMAL
++++ _SELECTION=
++++ ENV_FILE=
+++++ cd /home/appadmin/env
+++++ ls maxdat-prd.env maxdat-prd-web.env oem.env ZZ-ILEB-PRD-shutdown030713.env
+++++ sed s/.env//g
+++++ sort
++++ ENV_FILE_LIST='maxdat-prd
maxdat-prd-web
oem
ZZ-ILEB-PRD-shutdown030713'
+++++ wc -w
+++++ echo maxdat-prd maxdat-prd-web oem ZZ-ILEB-PRD-shutdown030713
+++++ sed 's/ //g'
++++ ENV_FILE_LIST_QTY=4
+++++ cd /home/appadmin/env
+++++ sed s/.env//g
+++++ ls 'mt_*.env'
++++ MT_ENV_FILE_LIST=
+++++ echo
+++++ wc -w
+++++ sed 's/ //g'
++++ MT_ENV_FILE_LIST_QTY=0
++++ '[' XNO = XNO ']'
++++ RUN_MODE=SCRIPT
++++ '[' X = Xhelp ']'
++++ '[' X = X-help ']'
++++ '[' X = X--help ']'
++++ '[' 4 -lt 1 ']'
++++ '[' SCRIPT = SCRIPT ']'
++++ '[' -f /home/appadmin/env/default.env ']'
++++ '[' 4 -eq 1 ']'
++++ '[' 0 -gt 0 ']'
+++++ echo maxdat-prd maxdat-prd-web oem ZZ-ILEB-PRD-shutdown030713
+++++ cut '-d ' -f1
++++ ENV_FILE_LIST=maxdat-prd
++++ ENV_FILE=/home/appadmin/env/maxdat-prd.env
++++ . /home/appadmin/env/maxdat-prd.env
+++++ export APACHE_HOME=/u01/app/appadmin/product/maxdat-prd
+++++ APACHE_HOME=/u01/app/appadmin/product/maxdat-prd
+++++ export ORACLE_HOME=/u01/app/appadmin/product/maxdat-prd
+++++ ORACLE_HOME=/u01/app/appadmin/product/maxdat-prd
+++++ export JAVA_HOME=/u01/app/appadmin/product/java/jdk1.6.0_31
+++++ JAVA_HOME=/u01/app/appadmin/product/java/jdk1.6.0_31
+++ unset SETORAENV_ASK
+++ '[' X = X ']'
+++ '[' X/u01/app/appadmin/product/maxdat-prd '!=' X ']'
+++ export PRODUCT_HOME=/u01/app/appadmin/product/maxdat-prd
+++ PRODUCT_HOME=/u01/app/appadmin/product/maxdat-prd
+++ '[' X = X ']'
+++ '[' X '!=' X ']'
+++ '[' X/u01/app/appadmin/product/maxdat-prd = X ']'
+++ '[' X '!=' X ']'
++ ulimit -n 8192
++ export PENTAHO_JAVA_HOME=/u01/app/appadmin/product/java/jdk1.6.0_31
++ PENTAHO_JAVA_HOME=/u01/app/appadmin/product/java/jdk1.6.0_31
++ export ORACLE_HOME=/u01/app/oracle/product/11gR2
++ ORACLE_HOME=/u01/app/oracle/product/11gR2
++ export TNS_ADMIN=/u01/app/oracle/product/11gR2/network/admin
++ TNS_ADMIN=/u01/app/oracle/product/11gR2/network/admin
++ export MAXDAT_ETL_DIR=/u01/maximus/maxdat-prd/ETL/scripts
++ MAXDAT_ETL_DIR=/u01/maximus/maxdat-prd/ETL/scripts
++ export MAXDAT_LOG_DIR=/u01/maximus/maxdat-prd/ETL/logs
++ MAXDAT_LOG_DIR=/u01/maximus/maxdat-prd/ETL/logs
++ export MAXDAT_ETL_PATH=/u01/maximus/maxdat-prd
++ MAXDAT_ETL_PATH=/u01/maximus/maxdat-prd
++ export KETTLE_NY_HOME=/home/appadmin
++ KETTLE_NY_HOME=/home/appadmin
++ export KETTLE_IL_HOME=/u01/maximus/maxdat-prd/IL/config
++ KETTLE_IL_HOME=/u01/maximus/maxdat-prd/IL/config
++ PATH=.:/bin:/usr/bin:/usr/local/bin:/usr/local/sbin:/usr/sbin:/sbin:/usr/ccs/bin:/usr/ucb/:/usr/dt/bin:/usr/sfw/bin:/usr/openwin/bin:/usr/X11R6/bin:/home/appadmin/scripts:/home/maxutil/scripts:/home/maxutil/scripts/lib:/home/maxutil/scripts/compile:/home/maxutil/scripts/compile/lib:/opt/CollabNet_Subversion/bin:/home/appadmin/bin:/u01/app/oracle/product/11gR2/bin:/home/maxutil/scripts
++ export PATH
++ basename Run_onetime_MANAGE_WORK_09262013.sh .sh
+ PROGNAME=Run_onetime_MANAGE_WORK_09262013
+ PATH=/home/appadmin/.kettle/kettle.properties:.:/u01/app/appadmin/product/pentaho/data-integration/:.:/bin:/usr/bin:/usr/local/bin:/usr/local/sbin:/usr/sbin:/sbin:/usr/ccs/bin:/usr/ucb/:/usr/dt/bin:/usr/sfw/bin:/usr/openwin/bin:/usr/X11R6/bin:/home/appadmin/scripts:/home/maxutil/scripts:/home/maxutil/scripts/lib:/home/maxutil/scripts/compile:/home/maxutil/scripts/compile/lib:/opt/CollabNet_Subversion/bin:/home/appadmin/bin:/u01/app/oracle/product/11gR2/bin:/home/maxutil/scripts
+ export PATH
+ export KETTLE_HOME=/home/appadmin
+ KETTLE_HOME=/home/appadmin
+ export PENTAHO_JAVA_HOME=/u01/app/appadmin/product/java/jdk1.6.0_31
+ PENTAHO_JAVA_HOME=/u01/app/appadmin/product/java/jdk1.6.0_31
+ SCRIPTS_DIR=/u01/app/appadmin/product/pentaho/data-integration
+ CUSTOM_DIR=/u01/maximus/maxdat-prd/ETL/scripts
+ LOG_DIR=/u01/maximus/maxdat-prd/ETL/logs
+ LOG_LEVEL=Detailed
+ INIT_OK=/u01/maximus/maxdat-prd/ETL/scripts/run_init_check.txt
+ CHILD_FAIL=/tmp/child_task_fail.txt
+ EMAIL=MAXDatSystem@maximus.com
+ EMAIL_MESSAGE=/tmp/run_bpm-ERROR-LOG.txt
+ EMAIL_SUBJECT='Errors With run_bpm.sh'
+ rm -f /tmp/run_bpm-ERROR-LOG.txt /tmp/child_task_fail.txt
+ /u01/app/appadmin/product/pentaho/data-integration/pan.sh -file=/u01/maximus/maxdat-prd/ETL/scripts/ONETIME_mw_capture_incident_tracking_number.ktr -level=Detailed
++ date +%Y%m%d_%H%M%S
org.pentaho.di.core.exception.KettleXMLException: 
Unable to read file [file:///u01/maximus/maxdat-prd/ETL/scripts/ONETIME_mw_capture_incident_tracking_number.ktr]
Could not read from "file:///u01/maximus/maxdat-prd/ETL/scripts/ONETIME_mw_capture_incident_tracking_number.ktr" because it is a not a file.

	at org.pentaho.di.core.xml.XMLHandler.loadXMLFile(XMLHandler.java:501)
	at org.pentaho.di.core.xml.XMLHandler.loadXMLFile(XMLHandler.java:485)
	at org.pentaho.di.trans.TransMeta.<init>(TransMeta.java:2344)
	at org.pentaho.di.trans.TransMeta.<init>(TransMeta.java:2326)
	at org.pentaho.di.trans.TransMeta.<init>(TransMeta.java:2313)
	at org.pentaho.di.trans.TransMeta.<init>(TransMeta.java:2290)
	at org.pentaho.di.trans.TransMeta.<init>(TransMeta.java:2265)
	at org.pentaho.di.pan.Pan.main(Pan.java:286)
Caused by: org.apache.commons.vfs.FileNotFoundException: Could not read from "file:///u01/maximus/maxdat-prd/ETL/scripts/ONETIME_mw_capture_incident_tracking_number.ktr" because it is a not a file.
	at org.apache.commons.vfs.provider.AbstractFileObject.getInputStream(Unknown Source)
	at org.apache.commons.vfs.provider.DefaultFileContent.getInputStream(Unknown Source)
	at org.pentaho.di.core.vfs.KettleVFS.getInputStream(KettleVFS.java:237)
	at org.pentaho.di.core.xml.XMLHandler.loadXMLFile(XMLHandler.java:499)
	... 7 more
Caused by: java.io.FileNotFoundException: /u01/maximus/maxdat-prd/ETL/scripts/ONETIME_mw_capture_incident_tracking_number.ktr (No such file or directory)
	at java.io.FileInputStream.open(Native Method)
	at java.io.FileInputStream.<init>(FileInputStream.java:120)
	at org.apache.commons.vfs.provider.local.LocalFile.doGetInputStream(Unknown Source)
	... 11 more
+ rc=1
+ [[ 1 != 0 ]]
+ echo 'exited with status: 1 - ONETIME_mw_capture_incident_tracking_number.ktr, aborting run'
+ mail -s 'Errors With run_bpm.sh' MAXDatSystem@maximus.com
+ cat /tmp/run_bpm-ERROR-LOG.txt
exited with status: 1 - ONETIME_mw_capture_incident_tracking_number.ktr, aborting run
+ exit 1
+ . /home/appadmin/.bash_profile
++ '[' -f /home/maxutil/env/shared_bash_profile ']'
++ . /home/maxutil/env/shared_bash_profile
+++ unset ORACLE_BASE ORACLE_HOME ORACLE_SID TNS_ADMIN PRODUCT_HOME
+++ umask 0027
+++ CDPATH=.:/home/appadmin
+++ export CDPATH
+++ TERM=vt220
+++ export TERM
+++ EDITOR=vi
+++ export EDITOR
+++ TMP=/tmp
+++ export TMP
+++ TEMP=/tmp
+++ export TEMP
+++ TMPDIR=/tmp
+++ export TMPDIR
+++ SYSTEM_PATH=/bin:/usr/bin:/usr/local/bin:/usr/local/sbin:/usr/sbin:/sbin:/usr/ccs/bin:/usr/ucb/:/usr/dt/bin:/usr/sfw/bin:/usr/openwin/bin:/usr/X11R6/bin:/home/appadmin/scripts:/home/maxutil/scripts:/home/maxutil/scripts/lib:/home/maxutil/scripts/compile:/home/maxutil/scripts/compile/lib
+++ export SYSTEM_PATH
+++ PATH=.:/bin:/usr/bin:/usr/local/bin:/usr/local/sbin:/usr/sbin:/sbin:/usr/ccs/bin:/usr/ucb/:/usr/dt/bin:/usr/sfw/bin:/usr/openwin/bin:/usr/X11R6/bin:/home/appadmin/scripts:/home/maxutil/scripts:/home/maxutil/scripts/lib:/home/maxutil/scripts/compile:/home/maxutil/scripts/compile/lib:/opt/CollabNet_Subversion/bin
+++ export PATH
+++ SYSTEM_LD_LIBRARY_PATH=/usr/lib:/lib:/usr/X11R6/lib:/usr/lib64
+++ LD_LIBRARY_PATH=/usr/lib:/lib:/usr/X11R6/lib:/usr/lib64
++++ uname
+++ OS=Linux
+++ '[' Xappadmin = X ']'
+++ SETORAENV_ASK=NO
+++ export SETORAENV_ASK
+++ . /home/maxutil/scripts/setoraenv
++++ RUN_MODE=NORMAL
++++ _SELECTION=
++++ ENV_FILE=
+++++ cd /home/appadmin/env
+++++ ls maxdat-prd.env maxdat-prd-web.env oem.env ZZ-ILEB-PRD-shutdown030713.env
+++++ sed s/.env//g
+++++ sort
++++ ENV_FILE_LIST='maxdat-prd
maxdat-prd-web
oem
ZZ-ILEB-PRD-shutdown030713'
+++++ echo maxdat-prd maxdat-prd-web oem ZZ-ILEB-PRD-shutdown030713
+++++ wc -w
+++++ sed 's/ //g'
++++ ENV_FILE_LIST_QTY=4
+++++ cd /home/appadmin/env
+++++ ls 'mt_*.env'
+++++ sed s/.env//g
++++ MT_ENV_FILE_LIST=
+++++ echo
+++++ wc -w
+++++ sed 's/ //g'
++++ MT_ENV_FILE_LIST_QTY=0
++++ '[' XNO = XNO ']'
++++ RUN_MODE=SCRIPT
++++ '[' X = Xhelp ']'
++++ '[' X = X-help ']'
++++ '[' X = X--help ']'
++++ '[' 4 -lt 1 ']'
++++ '[' SCRIPT = SCRIPT ']'
++++ '[' -f /home/appadmin/env/default.env ']'
++++ '[' 4 -eq 1 ']'
++++ '[' 0 -gt 0 ']'
+++++ echo maxdat-prd maxdat-prd-web oem ZZ-ILEB-PRD-shutdown030713
+++++ cut '-d ' -f1
++++ ENV_FILE_LIST=maxdat-prd
++++ ENV_FILE=/home/appadmin/env/maxdat-prd.env
++++ . /home/appadmin/env/maxdat-prd.env
+++++ export APACHE_HOME=/u01/app/appadmin/product/maxdat-prd
+++++ APACHE_HOME=/u01/app/appadmin/product/maxdat-prd
+++++ export ORACLE_HOME=/u01/app/appadmin/product/maxdat-prd
+++++ ORACLE_HOME=/u01/app/appadmin/product/maxdat-prd
+++++ export JAVA_HOME=/u01/app/appadmin/product/java/jdk1.6.0_31
+++++ JAVA_HOME=/u01/app/appadmin/product/java/jdk1.6.0_31
+++ unset SETORAENV_ASK
+++ '[' X = X ']'
+++ '[' X/u01/app/appadmin/product/maxdat-prd '!=' X ']'
+++ export PRODUCT_HOME=/u01/app/appadmin/product/maxdat-prd
+++ PRODUCT_HOME=/u01/app/appadmin/product/maxdat-prd
+++ '[' X = X ']'
+++ '[' X '!=' X ']'
+++ '[' X/u01/app/appadmin/product/maxdat-prd = X ']'
+++ '[' X '!=' X ']'
++ ulimit -n 8192
++ export PENTAHO_JAVA_HOME=/u01/app/appadmin/product/java/jdk1.6.0_31
++ PENTAHO_JAVA_HOME=/u01/app/appadmin/product/java/jdk1.6.0_31
++ export ORACLE_HOME=/u01/app/oracle/product/11gR2
++ ORACLE_HOME=/u01/app/oracle/product/11gR2
++ export TNS_ADMIN=/u01/app/oracle/product/11gR2/network/admin
++ TNS_ADMIN=/u01/app/oracle/product/11gR2/network/admin
++ export MAXDAT_ETL_DIR=/u01/maximus/maxdat-prd/ETL/scripts
++ MAXDAT_ETL_DIR=/u01/maximus/maxdat-prd/ETL/scripts
++ export MAXDAT_LOG_DIR=/u01/maximus/maxdat-prd/ETL/logs
++ MAXDAT_LOG_DIR=/u01/maximus/maxdat-prd/ETL/logs
++ export MAXDAT_ETL_PATH=/u01/maximus/maxdat-prd
++ MAXDAT_ETL_PATH=/u01/maximus/maxdat-prd
++ export KETTLE_NY_HOME=/home/appadmin
++ KETTLE_NY_HOME=/home/appadmin
++ export KETTLE_IL_HOME=/u01/maximus/maxdat-prd/IL/config
++ KETTLE_IL_HOME=/u01/maximus/maxdat-prd/IL/config
++ PATH=.:/bin:/usr/bin:/usr/local/bin:/usr/local/sbin:/usr/sbin:/sbin:/usr/ccs/bin:/usr/ucb/:/usr/dt/bin:/usr/sfw/bin:/usr/openwin/bin:/usr/X11R6/bin:/home/appadmin/scripts:/home/maxutil/scripts:/home/maxutil/scripts/lib:/home/maxutil/scripts/compile:/home/maxutil/scripts/compile/lib:/opt/CollabNet_Subversion/bin:/home/appadmin/bin:/u01/app/oracle/product/11gR2/bin:/home/maxutil/scripts
++ export PATH
++ basename Run_onetime_MANAGE_WORK_09262013.sh .sh
+ PROGNAME=Run_onetime_MANAGE_WORK_09262013
+ PATH=/home/appadmin/.kettle/kettle.properties:.:/u01/app/appadmin/product/pentaho/data-integration/:.:/bin:/usr/bin:/usr/local/bin:/usr/local/sbin:/usr/sbin:/sbin:/usr/ccs/bin:/usr/ucb/:/usr/dt/bin:/usr/sfw/bin:/usr/openwin/bin:/usr/X11R6/bin:/home/appadmin/scripts:/home/maxutil/scripts:/home/maxutil/scripts/lib:/home/maxutil/scripts/compile:/home/maxutil/scripts/compile/lib:/opt/CollabNet_Subversion/bin:/home/appadmin/bin:/u01/app/oracle/product/11gR2/bin:/home/maxutil/scripts
+ export PATH
+ export KETTLE_HOME=/home/appadmin
+ KETTLE_HOME=/home/appadmin
+ export PENTAHO_JAVA_HOME=/u01/app/appadmin/product/java/jdk1.6.0_31
+ PENTAHO_JAVA_HOME=/u01/app/appadmin/product/java/jdk1.6.0_31
+ SCRIPTS_DIR=/u01/app/appadmin/product/pentaho/data-integration
+ CUSTOM_DIR=/u01/maximus/maxdat-prd/ETL/scripts
+ LOG_DIR=/u01/maximus/maxdat-prd/ETL/logs
+ LOG_LEVEL=Detailed
+ INIT_OK=/u01/maximus/maxdat-prd/ETL/scripts/run_init_check.txt
+ CHILD_FAIL=/tmp/child_task_fail.txt
+ EMAIL=MAXDatSystem@maximus.com
+ EMAIL_MESSAGE=/tmp/run_bpm-ERROR-LOG.txt
+ EMAIL_SUBJECT='Errors With run_bpm.sh'
+ rm -f /tmp/run_bpm-ERROR-LOG.txt /tmp/child_task_fail.txt
+ /u01/app/appadmin/product/pentaho/data-integration/pan.sh -file=/u01/maximus/maxdat-prd/ETL/scripts/ONETIME_mw_capture_incident_tracking_number.ktr -level=Detailed
++ date +%Y%m%d_%H%M%S
+ rc=0
+ [[ 0 != 0 ]]
