#######################################################################
WARNING:  no libwebkitgtk-1.0 detected, some features will be unavailable
    Consider installing the package with apt-get or yum.
    e.g. 'sudo apt-get install libwebkitgtk-1.0-0'
#######################################################################
08:12:08,012 INFO  [KarafBoot] link file /tmp/karaf18388788492998566370already existed
08:12:08,036 INFO  [KarafBoot] link file /tmp/karaf18388788492998566370already existed
08:12:10,981 INFO  [KarafBoot] Checking to see if org.pentaho.clean.karaf.cache is enabled
08:12:11,348 INFO  [KarafInstance] 
*******************************************************************************
*** Karaf Instance Number: 1 at /tmp/karaf18388788492998566370/caches/kitch ***
***   en/data-1                                                             ***
*** Karaf Port:8802                                                         ***
*** OSGI Service Port:9051                                                  ***
*******************************************************************************
2022/09/01 08:12:15 - Kitchen - Logging is at level : Detailed
2022/09/01 08:12:16 - Kitchen - Start of run.
08:14:03,999 ERROR [KarafLifecycleListener] The Kettle Karaf Lifecycle Listener failed to execute properly after waiting for 100 seconds. Releasing lifecycle hold, but some services may be unavailable.
2022/09/01 08:14:04 - ManageWork_RUNALL - Start of job execution
2022/09/01 08:14:04 - ManageWork_RUNALL - exec(0, 0, START.0)
2022/09/01 08:14:04 - START - Starting job entry
2022/09/01 08:14:04 - ManageWork_RUNALL - Starting entry [Create touch file]
2022/09/01 08:14:04 - ManageWork_RUNALL - exec(1, 0, Create touch file.0)
2022/09/01 08:14:04 - Create touch file - Starting job entry
2022/09/01 08:14:04 - Create touch file - File [${SCRIPT_DIR}/ManageWork-touch.txt] created!
2022/09/01 08:14:04 - ManageWork_RUNALL - Starting entry [ManageWork_Get_Variables]
2022/09/01 08:14:04 - ManageWork_RUNALL - exec(2, 0, ManageWork_Get_Variables.0)
2022/09/01 08:14:04 - ManageWork_Get_Variables - Starting job entry
2022/09/01 08:14:04 - ManageWork_Get_Variables - Opening transformation: [file:///home/pentaho/FL/scripts/ManageWork/ManageWork_Get_Variables.ktr]
2022/09/01 08:14:04 - ManageWork_Get_Variables - Starting transformation...(file=${Internal.Job.Filename.Directory}/ManageWork_Get_Variables.ktr, name=ManageWork_Get_Variables, repinfo=null)
2022/09/01 08:14:04 - ManageWork_Get_Variables - Using run configuration [Pentaho local]
2022/09/01 08:14:04 - ManageWork_Get_Variables - Running transformation using the Kettle execution engine
2022/09/01 08:14:04 - ManageWork_Get_Variables - Transformation is pre-loaded.
2022/09/01 08:14:04 - ManageWork_Get_Variables - Dispatching started for transformation [ManageWork_Get_Variables]
2022/09/01 08:14:04 - ManageWork_Get_Variables - Nr of arguments detected:0 
2022/09/01 08:14:04 - ManageWork_Get_Variables - This is not a replay transformation
2022/09/01 08:14:04 - ManageWork_Get_Variables - I found 5 different steps to launch.
2022/09/01 08:14:04 - ManageWork_Get_Variables - Allocating rowsets...
2022/09/01 08:14:04 - ManageWork_Get_Variables -  Allocating rowsets for step 0 --> Generate Rows
2022/09/01 08:14:04 - ManageWork_Get_Variables -   prevcopies = 1, nextcopies=1
2022/09/01 08:14:04 - ManageWork_Get_Variables - Transformation allocated new rowset [Generate Rows.0 - Database lookup Max hist.0]
2022/09/01 08:14:04 - ManageWork_Get_Variables -  Allocated 1 rowsets for step 0 --> Generate Rows  
2022/09/01 08:14:04 - ManageWork_Get_Variables -  Allocating rowsets for step 1 --> Database lookup Max hist
2022/09/01 08:14:04 - ManageWork_Get_Variables -   prevcopies = 1, nextcopies=1
2022/09/01 08:14:04 - ManageWork_Get_Variables - Transformation allocated new rowset [Database lookup Max hist.0 - String operations .0]
2022/09/01 08:14:04 - ManageWork_Get_Variables -  Allocated 2 rowsets for step 1 --> Database lookup Max hist  
2022/09/01 08:14:04 - ManageWork_Get_Variables -  Allocating rowsets for step 2 --> String operations 
2022/09/01 08:14:04 - ManageWork_Get_Variables -   prevcopies = 1, nextcopies=1
2022/09/01 08:14:04 - ManageWork_Get_Variables - Transformation allocated new rowset [String operations .0 - Table input - Max_task_id.0]
2022/09/01 08:14:04 - ManageWork_Get_Variables -  Allocated 3 rowsets for step 2 --> String operations   
2022/09/01 08:14:04 - ManageWork_Get_Variables -  Allocating rowsets for step 3 --> Table input - Max_task_id
2022/09/01 08:14:04 - ManageWork_Get_Variables -   prevcopies = 1, nextcopies=1
2022/09/01 08:14:04 - ManageWork_Get_Variables - Transformation allocated new rowset [Table input - Max_task_id.0 - Set Variables Max_task_id.0]
2022/09/01 08:14:04 - ManageWork_Get_Variables -  Allocated 4 rowsets for step 3 --> Table input - Max_task_id  
2022/09/01 08:14:04 - ManageWork_Get_Variables -  Allocating rowsets for step 4 --> Set Variables Max_task_id
2022/09/01 08:14:04 - ManageWork_Get_Variables -  Allocated 4 rowsets for step 4 --> Set Variables Max_task_id  
2022/09/01 08:14:04 - ManageWork_Get_Variables - Allocating Steps & StepData...
2022/09/01 08:14:04 - ManageWork_Get_Variables -  Transformation is about to allocate step [Generate Rows] of type [RowGenerator]
2022/09/01 08:14:04 - Generate Rows.0 - distribution de-activated
2022/09/01 08:14:04 - Generate Rows.0 - Starting allocation of buffers & new threads...
2022/09/01 08:14:04 - Generate Rows.0 - Step info: nrinput=0 nroutput=1
2022/09/01 08:14:04 - Generate Rows.0 - output rel. is  1:1
2022/09/01 08:14:04 - Generate Rows.0 - Found output rowset [Generate Rows.0 - Database lookup Max hist.0]
2022/09/01 08:14:04 - Generate Rows.0 - Finished dispatching
2022/09/01 08:14:04 - ManageWork_Get_Variables -  Transformation has allocated a new step: [Generate Rows].0
2022/09/01 08:14:04 - ManageWork_Get_Variables -  Transformation is about to allocate step [Database lookup Max hist] of type [DBLookup]
2022/09/01 08:14:04 - Database lookup Max hist.0 - distribution activated
2022/09/01 08:14:04 - Database lookup Max hist.0 - Starting allocation of buffers & new threads...
2022/09/01 08:14:04 - Database lookup Max hist.0 - Step info: nrinput=1 nroutput=1
2022/09/01 08:14:04 - Database lookup Max hist.0 - Got previous step from [Database lookup Max hist] #0 --> Generate Rows
2022/09/01 08:14:04 - Database lookup Max hist.0 - input rel is 1:1
2022/09/01 08:14:04 - Database lookup Max hist.0 - Found input rowset [Generate Rows.0 - Database lookup Max hist.0]
2022/09/01 08:14:04 - Database lookup Max hist.0 - output rel. is  1:1
2022/09/01 08:14:04 - Database lookup Max hist.0 - Found output rowset [Database lookup Max hist.0 - String operations .0]
2022/09/01 08:14:04 - Database lookup Max hist.0 - Finished dispatching
2022/09/01 08:14:04 - ManageWork_Get_Variables -  Transformation has allocated a new step: [Database lookup Max hist].0
2022/09/01 08:14:04 - ManageWork_Get_Variables -  Transformation is about to allocate step [String operations ] of type [StringOperations]
2022/09/01 08:14:04 - String operations .0 - distribution activated
2022/09/01 08:14:04 - String operations .0 - Starting allocation of buffers & new threads...
2022/09/01 08:14:04 - String operations .0 - Step info: nrinput=1 nroutput=1
2022/09/01 08:14:04 - String operations .0 - Got previous step from [String operations ] #0 --> Database lookup Max hist
2022/09/01 08:14:04 - String operations .0 - input rel is 1:1
2022/09/01 08:14:04 - String operations .0 - Found input rowset [Database lookup Max hist.0 - String operations .0]
2022/09/01 08:14:04 - String operations .0 - output rel. is  1:1
2022/09/01 08:14:04 - String operations .0 - Found output rowset [String operations .0 - Table input - Max_task_id.0]
2022/09/01 08:14:04 - String operations .0 - Finished dispatching
2022/09/01 08:14:04 - ManageWork_Get_Variables -  Transformation has allocated a new step: [String operations ].0
2022/09/01 08:14:04 - ManageWork_Get_Variables -  Transformation is about to allocate step [Table input - Max_task_id] of type [TableInput]
2022/09/01 08:14:04 - Table input - Max_task_id.0 - distribution activated
2022/09/01 08:14:04 - Table input - Max_task_id.0 - Starting allocation of buffers & new threads...
2022/09/01 08:14:04 - Table input - Max_task_id.0 - Step info: nrinput=1 nroutput=1
2022/09/01 08:14:04 - Table input - Max_task_id.0 - Got previous step from [Table input - Max_task_id] #0 --> String operations 
2022/09/01 08:14:04 - Table input - Max_task_id.0 - input rel is 1:1
2022/09/01 08:14:04 - Table input - Max_task_id.0 - Found input rowset [String operations .0 - Table input - Max_task_id.0]
2022/09/01 08:14:04 - Table input - Max_task_id.0 - output rel. is  1:1
2022/09/01 08:14:04 - Table input - Max_task_id.0 - Found output rowset [Table input - Max_task_id.0 - Set Variables Max_task_id.0]
2022/09/01 08:14:04 - Table input - Max_task_id.0 - Finished dispatching
2022/09/01 08:14:04 - ManageWork_Get_Variables -  Transformation has allocated a new step: [Table input - Max_task_id].0
2022/09/01 08:14:04 - ManageWork_Get_Variables -  Transformation is about to allocate step [Set Variables Max_task_id] of type [SetVariable]
2022/09/01 08:14:04 - Set Variables Max_task_id.0 - distribution activated
2022/09/01 08:14:04 - Set Variables Max_task_id.0 - Starting allocation of buffers & new threads...
2022/09/01 08:14:04 - Set Variables Max_task_id.0 - Step info: nrinput=1 nroutput=0
2022/09/01 08:14:04 - Set Variables Max_task_id.0 - Got previous step from [Set Variables Max_task_id] #0 --> Table input - Max_task_id
2022/09/01 08:14:04 - Set Variables Max_task_id.0 - input rel is 1:1
2022/09/01 08:14:04 - Set Variables Max_task_id.0 - Found input rowset [Table input - Max_task_id.0 - Set Variables Max_task_id.0]
2022/09/01 08:14:04 - Set Variables Max_task_id.0 - Finished dispatching
2022/09/01 08:14:04 - ManageWork_Get_Variables -  Transformation has allocated a new step: [Set Variables Max_task_id].0
2022/09/01 08:14:04 - ManageWork_Get_Variables - This transformation can be replayed with replay date: 2022/09/01 08:14:04
2022/09/01 08:14:04 - ManageWork_Get_Variables - Initialising 5 steps...
2022/09/01 08:14:04 - Generate Rows.0 - Released server socket on port 0
2022/09/01 08:14:04 - Database lookup Max hist.0 - Released server socket on port 0
2022/09/01 08:14:04 - String operations .0 - Released server socket on port 0
2022/09/01 08:14:04 - Table input - Max_task_id.0 - Released server socket on port 0
2022/09/01 08:14:04 - Set Variables Max_task_id.0 - Released server socket on port 0
2022/09/01 08:14:04 - MAXDAT - New database connection defined
2022/09/01 08:14:04 - MAXDAT - New database connection defined
2022/09/01 08:14:05 - MAXDAT - launch DDL statement: 
2022/09/01 08:14:05 - MAXDAT - ALTER SESSION SET CURRENT_SCHEMA = FLCPD0_MAXDAT
2022/09/01 08:14:05 - MAXDAT - launch DDL statement: 
2022/09/01 08:14:05 - MAXDAT - ALTER SESSION SET CURRENT_SCHEMA = FLCPD0_MAXDAT
2022/09/01 08:14:06 - MAXDAT - 1 statement executed
2022/09/01 08:14:06 - MAXDAT - Executed connect time SQL statements:
2022/09/01 08:14:06 - MAXDAT - ALTER SESSION SET CURRENT_SCHEMA = FLCPD0_MAXDAT;
2022/09/01 08:14:06 - MAXDAT - Auto commit off
2022/09/01 08:14:06 - MAXDAT - 1 statement executed
2022/09/01 08:14:06 - Database lookup Max hist.0 - Connected to database...
2022/09/01 08:14:06 - MAXDAT - Executed connect time SQL statements:
2022/09/01 08:14:06 - MAXDAT - ALTER SESSION SET CURRENT_SCHEMA = FLCPD0_MAXDAT;
2022/09/01 08:14:06 - MAXDAT - Auto commit off
2022/09/01 08:14:06 - Table input - Max_task_id.0 - Connected to database...
2022/09/01 08:14:06 - ManageWork_Get_Variables - Step [Generate Rows.0] initialized flawlessly.
2022/09/01 08:14:06 - ManageWork_Get_Variables - Step [Database lookup Max hist.0] initialized flawlessly.
2022/09/01 08:14:06 - ManageWork_Get_Variables - Step [String operations .0] initialized flawlessly.
2022/09/01 08:14:06 - ManageWork_Get_Variables - Step [Table input - Max_task_id.0] initialized flawlessly.
2022/09/01 08:14:06 - ManageWork_Get_Variables - Step [Set Variables Max_task_id.0] initialized flawlessly.
2022/09/01 08:14:06 - Generate Rows.0 - Starting to run...
2022/09/01 08:14:06 - Database lookup Max hist.0 - Starting to run...
2022/09/01 08:14:06 - String operations .0 - Starting to run...
2022/09/01 08:14:06 - Table input - Max_task_id.0 - Starting to run...
2022/09/01 08:14:06 - Table input - Max_task_id.0 - SQL query : SELECT max(New_Max_TASK_ID) NEW_max_task_id  FROM
2022/09/01 08:14:06 - Table input - Max_task_id.0 -  ( SELECT  TO_CHAR(NVL(VALUE, 0)) New_Max_Task_ID  FROM CORP_ETL_CONTROL 
2022/09/01 08:14:06 - Table input - Max_task_id.0 -        WHERE NAME = 'MW_LAST_TASK_ID' 
2022/09/01 08:14:06 - Table input - Max_task_id.0 -       UNION 
2022/09/01 08:14:06 - Table input - Max_task_id.0 -        SELECT TO_CHAR(NVL(MAX(TASK_ID), 0))  New_Max_TASK_ID 
2022/09/01 08:14:06 - Table input - Max_task_id.0 -        FROM FLHK_ETL_MANAGE_WORK)
2022/09/01 08:14:06 - Set Variables Max_task_id.0 - Starting to run...
2022/09/01 08:14:06 - ManageWork_Get_Variables - Transformation has allocated 5 threads and 4 rowsets.
2022/09/01 08:14:06 - Generate Rows.0 - Finished processing (I=0, O=0, R=0, W=1, U=0, E=0)
2022/09/01 08:14:06 - MAXDAT - Setting preparedStatement to [SELECT VALUE FROM CORP_ETL_CONTROL WHERE NAME = ? ]
2022/09/01 08:14:06 - Database lookup Max hist.0 - Checking row: [MW_LAST_TASK_ID]
2022/09/01 08:14:06 - Table input - Max_task_id.0 - Finished reading query, closing connection
2022/09/01 08:14:06 - Set Variables Max_task_id.0 - Setting environment variables...
2022/09/01 08:14:06 - Set Variables Max_task_id.0 - Set variable NEW_MAX_TASK_ID to value [6803927]
2022/09/01 08:14:06 - MAXDAT - Connection to database closed!
2022/09/01 08:14:06 - Set Variables Max_task_id.0 - Finished after 1 rows.
2022/09/01 08:14:06 - Set Variables Max_task_id.0 - Finished processing (I=0, O=0, R=1, W=1, U=0, E=0)
2022/09/01 08:14:06 - String operations .0 - Finished processing (I=0, O=0, R=1, W=1, U=0, E=0)
2022/09/01 08:14:06 - Table input - Max_task_id.0 - Finished processing (I=1, O=0, R=0, W=1, U=0, E=0)
2022/09/01 08:14:06 - MAXDAT - Connection to database closed!
2022/09/01 08:14:06 - Database lookup Max hist.0 - Finished processing (I=1, O=0, R=1, W=1, U=0, E=0)
2022/09/01 08:14:06 - ManageWork_RUNALL - Starting entry [ManageWork_Insert]
2022/09/01 08:14:06 - ManageWork_RUNALL - exec(3, 0, ManageWork_Insert.0)
2022/09/01 08:14:06 - ManageWork_Insert - Starting job entry
2022/09/01 08:14:06 - ManageWork_Insert - Opening transformation: [file:///home/pentaho/FL/scripts/ManageWork/ManageWork_Insert.ktr]
2022/09/01 08:14:06 - ManageWork_Insert - Starting transformation...(file=${Internal.Job.Filename.Directory}/ManageWork_Insert.ktr, name=ManageWork_Insert, repinfo=null)
2022/09/01 08:14:06 - ManageWork_Insert - Running transformation using the Kettle execution engine
2022/09/01 08:14:06 - ManageWork_Insert - Transformation is pre-loaded.
2022/09/01 08:14:06 - ManageWork_Insert - Dispatching started for transformation [ManageWork_Insert]
2022/09/01 08:14:06 - ManageWork_Insert - Nr of arguments detected:0 
2022/09/01 08:14:06 - ManageWork_Insert - This is not a replay transformation
2022/09/01 08:14:06 - ManageWork_Insert - I found 3 different steps to launch.
2022/09/01 08:14:06 - ManageWork_Insert - Allocating rowsets...
2022/09/01 08:14:06 - ManageWork_Insert -  Allocating rowsets for step 0 --> Table Output - FLHK_ETL_MANAGE_WORK
2022/09/01 08:14:06 - ManageWork_Insert -   prevcopies = 1, nextcopies=1
2022/09/01 08:14:06 - ManageWork_Insert - Transformation allocated new rowset [Table Output - FLHK_ETL_MANAGE_WORK.0 - Table output OLTP - error.0]
2022/09/01 08:14:06 - ManageWork_Insert -  Allocated 1 rowsets for step 0 --> Table Output - FLHK_ETL_MANAGE_WORK  
2022/09/01 08:14:06 - ManageWork_Insert -  Allocating rowsets for step 1 --> Table output OLTP - error
2022/09/01 08:14:06 - ManageWork_Insert -  Allocated 1 rowsets for step 1 --> Table output OLTP - error  
2022/09/01 08:14:06 - ManageWork_Insert -  Allocating rowsets for step 2 --> Table input - OLTP 
2022/09/01 08:14:06 - ManageWork_Insert -   prevcopies = 1, nextcopies=1
2022/09/01 08:14:06 - ManageWork_Insert - Transformation allocated new rowset [Table input - OLTP .0 - Table Output - FLHK_ETL_MANAGE_WORK.0]
2022/09/01 08:14:06 - ManageWork_Insert -  Allocated 2 rowsets for step 2 --> Table input - OLTP   
2022/09/01 08:14:06 - ManageWork_Insert - Allocating Steps & StepData...
2022/09/01 08:14:06 - ManageWork_Insert -  Transformation is about to allocate step [Table Output - FLHK_ETL_MANAGE_WORK] of type [TableOutput]
2022/09/01 08:14:06 - Table Output - FLHK_ETL_MANAGE_WORK.0 - distribution activated
2022/09/01 08:14:06 - Table Output - FLHK_ETL_MANAGE_WORK.0 - Starting allocation of buffers & new threads...
2022/09/01 08:14:06 - Table Output - FLHK_ETL_MANAGE_WORK.0 - Step info: nrinput=1 nroutput=1
2022/09/01 08:14:06 - Table Output - FLHK_ETL_MANAGE_WORK.0 - Got previous step from [Table Output - FLHK_ETL_MANAGE_WORK] #0 --> Table input - OLTP 
2022/09/01 08:14:06 - Table Output - FLHK_ETL_MANAGE_WORK.0 - input rel is 1:1
2022/09/01 08:14:06 - Table Output - FLHK_ETL_MANAGE_WORK.0 - Found input rowset [Table input - OLTP .0 - Table Output - FLHK_ETL_MANAGE_WORK.0]
2022/09/01 08:14:06 - Table Output - FLHK_ETL_MANAGE_WORK.0 - output rel. is  1:1
2022/09/01 08:14:06 - Table Output - FLHK_ETL_MANAGE_WORK.0 - Found output rowset [Table Output - FLHK_ETL_MANAGE_WORK.0 - Table output OLTP - error.0]
2022/09/01 08:14:06 - Table Output - FLHK_ETL_MANAGE_WORK.0 - Finished dispatching
2022/09/01 08:14:06 - ManageWork_Insert -  Transformation has allocated a new step: [Table Output - FLHK_ETL_MANAGE_WORK].0
2022/09/01 08:14:06 - ManageWork_Insert -  Transformation is about to allocate step [Table output OLTP - error] of type [TableOutput]
2022/09/01 08:14:06 - Table output OLTP - error.0 - distribution activated
2022/09/01 08:14:06 - Table output OLTP - error.0 - Starting allocation of buffers & new threads...
2022/09/01 08:14:06 - Table output OLTP - error.0 - Step info: nrinput=1 nroutput=0
2022/09/01 08:14:06 - Table output OLTP - error.0 - Got previous step from [Table output OLTP - error] #0 --> Table Output - FLHK_ETL_MANAGE_WORK
2022/09/01 08:14:06 - Table output OLTP - error.0 - input rel is 1:1
2022/09/01 08:14:06 - Table output OLTP - error.0 - Found input rowset [Table Output - FLHK_ETL_MANAGE_WORK.0 - Table output OLTP - error.0]
2022/09/01 08:14:06 - Table output OLTP - error.0 - Finished dispatching
2022/09/01 08:14:06 - ManageWork_Insert -  Transformation has allocated a new step: [Table output OLTP - error].0
2022/09/01 08:14:06 - ManageWork_Insert -  Transformation is about to allocate step [Table input - OLTP ] of type [TableInput]
2022/09/01 08:14:06 - Table input - OLTP .0 - distribution activated
2022/09/01 08:14:06 - Table input - OLTP .0 - Starting allocation of buffers & new threads...
2022/09/01 08:14:06 - Table input - OLTP .0 - Step info: nrinput=0 nroutput=1
2022/09/01 08:14:06 - Table input - OLTP .0 - output rel. is  1:1
2022/09/01 08:14:06 - Table input - OLTP .0 - Found output rowset [Table input - OLTP .0 - Table Output - FLHK_ETL_MANAGE_WORK.0]
2022/09/01 08:14:06 - Table input - OLTP .0 - Finished dispatching
2022/09/01 08:14:06 - ManageWork_Insert -  Transformation has allocated a new step: [Table input - OLTP ].0
2022/09/01 08:14:06 - ManageWork_Insert - This transformation can be replayed with replay date: 2022/09/01 08:14:06
2022/09/01 08:14:06 - ManageWork_Insert - Initialising 3 steps...
2022/09/01 08:14:06 - Table Output - FLHK_ETL_MANAGE_WORK.0 - Released server socket on port 0
2022/09/01 08:14:06 - Table Output - FLHK_ETL_MANAGE_WORK.0 - WARNING! Error handling in combination with batch processing is not fully supported on the used database because of driver limitations. Proceed with caution at your own risk.
2022/09/01 08:14:06 - MAXDAT - New database connection defined
2022/09/01 08:14:06 - Table output OLTP - error.0 - Released server socket on port 0
2022/09/01 08:14:06 - MAXDAT - New database connection defined
2022/09/01 08:14:06 - Table input - OLTP .0 - Released server socket on port 0
2022/09/01 08:14:06 - TASK - New database connection defined
2022/09/01 08:14:06 - MAXDAT - Creating database connection pool for 'MAXDAT'...
2022/09/01 08:14:17 - MAXDAT - Successfully created database connection pool for 'MAXDAT'
2022/09/01 08:14:17 - Table output OLTP - error.0 - Connected to database [MAXDAT] (commit=100)
2022/09/01 08:14:17 - MAXDAT - Auto commit off
2022/09/01 08:14:17 - Table Output - FLHK_ETL_MANAGE_WORK.0 - Connected to database [MAXDAT] (commit=1000)
2022/09/01 08:14:17 - MAXDAT - Auto commit off
2022/09/01 08:28:28 - ManageWork_Insert - Step [Table Output - FLHK_ETL_MANAGE_WORK.0] initialized flawlessly.
2022/09/01 08:28:28 - ManageWork_Insert - Step [Table output OLTP - error.0] initialized flawlessly.
2022/09/01 08:28:28 - MAXDAT - Connection to database closed!
2022/09/01 08:28:28 - MAXDAT - Connection to database closed!
2022/09/01 08:28:28 - Table input - OLTP .0 - Finished reading query, closing connection
2022/09/01 08:28:28 - ManageWork_RUNALL - Finished job entry [ManageWork_Insert] (result=[false])
2022/09/01 08:28:28 - ManageWork_RUNALL - Finished job entry [ManageWork_Get_Variables] (result=[false])
2022/09/01 08:28:28 - ManageWork_RUNALL - Finished job entry [Create touch file] (result=[false])
2022/09/01 08:28:28 - ManageWork_RUNALL - Job execution finished
2022/09/01 08:28:28 - ManageWork_RUNALL - MetaFileCache Loading Summary
2022/09/01 08:28:28 - ManageWork_RUNALL - FILENAME:file:///home/pentaho/FL/scripts/ManageWork/ManageWork_Get_Variables.ktr was loaded 0 times from the cache.
2022/09/01 08:28:28 - ManageWork_RUNALL - FILENAME:file:///home/pentaho/FL/scripts/ManageWork/ManageWork_Insert.ktr was loaded 0 times from the cache.
2022/09/01 08:28:28 - Kitchen - Finished!
2022/09/01 08:28:28 - Kitchen - Start=2022/09/01 08:14:04.496, Stop=2022/09/01 08:28:28.737
2022/09/01 08:28:28 - Kitchen - Processing ended after 14 minutes and 24 seconds (864 seconds total).
see: /home/pentaho/logs/home/pentaho/FL/scripts/ManageWork/ManageWork_RunALL.kjb_20220901_081200.log for details.
