2022-08-31 07:12:45.542 WARN  <Thread-82> [/home/pentaho/FL/scripts/bpm_Init_check9.kjb]  Start of job execution
2022-08-31 07:12:45.603 INFO  <Thread-82> [/home/pentaho/FL/scripts/bpm_Init_check9.kjb]  exec(0, 0, START.0)
2022-08-31 07:12:45.606 INFO  <Thread-82> [/home/pentaho/FL/scripts/bpm_Init_check9.kjb]  Starting job entry
2022-08-31 07:12:45.610 INFO  <Thread-82> [/home/pentaho/FL/scripts/bpm_Init_check9.kjb]  Starting entry [Check Db connections]
2022-08-31 07:12:45.611 INFO  <Thread-82> [/home/pentaho/FL/scripts/bpm_Init_check9.kjb]  exec(1, 0, Check Db connections.0)
2022-08-31 07:12:45.612 INFO  <Thread-82> [/home/pentaho/FL/scripts/bpm_Init_check9.kjb]  Starting job entry
2022-08-31 07:12:45.635 INFO  <Thread-82> [/home/pentaho/FL/scripts/bpm_Init_check9.kjb]  New database connection defined
2022-08-31 07:12:47.007 INFO  <Thread-82> [/home/pentaho/FL/scripts/bpm_Init_check9.kjb]  launch DDL statement: 
ALTER SESSION SET CURRENT_SCHEMA = FLCPD0_MAXDAT
2022-08-31 07:12:47.212 INFO  <Thread-82> [/home/pentaho/FL/scripts/bpm_Init_check9.kjb]  1 statement executed
2022-08-31 07:12:47.213 INFO  <Thread-82> [/home/pentaho/FL/scripts/bpm_Init_check9.kjb]  Executed connect time SQL statements:
ALTER SESSION SET CURRENT_SCHEMA = FLCPD0_MAXDAT;
2022-08-31 07:12:47.213 INFO  <Thread-82> [/home/pentaho/FL/scripts/bpm_Init_check9.kjb]  Connected to database [${DB_MAXDAT_NAME}] (connection [MAXDAT])...
2022-08-31 07:12:47.214 INFO  <Thread-82> [/home/pentaho/FL/scripts/bpm_Init_check9.kjb]  We need to leave the connection open 50 Milliseconds ...
2022-08-31 07:12:47.314 INFO  <Thread-82> [/home/pentaho/FL/scripts/bpm_Init_check9.kjb]  Wait time is elapsed for database [${DB_MAXDAT_NAME}] (connection [MAXDAT]). The connection will be closed ...
2022-08-31 07:12:47.314 INFO  <Thread-82> [/home/pentaho/FL/scripts/bpm_Init_check9.kjb]  We can successfully connect to database [${DB_MAXDAT_NAME}] (connection [MAXDAT])
2022-08-31 07:12:47.317 INFO  <Thread-82> [/home/pentaho/FL/scripts/bpm_Init_check9.kjb]  Connection to database closed!
2022-08-31 07:12:47.318 INFO  <Thread-82> [/home/pentaho/FL/scripts/bpm_Init_check9.kjb]  New database connection defined
2022-08-31 07:12:47.852 INFO  <Thread-82> [/home/pentaho/FL/scripts/bpm_Init_check9.kjb]  launch DDL statement: 
alter session set current_schema = FLCPD0_VIDA
2022-08-31 07:12:47.857 INFO  <Thread-82> [/home/pentaho/FL/scripts/bpm_Init_check9.kjb]  1 statement executed
2022-08-31 07:12:47.857 INFO  <Thread-82> [/home/pentaho/FL/scripts/bpm_Init_check9.kjb]  Executed connect time SQL statements:
alter session set current_schema = FLCPD0_VIDA;
2022-08-31 07:12:47.857 INFO  <Thread-82> [/home/pentaho/FL/scripts/bpm_Init_check9.kjb]  Connected to database [${DB_OLTP_NAME}] (connection [OLTP_SOURCE])...
2022-08-31 07:12:47.857 INFO  <Thread-82> [/home/pentaho/FL/scripts/bpm_Init_check9.kjb]  We need to leave the connection open 50 Milliseconds ...
2022-08-31 07:12:47.958 INFO  <Thread-82> [/home/pentaho/FL/scripts/bpm_Init_check9.kjb]  Wait time is elapsed for database [${DB_OLTP_NAME}] (connection [OLTP_SOURCE]). The connection will be closed ...
2022-08-31 07:12:47.958 INFO  <Thread-82> [/home/pentaho/FL/scripts/bpm_Init_check9.kjb]  We can successfully connect to database [${DB_OLTP_NAME}] (connection [OLTP_SOURCE])
2022-08-31 07:12:47.960 INFO  <Thread-82> [/home/pentaho/FL/scripts/bpm_Init_check9.kjb]  Connection to database closed!
2022-08-31 07:12:47.960 INFO  <Thread-82> [/home/pentaho/FL/scripts/bpm_Init_check9.kjb]  =======================================
2022-08-31 07:12:47.961 INFO  <Thread-82> [/home/pentaho/FL/scripts/bpm_Init_check9.kjb]  [0] connections were in error.
2022-08-31 07:12:47.961 INFO  <Thread-82> [/home/pentaho/FL/scripts/bpm_Init_check9.kjb]  [2] connections were successfully checked.
2022-08-31 07:12:47.961 INFO  <Thread-82> [/home/pentaho/FL/scripts/bpm_Init_check9.kjb]  =======================================
2022-08-31 07:12:47.962 INFO  <Thread-82> [/home/pentaho/FL/scripts/bpm_Init_check9.kjb]  Starting entry [Success]
2022-08-31 07:12:47.962 INFO  <Thread-82> [/home/pentaho/FL/scripts/bpm_Init_check9.kjb]  exec(2, 0, Success.0)
2022-08-31 07:12:47.963 INFO  <Thread-82> [/home/pentaho/FL/scripts/bpm_Init_check9.kjb]  Starting job entry
2022-08-31 07:12:47.963 INFO  <Thread-82> [/home/pentaho/FL/scripts/bpm_Init_check9.kjb]  Finished job entry [Success] (result=[true])
2022-08-31 07:12:47.964 INFO  <Thread-82> [/home/pentaho/FL/scripts/bpm_Init_check9.kjb]  Finished job entry [Check Db connections] (result=[true])
2022-08-31 07:12:47.964 WARN  <Thread-82> [/home/pentaho/FL/scripts/bpm_Init_check9.kjb]  Job execution finished
2022-08-31 07:14:23.835 WARN  <Thread-82> [/home/pentaho/FL/scripts/MW_V2/MW_V2_RUNALL.kjb]  Start of job execution
2022-08-31 07:14:23.857 INFO  <Thread-82> [/home/pentaho/FL/scripts/MW_V2/MW_V2_RUNALL.kjb]  exec(0, 0, START.0)
2022-08-31 07:14:23.860 INFO  <Thread-82> [/home/pentaho/FL/scripts/MW_V2/MW_V2_RUNALL.kjb]  Starting job entry
2022-08-31 07:14:23.868 INFO  <Thread-82> [/home/pentaho/FL/scripts/MW_V2/MW_V2_RUNALL.kjb]  Starting entry [Wait for MW done file]
2022-08-31 07:14:23.868 INFO  <Thread-82> [/home/pentaho/FL/scripts/MW_V2/MW_V2_RUNALL.kjb]  exec(1, 0, Wait for MW done file.0)
2022-08-31 07:14:23.870 INFO  <Thread-82> [/home/pentaho/FL/scripts/MW_V2/MW_V2_RUNALL.kjb]  Starting job entry
2022-08-31 07:14:23.897 INFO  <Thread-82> [/home/pentaho/FL/scripts/MW_V2/MW_V2_RUNALL.kjb]  Waiting 1000 seconds for file [${FLHK8_LOG_DIR}/ManageWork_done.txt]
2022-08-31 07:14:23.898 INFO  <Thread-82> [/home/pentaho/FL/scripts/MW_V2/MW_V2_RUNALL.kjb]  Sleeping 30 seconds before next check for file [${FLHK8_LOG_DIR}/ManageWork_done.txt]
2022-08-31 07:14:23.971 WARN  <Thread-81> [/home/pentaho/FL/scripts/ManageWork/ManageWork_RUNALL.kjb]  Start of job execution
2022-08-31 07:14:23.994 INFO  <Thread-81> [/home/pentaho/FL/scripts/ManageWork/ManageWork_RUNALL.kjb]  exec(0, 0, START.0)
2022-08-31 07:14:23.997 INFO  <Thread-81> [/home/pentaho/FL/scripts/ManageWork/ManageWork_RUNALL.kjb]  Starting job entry
2022-08-31 07:14:24.005 INFO  <Thread-81> [/home/pentaho/FL/scripts/ManageWork/ManageWork_RUNALL.kjb]  Starting entry [Delete done file]
2022-08-31 07:14:24.006 INFO  <Thread-81> [/home/pentaho/FL/scripts/ManageWork/ManageWork_RUNALL.kjb]  exec(1, 0, Delete done file.0)
2022-08-31 07:14:24.008 INFO  <Thread-81> [/home/pentaho/FL/scripts/ManageWork/ManageWork_RUNALL.kjb]  Starting job entry
2022-08-31 07:14:24.045 ERROR <Thread-81> [/home/pentaho/FL/scripts/ManageWork/ManageWork_RUNALL.kjb]  File [${FLHK8_LOG_DIR}/ManageWork_done.txt] does not exist, failing.
2022-08-31 07:14:24.047 INFO  <Thread-81> [/home/pentaho/FL/scripts/ManageWork/ManageWork_RUNALL.kjb]  Finished job entry [Delete done file] (result=[false])
2022-08-31 07:14:24.047 WARN  <Thread-81> [/home/pentaho/FL/scripts/ManageWork/ManageWork_RUNALL.kjb]  Job execution finished
2022-08-31 07:14:53.899 INFO  <Thread-82> [/home/pentaho/FL/scripts/MW_V2/MW_V2_RUNALL.kjb]  Sleeping 30 seconds before next check for file [${FLHK8_LOG_DIR}/ManageWork_done.txt]
2022-08-31 07:15:23.899 INFO  <Thread-82> [/home/pentaho/FL/scripts/MW_V2/MW_V2_RUNALL.kjb]  Sleeping 30 seconds before next check for file [${FLHK8_LOG_DIR}/ManageWork_done.txt]
2022-08-31 07:15:53.900 INFO  <Thread-82> [/home/pentaho/FL/scripts/MW_V2/MW_V2_RUNALL.kjb]  Sleeping 30 seconds before next check for file [${FLHK8_LOG_DIR}/ManageWork_done.txt]
2022-08-31 07:16:23.901 INFO  <Thread-82> [/home/pentaho/FL/scripts/MW_V2/MW_V2_RUNALL.kjb]  Sleeping 30 seconds before next check for file [${FLHK8_LOG_DIR}/ManageWork_done.txt]
2022-08-31 07:16:53.902 INFO  <Thread-82> [/home/pentaho/FL/scripts/MW_V2/MW_V2_RUNALL.kjb]  Sleeping 30 seconds before next check for file [${FLHK8_LOG_DIR}/ManageWork_done.txt]
2022-08-31 07:17:23.903 INFO  <Thread-82> [/home/pentaho/FL/scripts/MW_V2/MW_V2_RUNALL.kjb]  Sleeping 30 seconds before next check for file [${FLHK8_LOG_DIR}/ManageWork_done.txt]
2022-08-31 07:17:53.903 INFO  <Thread-82> [/home/pentaho/FL/scripts/MW_V2/MW_V2_RUNALL.kjb]  Sleeping 30 seconds before next check for file [${FLHK8_LOG_DIR}/ManageWork_done.txt]
2022-08-31 07:18:23.904 INFO  <Thread-82> [/home/pentaho/FL/scripts/MW_V2/MW_V2_RUNALL.kjb]  Sleeping 30 seconds before next check for file [${FLHK8_LOG_DIR}/ManageWork_done.txt]
2022-08-31 07:18:53.904 INFO  <Thread-82> [/home/pentaho/FL/scripts/MW_V2/MW_V2_RUNALL.kjb]  Sleeping 30 seconds before next check for file [${FLHK8_LOG_DIR}/ManageWork_done.txt]
2022-08-31 07:19:23.905 INFO  <Thread-82> [/home/pentaho/FL/scripts/MW_V2/MW_V2_RUNALL.kjb]  Sleeping 30 seconds before next check for file [${FLHK8_LOG_DIR}/ManageWork_done.txt]
2022-08-31 07:19:53.906 INFO  <Thread-82> [/home/pentaho/FL/scripts/MW_V2/MW_V2_RUNALL.kjb]  Sleeping 30 seconds before next check for file [${FLHK8_LOG_DIR}/ManageWork_done.txt]
2022-08-31 07:20:23.907 INFO  <Thread-82> [/home/pentaho/FL/scripts/MW_V2/MW_V2_RUNALL.kjb]  Sleeping 30 seconds before next check for file [${FLHK8_LOG_DIR}/ManageWork_done.txt]
2022-08-31 07:20:53.907 INFO  <Thread-82> [/home/pentaho/FL/scripts/MW_V2/MW_V2_RUNALL.kjb]  Sleeping 30 seconds before next check for file [${FLHK8_LOG_DIR}/ManageWork_done.txt]
2022-08-31 07:21:23.908 INFO  <Thread-82> [/home/pentaho/FL/scripts/MW_V2/MW_V2_RUNALL.kjb]  Sleeping 30 seconds before next check for file [${FLHK8_LOG_DIR}/ManageWork_done.txt]
2022-08-31 07:21:53.909 INFO  <Thread-82> [/home/pentaho/FL/scripts/MW_V2/MW_V2_RUNALL.kjb]  Sleeping 30 seconds before next check for file [${FLHK8_LOG_DIR}/ManageWork_done.txt]
2022-08-31 07:22:23.910 INFO  <Thread-82> [/home/pentaho/FL/scripts/MW_V2/MW_V2_RUNALL.kjb]  Sleeping 30 seconds before next check for file [${FLHK8_LOG_DIR}/ManageWork_done.txt]
2022-08-31 07:22:53.910 INFO  <Thread-82> [/home/pentaho/FL/scripts/MW_V2/MW_V2_RUNALL.kjb]  Sleeping 30 seconds before next check for file [${FLHK8_LOG_DIR}/ManageWork_done.txt]
2022-08-31 07:23:23.911 INFO  <Thread-82> [/home/pentaho/FL/scripts/MW_V2/MW_V2_RUNALL.kjb]  Sleeping 30 seconds before next check for file [${FLHK8_LOG_DIR}/ManageWork_done.txt]
2022-08-31 07:23:53.912 INFO  <Thread-82> [/home/pentaho/FL/scripts/MW_V2/MW_V2_RUNALL.kjb]  Sleeping 30 seconds before next check for file [${FLHK8_LOG_DIR}/ManageWork_done.txt]
2022-08-31 07:24:23.912 INFO  <Thread-82> [/home/pentaho/FL/scripts/MW_V2/MW_V2_RUNALL.kjb]  Sleeping 30 seconds before next check for file [${FLHK8_LOG_DIR}/ManageWork_done.txt]
2022-08-31 07:24:53.913 INFO  <Thread-82> [/home/pentaho/FL/scripts/MW_V2/MW_V2_RUNALL.kjb]  Sleeping 30 seconds before next check for file [${FLHK8_LOG_DIR}/ManageWork_done.txt]
2022-08-31 07:25:23.914 INFO  <Thread-82> [/home/pentaho/FL/scripts/MW_V2/MW_V2_RUNALL.kjb]  Sleeping 30 seconds before next check for file [${FLHK8_LOG_DIR}/ManageWork_done.txt]
2022-08-31 07:25:53.914 INFO  <Thread-82> [/home/pentaho/FL/scripts/MW_V2/MW_V2_RUNALL.kjb]  Sleeping 30 seconds before next check for file [${FLHK8_LOG_DIR}/ManageWork_done.txt]
2022-08-31 07:26:23.915 INFO  <Thread-82> [/home/pentaho/FL/scripts/MW_V2/MW_V2_RUNALL.kjb]  Sleeping 30 seconds before next check for file [${FLHK8_LOG_DIR}/ManageWork_done.txt]
2022-08-31 07:26:53.916 INFO  <Thread-82> [/home/pentaho/FL/scripts/MW_V2/MW_V2_RUNALL.kjb]  Sleeping 30 seconds before next check for file [${FLHK8_LOG_DIR}/ManageWork_done.txt]
2022-08-31 07:27:23.917 INFO  <Thread-82> [/home/pentaho/FL/scripts/MW_V2/MW_V2_RUNALL.kjb]  Sleeping 30 seconds before next check for file [${FLHK8_LOG_DIR}/ManageWork_done.txt]
2022-08-31 07:27:53.918 INFO  <Thread-82> [/home/pentaho/FL/scripts/MW_V2/MW_V2_RUNALL.kjb]  Sleeping 30 seconds before next check for file [${FLHK8_LOG_DIR}/ManageWork_done.txt]
2022-08-31 07:28:23.919 INFO  <Thread-82> [/home/pentaho/FL/scripts/MW_V2/MW_V2_RUNALL.kjb]  Sleeping 30 seconds before next check for file [${FLHK8_LOG_DIR}/ManageWork_done.txt]
2022-08-31 07:28:53.919 INFO  <Thread-82> [/home/pentaho/FL/scripts/MW_V2/MW_V2_RUNALL.kjb]  Sleeping 30 seconds before next check for file [${FLHK8_LOG_DIR}/ManageWork_done.txt]
2022-08-31 07:29:23.920 INFO  <Thread-82> [/home/pentaho/FL/scripts/MW_V2/MW_V2_RUNALL.kjb]  Sleeping 30 seconds before next check for file [${FLHK8_LOG_DIR}/ManageWork_done.txt]
2022-08-31 07:29:53.921 INFO  <Thread-82> [/home/pentaho/FL/scripts/MW_V2/MW_V2_RUNALL.kjb]  Sleeping 30 seconds before next check for file [${FLHK8_LOG_DIR}/ManageWork_done.txt]
2022-08-31 07:30:23.922 INFO  <Thread-82> [/home/pentaho/FL/scripts/MW_V2/MW_V2_RUNALL.kjb]  Sleeping 30 seconds before next check for file [${FLHK8_LOG_DIR}/ManageWork_done.txt]
2022-08-31 07:30:53.922 INFO  <Thread-82> [/home/pentaho/FL/scripts/MW_V2/MW_V2_RUNALL.kjb]  Sleeping 10 seconds before next check for file [${FLHK8_LOG_DIR}/ManageWork_done.txt]
2022-08-31 07:31:04.000 INFO  <Thread-82> [/home/pentaho/FL/scripts/MW_V2/MW_V2_RUNALL.kjb]  Didn't detect file [${FLHK8_LOG_DIR}/ManageWork_done.txt] before timeout, failure
2022-08-31 07:31:04.007 INFO  <Thread-82> [/home/pentaho/FL/scripts/MW_V2/MW_V2_RUNALL.kjb]  Finished job entry [Wait for MW done file] (result=[false])
2022-08-31 07:31:04.007 WARN  <Thread-82> [/home/pentaho/FL/scripts/MW_V2/MW_V2_RUNALL.kjb]  Job execution finished
2022-08-31 09:42:32.404 WARN  <Thread-82> [/home/pentaho/FL/scripts/bpm_Init_check9.kjb]  Start of job execution
2022-08-31 09:42:32.418 INFO  <Thread-82> [/home/pentaho/FL/scripts/bpm_Init_check9.kjb]  exec(0, 0, START.0)
2022-08-31 09:42:32.419 INFO  <Thread-82> [/home/pentaho/FL/scripts/bpm_Init_check9.kjb]  Starting job entry
2022-08-31 09:42:32.423 INFO  <Thread-82> [/home/pentaho/FL/scripts/bpm_Init_check9.kjb]  Starting entry [Check Db connections]
2022-08-31 09:42:32.424 INFO  <Thread-82> [/home/pentaho/FL/scripts/bpm_Init_check9.kjb]  exec(1, 0, Check Db connections.0)
2022-08-31 09:42:32.425 INFO  <Thread-82> [/home/pentaho/FL/scripts/bpm_Init_check9.kjb]  Starting job entry
2022-08-31 09:42:32.447 INFO  <Thread-82> [/home/pentaho/FL/scripts/bpm_Init_check9.kjb]  New database connection defined
2022-08-31 09:42:33.554 INFO  <Thread-82> [/home/pentaho/FL/scripts/bpm_Init_check9.kjb]  launch DDL statement: 
ALTER SESSION SET CURRENT_SCHEMA = FLCPD0_MAXDAT
2022-08-31 09:42:33.683 INFO  <Thread-82> [/home/pentaho/FL/scripts/bpm_Init_check9.kjb]  1 statement executed
2022-08-31 09:42:33.683 INFO  <Thread-82> [/home/pentaho/FL/scripts/bpm_Init_check9.kjb]  Executed connect time SQL statements:
ALTER SESSION SET CURRENT_SCHEMA = FLCPD0_MAXDAT;
2022-08-31 09:42:33.684 INFO  <Thread-82> [/home/pentaho/FL/scripts/bpm_Init_check9.kjb]  Connected to database [${DB_MAXDAT_NAME}] (connection [MAXDAT])...
2022-08-31 09:42:33.684 INFO  <Thread-82> [/home/pentaho/FL/scripts/bpm_Init_check9.kjb]  We need to leave the connection open 50 Milliseconds ...
2022-08-31 09:42:33.785 INFO  <Thread-82> [/home/pentaho/FL/scripts/bpm_Init_check9.kjb]  Wait time is elapsed for database [${DB_MAXDAT_NAME}] (connection [MAXDAT]). The connection will be closed ...
2022-08-31 09:42:33.785 INFO  <Thread-82> [/home/pentaho/FL/scripts/bpm_Init_check9.kjb]  We can successfully connect to database [${DB_MAXDAT_NAME}] (connection [MAXDAT])
2022-08-31 09:42:33.787 INFO  <Thread-82> [/home/pentaho/FL/scripts/bpm_Init_check9.kjb]  Connection to database closed!
2022-08-31 09:42:33.788 INFO  <Thread-82> [/home/pentaho/FL/scripts/bpm_Init_check9.kjb]  New database connection defined
2022-08-31 09:42:34.128 INFO  <Thread-82> [/home/pentaho/FL/scripts/bpm_Init_check9.kjb]  launch DDL statement: 
alter session set current_schema = FLCPD0_VIDA
2022-08-31 09:42:34.133 INFO  <Thread-82> [/home/pentaho/FL/scripts/bpm_Init_check9.kjb]  1 statement executed
2022-08-31 09:42:34.134 INFO  <Thread-82> [/home/pentaho/FL/scripts/bpm_Init_check9.kjb]  Executed connect time SQL statements:
alter session set current_schema = FLCPD0_VIDA;
2022-08-31 09:42:34.134 INFO  <Thread-82> [/home/pentaho/FL/scripts/bpm_Init_check9.kjb]  Connected to database [${DB_OLTP_NAME}] (connection [OLTP_SOURCE])...
2022-08-31 09:42:34.134 INFO  <Thread-82> [/home/pentaho/FL/scripts/bpm_Init_check9.kjb]  We need to leave the connection open 50 Milliseconds ...
2022-08-31 09:42:34.235 INFO  <Thread-82> [/home/pentaho/FL/scripts/bpm_Init_check9.kjb]  Wait time is elapsed for database [${DB_OLTP_NAME}] (connection [OLTP_SOURCE]). The connection will be closed ...
2022-08-31 09:42:34.235 INFO  <Thread-82> [/home/pentaho/FL/scripts/bpm_Init_check9.kjb]  We can successfully connect to database [${DB_OLTP_NAME}] (connection [OLTP_SOURCE])
2022-08-31 09:42:34.237 INFO  <Thread-82> [/home/pentaho/FL/scripts/bpm_Init_check9.kjb]  Connection to database closed!
2022-08-31 09:42:34.237 INFO  <Thread-82> [/home/pentaho/FL/scripts/bpm_Init_check9.kjb]  =======================================
2022-08-31 09:42:34.238 INFO  <Thread-82> [/home/pentaho/FL/scripts/bpm_Init_check9.kjb]  [0] connections were in error.
2022-08-31 09:42:34.238 INFO  <Thread-82> [/home/pentaho/FL/scripts/bpm_Init_check9.kjb]  [2] connections were successfully checked.
2022-08-31 09:42:34.238 INFO  <Thread-82> [/home/pentaho/FL/scripts/bpm_Init_check9.kjb]  =======================================
2022-08-31 09:42:34.239 INFO  <Thread-82> [/home/pentaho/FL/scripts/bpm_Init_check9.kjb]  Starting entry [Success]
2022-08-31 09:42:34.240 INFO  <Thread-82> [/home/pentaho/FL/scripts/bpm_Init_check9.kjb]  exec(2, 0, Success.0)
2022-08-31 09:42:34.240 INFO  <Thread-82> [/home/pentaho/FL/scripts/bpm_Init_check9.kjb]  Starting job entry
2022-08-31 09:42:34.241 INFO  <Thread-82> [/home/pentaho/FL/scripts/bpm_Init_check9.kjb]  Finished job entry [Success] (result=[true])
2022-08-31 09:42:34.241 INFO  <Thread-82> [/home/pentaho/FL/scripts/bpm_Init_check9.kjb]  Finished job entry [Check Db connections] (result=[true])
2022-08-31 09:42:34.241 WARN  <Thread-82> [/home/pentaho/FL/scripts/bpm_Init_check9.kjb]  Job execution finished
2022-08-31 09:44:09.461 WARN  <Thread-81> [/home/pentaho/FL/scripts/MW_V2/MW_V2_RUNALL.kjb]  Start of job execution
2022-08-31 09:44:09.497 INFO  <Thread-81> [/home/pentaho/FL/scripts/MW_V2/MW_V2_RUNALL.kjb]  exec(0, 0, START.0)
2022-08-31 09:44:09.498 INFO  <Thread-81> [/home/pentaho/FL/scripts/MW_V2/MW_V2_RUNALL.kjb]  Starting job entry
2022-08-31 09:44:09.510 INFO  <Thread-81> [/home/pentaho/FL/scripts/MW_V2/MW_V2_RUNALL.kjb]  Starting entry [Wait for MW done file]
2022-08-31 09:44:09.510 INFO  <Thread-81> [/home/pentaho/FL/scripts/MW_V2/MW_V2_RUNALL.kjb]  exec(1, 0, Wait for MW done file.0)
2022-08-31 09:44:09.511 INFO  <Thread-81> [/home/pentaho/FL/scripts/MW_V2/MW_V2_RUNALL.kjb]  Starting job entry
2022-08-31 09:44:09.536 INFO  <Thread-81> [/home/pentaho/FL/scripts/MW_V2/MW_V2_RUNALL.kjb]  Waiting 1000 seconds for file [${FLHK8_LOG_DIR}/ManageWork_done.txt]
2022-08-31 09:44:09.537 INFO  <Thread-81> [/home/pentaho/FL/scripts/MW_V2/MW_V2_RUNALL.kjb]  Sleeping 30 seconds before next check for file [${FLHK8_LOG_DIR}/ManageWork_done.txt]
2022-08-31 09:44:09.653 WARN  <Thread-81> [/home/pentaho/FL/scripts/ManageWork/ManageWork_RUNALL.kjb]  Start of job execution
2022-08-31 09:44:09.670 INFO  <Thread-81> [/home/pentaho/FL/scripts/ManageWork/ManageWork_RUNALL.kjb]  exec(0, 0, START.0)
2022-08-31 09:44:09.672 INFO  <Thread-81> [/home/pentaho/FL/scripts/ManageWork/ManageWork_RUNALL.kjb]  Starting job entry
2022-08-31 09:44:09.681 INFO  <Thread-81> [/home/pentaho/FL/scripts/ManageWork/ManageWork_RUNALL.kjb]  Starting entry [Delete done file]
2022-08-31 09:44:09.681 INFO  <Thread-81> [/home/pentaho/FL/scripts/ManageWork/ManageWork_RUNALL.kjb]  exec(1, 0, Delete done file.0)
2022-08-31 09:44:09.683 INFO  <Thread-81> [/home/pentaho/FL/scripts/ManageWork/ManageWork_RUNALL.kjb]  Starting job entry
2022-08-31 09:44:09.710 ERROR <Thread-81> [/home/pentaho/FL/scripts/ManageWork/ManageWork_RUNALL.kjb]  File [${FLHK8_LOG_DIR}/ManageWork_done.txt] does not exist, failing.
2022-08-31 09:44:09.712 INFO  <Thread-81> [/home/pentaho/FL/scripts/ManageWork/ManageWork_RUNALL.kjb]  Finished job entry [Delete done file] (result=[false])
2022-08-31 09:44:09.714 WARN  <Thread-81> [/home/pentaho/FL/scripts/ManageWork/ManageWork_RUNALL.kjb]  Job execution finished
2022-08-31 09:44:39.540 INFO  <Thread-81> [/home/pentaho/FL/scripts/MW_V2/MW_V2_RUNALL.kjb]  Sleeping 30 seconds before next check for file [${FLHK8_LOG_DIR}/ManageWork_done.txt]
2022-08-31 09:45:09.541 INFO  <Thread-81> [/home/pentaho/FL/scripts/MW_V2/MW_V2_RUNALL.kjb]  Sleeping 30 seconds before next check for file [${FLHK8_LOG_DIR}/ManageWork_done.txt]
2022-08-31 09:45:39.542 INFO  <Thread-81> [/home/pentaho/FL/scripts/MW_V2/MW_V2_RUNALL.kjb]  Sleeping 30 seconds before next check for file [${FLHK8_LOG_DIR}/ManageWork_done.txt]
2022-08-31 09:46:09.543 INFO  <Thread-81> [/home/pentaho/FL/scripts/MW_V2/MW_V2_RUNALL.kjb]  Sleeping 30 seconds before next check for file [${FLHK8_LOG_DIR}/ManageWork_done.txt]
2022-08-31 09:46:39.543 INFO  <Thread-81> [/home/pentaho/FL/scripts/MW_V2/MW_V2_RUNALL.kjb]  Sleeping 30 seconds before next check for file [${FLHK8_LOG_DIR}/ManageWork_done.txt]
2022-08-31 09:47:09.544 INFO  <Thread-81> [/home/pentaho/FL/scripts/MW_V2/MW_V2_RUNALL.kjb]  Sleeping 30 seconds before next check for file [${FLHK8_LOG_DIR}/ManageWork_done.txt]
2022-08-31 09:47:39.545 INFO  <Thread-81> [/home/pentaho/FL/scripts/MW_V2/MW_V2_RUNALL.kjb]  Sleeping 30 seconds before next check for file [${FLHK8_LOG_DIR}/ManageWork_done.txt]
2022-08-31 09:48:09.546 INFO  <Thread-81> [/home/pentaho/FL/scripts/MW_V2/MW_V2_RUNALL.kjb]  Sleeping 30 seconds before next check for file [${FLHK8_LOG_DIR}/ManageWork_done.txt]
2022-08-31 09:48:39.546 INFO  <Thread-81> [/home/pentaho/FL/scripts/MW_V2/MW_V2_RUNALL.kjb]  Sleeping 30 seconds before next check for file [${FLHK8_LOG_DIR}/ManageWork_done.txt]
2022-08-31 09:49:09.547 INFO  <Thread-81> [/home/pentaho/FL/scripts/MW_V2/MW_V2_RUNALL.kjb]  Sleeping 30 seconds before next check for file [${FLHK8_LOG_DIR}/ManageWork_done.txt]
2022-08-31 09:49:39.548 INFO  <Thread-81> [/home/pentaho/FL/scripts/MW_V2/MW_V2_RUNALL.kjb]  Sleeping 30 seconds before next check for file [${FLHK8_LOG_DIR}/ManageWork_done.txt]
2022-08-31 09:50:09.549 INFO  <Thread-81> [/home/pentaho/FL/scripts/MW_V2/MW_V2_RUNALL.kjb]  Sleeping 30 seconds before next check for file [${FLHK8_LOG_DIR}/ManageWork_done.txt]
2022-08-31 09:50:39.549 INFO  <Thread-81> [/home/pentaho/FL/scripts/MW_V2/MW_V2_RUNALL.kjb]  Sleeping 30 seconds before next check for file [${FLHK8_LOG_DIR}/ManageWork_done.txt]
2022-08-31 09:51:09.550 INFO  <Thread-81> [/home/pentaho/FL/scripts/MW_V2/MW_V2_RUNALL.kjb]  Sleeping 30 seconds before next check for file [${FLHK8_LOG_DIR}/ManageWork_done.txt]
2022-08-31 09:51:39.551 INFO  <Thread-81> [/home/pentaho/FL/scripts/MW_V2/MW_V2_RUNALL.kjb]  Sleeping 30 seconds before next check for file [${FLHK8_LOG_DIR}/ManageWork_done.txt]
2022-08-31 09:52:09.551 INFO  <Thread-81> [/home/pentaho/FL/scripts/MW_V2/MW_V2_RUNALL.kjb]  Sleeping 30 seconds before next check for file [${FLHK8_LOG_DIR}/ManageWork_done.txt]
2022-08-31 09:52:39.552 INFO  <Thread-81> [/home/pentaho/FL/scripts/MW_V2/MW_V2_RUNALL.kjb]  Sleeping 30 seconds before next check for file [${FLHK8_LOG_DIR}/ManageWork_done.txt]
2022-08-31 09:53:09.553 INFO  <Thread-81> [/home/pentaho/FL/scripts/MW_V2/MW_V2_RUNALL.kjb]  Sleeping 30 seconds before next check for file [${FLHK8_LOG_DIR}/ManageWork_done.txt]
2022-08-31 09:53:39.554 INFO  <Thread-81> [/home/pentaho/FL/scripts/MW_V2/MW_V2_RUNALL.kjb]  Sleeping 30 seconds before next check for file [${FLHK8_LOG_DIR}/ManageWork_done.txt]
2022-08-31 09:54:09.555 INFO  <Thread-81> [/home/pentaho/FL/scripts/MW_V2/MW_V2_RUNALL.kjb]  Sleeping 30 seconds before next check for file [${FLHK8_LOG_DIR}/ManageWork_done.txt]
2022-08-31 09:54:39.555 INFO  <Thread-81> [/home/pentaho/FL/scripts/MW_V2/MW_V2_RUNALL.kjb]  Sleeping 30 seconds before next check for file [${FLHK8_LOG_DIR}/ManageWork_done.txt]
2022-08-31 09:55:09.556 INFO  <Thread-81> [/home/pentaho/FL/scripts/MW_V2/MW_V2_RUNALL.kjb]  Sleeping 30 seconds before next check for file [${FLHK8_LOG_DIR}/ManageWork_done.txt]
2022-08-31 09:55:39.557 INFO  <Thread-81> [/home/pentaho/FL/scripts/MW_V2/MW_V2_RUNALL.kjb]  Sleeping 30 seconds before next check for file [${FLHK8_LOG_DIR}/ManageWork_done.txt]
2022-08-31 09:56:09.558 INFO  <Thread-81> [/home/pentaho/FL/scripts/MW_V2/MW_V2_RUNALL.kjb]  Sleeping 30 seconds before next check for file [${FLHK8_LOG_DIR}/ManageWork_done.txt]
2022-08-31 09:56:39.558 INFO  <Thread-81> [/home/pentaho/FL/scripts/MW_V2/MW_V2_RUNALL.kjb]  Sleeping 30 seconds before next check for file [${FLHK8_LOG_DIR}/ManageWork_done.txt]
2022-08-31 09:57:09.559 INFO  <Thread-81> [/home/pentaho/FL/scripts/MW_V2/MW_V2_RUNALL.kjb]  Sleeping 30 seconds before next check for file [${FLHK8_LOG_DIR}/ManageWork_done.txt]
2022-08-31 09:57:39.560 INFO  <Thread-81> [/home/pentaho/FL/scripts/MW_V2/MW_V2_RUNALL.kjb]  Sleeping 30 seconds before next check for file [${FLHK8_LOG_DIR}/ManageWork_done.txt]
2022-08-31 09:58:09.560 INFO  <Thread-81> [/home/pentaho/FL/scripts/MW_V2/MW_V2_RUNALL.kjb]  Sleeping 30 seconds before next check for file [${FLHK8_LOG_DIR}/ManageWork_done.txt]
2022-08-31 09:58:39.562 INFO  <Thread-81> [/home/pentaho/FL/scripts/MW_V2/MW_V2_RUNALL.kjb]  Sleeping 30 seconds before next check for file [${FLHK8_LOG_DIR}/ManageWork_done.txt]
2022-08-31 09:59:09.563 INFO  <Thread-81> [/home/pentaho/FL/scripts/MW_V2/MW_V2_RUNALL.kjb]  Sleeping 30 seconds before next check for file [${FLHK8_LOG_DIR}/ManageWork_done.txt]
2022-08-31 09:59:39.563 INFO  <Thread-81> [/home/pentaho/FL/scripts/MW_V2/MW_V2_RUNALL.kjb]  Sleeping 30 seconds before next check for file [${FLHK8_LOG_DIR}/ManageWork_done.txt]
2022-08-31 10:00:09.564 INFO  <Thread-81> [/home/pentaho/FL/scripts/MW_V2/MW_V2_RUNALL.kjb]  Sleeping 30 seconds before next check for file [${FLHK8_LOG_DIR}/ManageWork_done.txt]
2022-08-31 10:00:39.565 INFO  <Thread-81> [/home/pentaho/FL/scripts/MW_V2/MW_V2_RUNALL.kjb]  Sleeping 10 seconds before next check for file [${FLHK8_LOG_DIR}/ManageWork_done.txt]
2022-08-31 10:00:50.000 INFO  <Thread-81> [/home/pentaho/FL/scripts/MW_V2/MW_V2_RUNALL.kjb]  Didn't detect file [${FLHK8_LOG_DIR}/ManageWork_done.txt] before timeout, failure
2022-08-31 10:00:50.005 INFO  <Thread-81> [/home/pentaho/FL/scripts/MW_V2/MW_V2_RUNALL.kjb]  Finished job entry [Wait for MW done file] (result=[false])
2022-08-31 10:00:50.005 WARN  <Thread-81> [/home/pentaho/FL/scripts/MW_V2/MW_V2_RUNALL.kjb]  Job execution finished
2022-08-31 10:01:36.899 WARN  <Thread-81> [/home/pentaho/FL/scripts/bpm_Init_check9.kjb]  Start of job execution
2022-08-31 10:01:36.910 INFO  <Thread-81> [/home/pentaho/FL/scripts/bpm_Init_check9.kjb]  exec(0, 0, START.0)
2022-08-31 10:01:36.911 INFO  <Thread-81> [/home/pentaho/FL/scripts/bpm_Init_check9.kjb]  Starting job entry
2022-08-31 10:01:36.915 INFO  <Thread-81> [/home/pentaho/FL/scripts/bpm_Init_check9.kjb]  Starting entry [Check Db connections]
2022-08-31 10:01:36.916 INFO  <Thread-81> [/home/pentaho/FL/scripts/bpm_Init_check9.kjb]  exec(1, 0, Check Db connections.0)
2022-08-31 10:01:36.917 INFO  <Thread-81> [/home/pentaho/FL/scripts/bpm_Init_check9.kjb]  Starting job entry
2022-08-31 10:01:36.939 INFO  <Thread-81> [/home/pentaho/FL/scripts/bpm_Init_check9.kjb]  New database connection defined
2022-08-31 10:01:37.775 INFO  <Thread-81> [/home/pentaho/FL/scripts/bpm_Init_check9.kjb]  launch DDL statement: 
ALTER SESSION SET CURRENT_SCHEMA = FLCPD0_MAXDAT
2022-08-31 10:01:37.954 INFO  <Thread-81> [/home/pentaho/FL/scripts/bpm_Init_check9.kjb]  1 statement executed
2022-08-31 10:01:37.954 INFO  <Thread-81> [/home/pentaho/FL/scripts/bpm_Init_check9.kjb]  Executed connect time SQL statements:
ALTER SESSION SET CURRENT_SCHEMA = FLCPD0_MAXDAT;
2022-08-31 10:01:37.955 INFO  <Thread-81> [/home/pentaho/FL/scripts/bpm_Init_check9.kjb]  Connected to database [${DB_MAXDAT_NAME}] (connection [MAXDAT])...
2022-08-31 10:01:37.956 INFO  <Thread-81> [/home/pentaho/FL/scripts/bpm_Init_check9.kjb]  We need to leave the connection open 50 Milliseconds ...
2022-08-31 10:01:38.056 INFO  <Thread-81> [/home/pentaho/FL/scripts/bpm_Init_check9.kjb]  Wait time is elapsed for database [${DB_MAXDAT_NAME}] (connection [MAXDAT]). The connection will be closed ...
2022-08-31 10:01:38.057 INFO  <Thread-81> [/home/pentaho/FL/scripts/bpm_Init_check9.kjb]  We can successfully connect to database [${DB_MAXDAT_NAME}] (connection [MAXDAT])
2022-08-31 10:01:38.059 INFO  <Thread-81> [/home/pentaho/FL/scripts/bpm_Init_check9.kjb]  Connection to database closed!
2022-08-31 10:01:38.059 INFO  <Thread-81> [/home/pentaho/FL/scripts/bpm_Init_check9.kjb]  New database connection defined
2022-08-31 10:01:38.481 INFO  <Thread-81> [/home/pentaho/FL/scripts/bpm_Init_check9.kjb]  launch DDL statement: 
alter session set current_schema = FLCPD0_VIDA
2022-08-31 10:01:38.485 INFO  <Thread-81> [/home/pentaho/FL/scripts/bpm_Init_check9.kjb]  1 statement executed
2022-08-31 10:01:38.485 INFO  <Thread-81> [/home/pentaho/FL/scripts/bpm_Init_check9.kjb]  Executed connect time SQL statements:
alter session set current_schema = FLCPD0_VIDA;
2022-08-31 10:01:38.486 INFO  <Thread-81> [/home/pentaho/FL/scripts/bpm_Init_check9.kjb]  Connected to database [${DB_OLTP_NAME}] (connection [OLTP_SOURCE])...
2022-08-31 10:01:38.486 INFO  <Thread-81> [/home/pentaho/FL/scripts/bpm_Init_check9.kjb]  We need to leave the connection open 50 Milliseconds ...
2022-08-31 10:01:38.586 INFO  <Thread-81> [/home/pentaho/FL/scripts/bpm_Init_check9.kjb]  Wait time is elapsed for database [${DB_OLTP_NAME}] (connection [OLTP_SOURCE]). The connection will be closed ...
2022-08-31 10:01:38.586 INFO  <Thread-81> [/home/pentaho/FL/scripts/bpm_Init_check9.kjb]  We can successfully connect to database [${DB_OLTP_NAME}] (connection [OLTP_SOURCE])
2022-08-31 10:01:38.589 INFO  <Thread-81> [/home/pentaho/FL/scripts/bpm_Init_check9.kjb]  Connection to database closed!
2022-08-31 10:01:38.589 INFO  <Thread-81> [/home/pentaho/FL/scripts/bpm_Init_check9.kjb]  =======================================
2022-08-31 10:01:38.589 INFO  <Thread-81> [/home/pentaho/FL/scripts/bpm_Init_check9.kjb]  [0] connections were in error.
2022-08-31 10:01:38.589 INFO  <Thread-81> [/home/pentaho/FL/scripts/bpm_Init_check9.kjb]  [2] connections were successfully checked.
2022-08-31 10:01:38.589 INFO  <Thread-81> [/home/pentaho/FL/scripts/bpm_Init_check9.kjb]  =======================================
2022-08-31 10:01:38.590 INFO  <Thread-81> [/home/pentaho/FL/scripts/bpm_Init_check9.kjb]  Starting entry [Success]
2022-08-31 10:01:38.591 INFO  <Thread-81> [/home/pentaho/FL/scripts/bpm_Init_check9.kjb]  exec(2, 0, Success.0)
2022-08-31 10:01:38.591 INFO  <Thread-81> [/home/pentaho/FL/scripts/bpm_Init_check9.kjb]  Starting job entry
2022-08-31 10:01:38.592 INFO  <Thread-81> [/home/pentaho/FL/scripts/bpm_Init_check9.kjb]  Finished job entry [Success] (result=[true])
2022-08-31 10:01:38.592 INFO  <Thread-81> [/home/pentaho/FL/scripts/bpm_Init_check9.kjb]  Finished job entry [Check Db connections] (result=[true])
2022-08-31 10:01:38.592 WARN  <Thread-81> [/home/pentaho/FL/scripts/bpm_Init_check9.kjb]  Job execution finished
2022-08-31 10:03:14.379 WARN  <Thread-81> [/home/pentaho/FL/scripts/MW_V2/MW_V2_RUNALL.kjb]  Start of job execution
2022-08-31 10:03:14.400 INFO  <Thread-81> [/home/pentaho/FL/scripts/MW_V2/MW_V2_RUNALL.kjb]  exec(0, 0, START.0)
2022-08-31 10:03:14.402 INFO  <Thread-81> [/home/pentaho/FL/scripts/MW_V2/MW_V2_RUNALL.kjb]  Starting job entry
2022-08-31 10:03:14.410 INFO  <Thread-81> [/home/pentaho/FL/scripts/MW_V2/MW_V2_RUNALL.kjb]  Starting entry [Wait for MW done file]
2022-08-31 10:03:14.411 INFO  <Thread-81> [/home/pentaho/FL/scripts/MW_V2/MW_V2_RUNALL.kjb]  exec(1, 0, Wait for MW done file.0)
2022-08-31 10:03:14.413 INFO  <Thread-81> [/home/pentaho/FL/scripts/MW_V2/MW_V2_RUNALL.kjb]  Starting job entry
2022-08-31 10:03:14.452 INFO  <Thread-81> [/home/pentaho/FL/scripts/MW_V2/MW_V2_RUNALL.kjb]  Waiting 1000 seconds for file [${FLHK8_LOG_DIR}/ManageWork_done.txt]
2022-08-31 10:03:14.454 INFO  <Thread-81> [/home/pentaho/FL/scripts/MW_V2/MW_V2_RUNALL.kjb]  Sleeping 30 seconds before next check for file [${FLHK8_LOG_DIR}/ManageWork_done.txt]
2022-08-31 10:03:44.454 INFO  <Thread-81> [/home/pentaho/FL/scripts/MW_V2/MW_V2_RUNALL.kjb]  Sleeping 30 seconds before next check for file [${FLHK8_LOG_DIR}/ManageWork_done.txt]
2022-08-31 10:04:14.455 INFO  <Thread-81> [/home/pentaho/FL/scripts/MW_V2/MW_V2_RUNALL.kjb]  Sleeping 30 seconds before next check for file [${FLHK8_LOG_DIR}/ManageWork_done.txt]
2022-08-31 10:04:44.456 INFO  <Thread-81> [/home/pentaho/FL/scripts/MW_V2/MW_V2_RUNALL.kjb]  Sleeping 30 seconds before next check for file [${FLHK8_LOG_DIR}/ManageWork_done.txt]
2022-08-31 10:05:14.456 INFO  <Thread-81> [/home/pentaho/FL/scripts/MW_V2/MW_V2_RUNALL.kjb]  Sleeping 30 seconds before next check for file [${FLHK8_LOG_DIR}/ManageWork_done.txt]
2022-08-31 10:05:44.457 INFO  <Thread-81> [/home/pentaho/FL/scripts/MW_V2/MW_V2_RUNALL.kjb]  Sleeping 30 seconds before next check for file [${FLHK8_LOG_DIR}/ManageWork_done.txt]
2022-08-31 10:06:14.458 INFO  <Thread-81> [/home/pentaho/FL/scripts/MW_V2/MW_V2_RUNALL.kjb]  Sleeping 30 seconds before next check for file [${FLHK8_LOG_DIR}/ManageWork_done.txt]
2022-08-31 10:06:44.459 INFO  <Thread-81> [/home/pentaho/FL/scripts/MW_V2/MW_V2_RUNALL.kjb]  Sleeping 30 seconds before next check for file [${FLHK8_LOG_DIR}/ManageWork_done.txt]
2022-08-31 10:07:14.459 INFO  <Thread-81> [/home/pentaho/FL/scripts/MW_V2/MW_V2_RUNALL.kjb]  Sleeping 30 seconds before next check for file [${FLHK8_LOG_DIR}/ManageWork_done.txt]
2022-08-31 10:07:44.460 INFO  <Thread-81> [/home/pentaho/FL/scripts/MW_V2/MW_V2_RUNALL.kjb]  Sleeping 30 seconds before next check for file [${FLHK8_LOG_DIR}/ManageWork_done.txt]
2022-08-31 10:08:14.461 INFO  <Thread-81> [/home/pentaho/FL/scripts/MW_V2/MW_V2_RUNALL.kjb]  Sleeping 30 seconds before next check for file [${FLHK8_LOG_DIR}/ManageWork_done.txt]
2022-08-31 10:08:44.462 INFO  <Thread-81> [/home/pentaho/FL/scripts/MW_V2/MW_V2_RUNALL.kjb]  Sleeping 30 seconds before next check for file [${FLHK8_LOG_DIR}/ManageWork_done.txt]
2022-08-31 10:09:14.462 INFO  <Thread-81> [/home/pentaho/FL/scripts/MW_V2/MW_V2_RUNALL.kjb]  Sleeping 30 seconds before next check for file [${FLHK8_LOG_DIR}/ManageWork_done.txt]
2022-08-31 10:09:44.463 INFO  <Thread-81> [/home/pentaho/FL/scripts/MW_V2/MW_V2_RUNALL.kjb]  Sleeping 30 seconds before next check for file [${FLHK8_LOG_DIR}/ManageWork_done.txt]
2022-08-31 10:10:14.464 INFO  <Thread-81> [/home/pentaho/FL/scripts/MW_V2/MW_V2_RUNALL.kjb]  Sleeping 30 seconds before next check for file [${FLHK8_LOG_DIR}/ManageWork_done.txt]
2022-08-31 10:10:44.464 INFO  <Thread-81> [/home/pentaho/FL/scripts/MW_V2/MW_V2_RUNALL.kjb]  Sleeping 30 seconds before next check for file [${FLHK8_LOG_DIR}/ManageWork_done.txt]
2022-08-31 10:11:14.465 INFO  <Thread-81> [/home/pentaho/FL/scripts/MW_V2/MW_V2_RUNALL.kjb]  Sleeping 30 seconds before next check for file [${FLHK8_LOG_DIR}/ManageWork_done.txt]
2022-08-31 10:11:44.466 INFO  <Thread-81> [/home/pentaho/FL/scripts/MW_V2/MW_V2_RUNALL.kjb]  Sleeping 30 seconds before next check for file [${FLHK8_LOG_DIR}/ManageWork_done.txt]
2022-08-31 10:12:14.467 INFO  <Thread-81> [/home/pentaho/FL/scripts/MW_V2/MW_V2_RUNALL.kjb]  Sleeping 30 seconds before next check for file [${FLHK8_LOG_DIR}/ManageWork_done.txt]
2022-08-31 10:12:44.468 INFO  <Thread-81> [/home/pentaho/FL/scripts/MW_V2/MW_V2_RUNALL.kjb]  Sleeping 30 seconds before next check for file [${FLHK8_LOG_DIR}/ManageWork_done.txt]
2022-08-31 10:13:14.468 INFO  <Thread-81> [/home/pentaho/FL/scripts/MW_V2/MW_V2_RUNALL.kjb]  Sleeping 30 seconds before next check for file [${FLHK8_LOG_DIR}/ManageWork_done.txt]
2022-08-31 10:13:44.469 INFO  <Thread-81> [/home/pentaho/FL/scripts/MW_V2/MW_V2_RUNALL.kjb]  Sleeping 30 seconds before next check for file [${FLHK8_LOG_DIR}/ManageWork_done.txt]
2022-08-31 10:14:14.470 INFO  <Thread-81> [/home/pentaho/FL/scripts/MW_V2/MW_V2_RUNALL.kjb]  Sleeping 30 seconds before next check for file [${FLHK8_LOG_DIR}/ManageWork_done.txt]
2022-08-31 10:14:44.470 INFO  <Thread-81> [/home/pentaho/FL/scripts/MW_V2/MW_V2_RUNALL.kjb]  Sleeping 30 seconds before next check for file [${FLHK8_LOG_DIR}/ManageWork_done.txt]
2022-08-31 10:15:14.474 INFO  <Thread-81> [/home/pentaho/FL/scripts/MW_V2/MW_V2_RUNALL.kjb]  Sleeping 30 seconds before next check for file [${FLHK8_LOG_DIR}/ManageWork_done.txt]
2022-08-31 10:15:44.474 INFO  <Thread-81> [/home/pentaho/FL/scripts/MW_V2/MW_V2_RUNALL.kjb]  Sleeping 30 seconds before next check for file [${FLHK8_LOG_DIR}/ManageWork_done.txt]
2022-08-31 10:16:14.475 INFO  <Thread-81> [/home/pentaho/FL/scripts/MW_V2/MW_V2_RUNALL.kjb]  Sleeping 30 seconds before next check for file [${FLHK8_LOG_DIR}/ManageWork_done.txt]
2022-08-31 10:16:44.476 INFO  <Thread-81> [/home/pentaho/FL/scripts/MW_V2/MW_V2_RUNALL.kjb]  Sleeping 30 seconds before next check for file [${FLHK8_LOG_DIR}/ManageWork_done.txt]
2022-08-31 10:17:14.477 INFO  <Thread-81> [/home/pentaho/FL/scripts/MW_V2/MW_V2_RUNALL.kjb]  Sleeping 30 seconds before next check for file [${FLHK8_LOG_DIR}/ManageWork_done.txt]
2022-08-31 10:17:44.477 INFO  <Thread-81> [/home/pentaho/FL/scripts/MW_V2/MW_V2_RUNALL.kjb]  Sleeping 30 seconds before next check for file [${FLHK8_LOG_DIR}/ManageWork_done.txt]
2022-08-31 10:18:14.478 INFO  <Thread-81> [/home/pentaho/FL/scripts/MW_V2/MW_V2_RUNALL.kjb]  Sleeping 30 seconds before next check for file [${FLHK8_LOG_DIR}/ManageWork_done.txt]
2022-08-31 10:18:44.479 INFO  <Thread-81> [/home/pentaho/FL/scripts/MW_V2/MW_V2_RUNALL.kjb]  Sleeping 30 seconds before next check for file [${FLHK8_LOG_DIR}/ManageWork_done.txt]
2022-08-31 10:19:14.479 INFO  <Thread-81> [/home/pentaho/FL/scripts/MW_V2/MW_V2_RUNALL.kjb]  Sleeping 30 seconds before next check for file [${FLHK8_LOG_DIR}/ManageWork_done.txt]
2022-08-31 10:19:44.480 INFO  <Thread-81> [/home/pentaho/FL/scripts/MW_V2/MW_V2_RUNALL.kjb]  Sleeping 10 seconds before next check for file [${FLHK8_LOG_DIR}/ManageWork_done.txt]
2022-08-31 10:19:55.000 INFO  <Thread-81> [/home/pentaho/FL/scripts/MW_V2/MW_V2_RUNALL.kjb]  Didn't detect file [${FLHK8_LOG_DIR}/ManageWork_done.txt] before timeout, failure
2022-08-31 10:19:55.005 INFO  <Thread-81> [/home/pentaho/FL/scripts/MW_V2/MW_V2_RUNALL.kjb]  Finished job entry [Wait for MW done file] (result=[false])
2022-08-31 10:19:55.005 WARN  <Thread-81> [/home/pentaho/FL/scripts/MW_V2/MW_V2_RUNALL.kjb]  Job execution finished
2022-08-31 10:36:40.326 WARN  <Thread-81> [/home/pentaho/FL/scripts/bpm_Init_check9.kjb]  Start of job execution
2022-08-31 10:36:40.339 INFO  <Thread-81> [/home/pentaho/FL/scripts/bpm_Init_check9.kjb]  exec(0, 0, START.0)
2022-08-31 10:36:40.340 INFO  <Thread-81> [/home/pentaho/FL/scripts/bpm_Init_check9.kjb]  Starting job entry
2022-08-31 10:36:40.344 INFO  <Thread-81> [/home/pentaho/FL/scripts/bpm_Init_check9.kjb]  Starting entry [Check Db connections]
2022-08-31 10:36:40.344 INFO  <Thread-81> [/home/pentaho/FL/scripts/bpm_Init_check9.kjb]  exec(1, 0, Check Db connections.0)
2022-08-31 10:36:40.345 INFO  <Thread-81> [/home/pentaho/FL/scripts/bpm_Init_check9.kjb]  Starting job entry
2022-08-31 10:36:40.365 INFO  <Thread-81> [/home/pentaho/FL/scripts/bpm_Init_check9.kjb]  New database connection defined
2022-08-31 10:36:41.261 INFO  <Thread-81> [/home/pentaho/FL/scripts/bpm_Init_check9.kjb]  launch DDL statement: 
ALTER SESSION SET CURRENT_SCHEMA = FLCPD0_MAXDAT
2022-08-31 10:36:41.388 INFO  <Thread-81> [/home/pentaho/FL/scripts/bpm_Init_check9.kjb]  1 statement executed
2022-08-31 10:36:41.389 INFO  <Thread-81> [/home/pentaho/FL/scripts/bpm_Init_check9.kjb]  Executed connect time SQL statements:
ALTER SESSION SET CURRENT_SCHEMA = FLCPD0_MAXDAT;
2022-08-31 10:36:41.390 INFO  <Thread-81> [/home/pentaho/FL/scripts/bpm_Init_check9.kjb]  Connected to database [${DB_MAXDAT_NAME}] (connection [MAXDAT])...
2022-08-31 10:36:41.390 INFO  <Thread-81> [/home/pentaho/FL/scripts/bpm_Init_check9.kjb]  We need to leave the connection open 50 Milliseconds ...
2022-08-31 10:36:41.491 INFO  <Thread-81> [/home/pentaho/FL/scripts/bpm_Init_check9.kjb]  Wait time is elapsed for database [${DB_MAXDAT_NAME}] (connection [MAXDAT]). The connection will be closed ...
2022-08-31 10:36:41.491 INFO  <Thread-81> [/home/pentaho/FL/scripts/bpm_Init_check9.kjb]  We can successfully connect to database [${DB_MAXDAT_NAME}] (connection [MAXDAT])
2022-08-31 10:36:41.493 INFO  <Thread-81> [/home/pentaho/FL/scripts/bpm_Init_check9.kjb]  Connection to database closed!
2022-08-31 10:36:41.494 INFO  <Thread-81> [/home/pentaho/FL/scripts/bpm_Init_check9.kjb]  New database connection defined
2022-08-31 10:36:41.903 INFO  <Thread-81> [/home/pentaho/FL/scripts/bpm_Init_check9.kjb]  launch DDL statement: 
alter session set current_schema = FLCPD0_VIDA
2022-08-31 10:36:41.906 INFO  <Thread-81> [/home/pentaho/FL/scripts/bpm_Init_check9.kjb]  1 statement executed
2022-08-31 10:36:41.906 INFO  <Thread-81> [/home/pentaho/FL/scripts/bpm_Init_check9.kjb]  Executed connect time SQL statements:
alter session set current_schema = FLCPD0_VIDA;
2022-08-31 10:36:41.906 INFO  <Thread-81> [/home/pentaho/FL/scripts/bpm_Init_check9.kjb]  Connected to database [${DB_OLTP_NAME}] (connection [OLTP_SOURCE])...
2022-08-31 10:36:41.907 INFO  <Thread-81> [/home/pentaho/FL/scripts/bpm_Init_check9.kjb]  We need to leave the connection open 50 Milliseconds ...
2022-08-31 10:36:42.007 INFO  <Thread-81> [/home/pentaho/FL/scripts/bpm_Init_check9.kjb]  Wait time is elapsed for database [${DB_OLTP_NAME}] (connection [OLTP_SOURCE]). The connection will be closed ...
2022-08-31 10:36:42.007 INFO  <Thread-81> [/home/pentaho/FL/scripts/bpm_Init_check9.kjb]  We can successfully connect to database [${DB_OLTP_NAME}] (connection [OLTP_SOURCE])
2022-08-31 10:36:42.010 INFO  <Thread-81> [/home/pentaho/FL/scripts/bpm_Init_check9.kjb]  Connection to database closed!
2022-08-31 10:36:42.010 INFO  <Thread-81> [/home/pentaho/FL/scripts/bpm_Init_check9.kjb]  =======================================
2022-08-31 10:36:42.010 INFO  <Thread-81> [/home/pentaho/FL/scripts/bpm_Init_check9.kjb]  [0] connections were in error.
2022-08-31 10:36:42.010 INFO  <Thread-81> [/home/pentaho/FL/scripts/bpm_Init_check9.kjb]  [2] connections were successfully checked.
2022-08-31 10:36:42.010 INFO  <Thread-81> [/home/pentaho/FL/scripts/bpm_Init_check9.kjb]  =======================================
2022-08-31 10:36:42.012 INFO  <Thread-81> [/home/pentaho/FL/scripts/bpm_Init_check9.kjb]  Starting entry [Success]
2022-08-31 10:36:42.012 INFO  <Thread-81> [/home/pentaho/FL/scripts/bpm_Init_check9.kjb]  exec(2, 0, Success.0)
2022-08-31 10:36:42.012 INFO  <Thread-81> [/home/pentaho/FL/scripts/bpm_Init_check9.kjb]  Starting job entry
2022-08-31 10:36:42.013 INFO  <Thread-81> [/home/pentaho/FL/scripts/bpm_Init_check9.kjb]  Finished job entry [Success] (result=[true])
2022-08-31 10:36:42.013 INFO  <Thread-81> [/home/pentaho/FL/scripts/bpm_Init_check9.kjb]  Finished job entry [Check Db connections] (result=[true])
2022-08-31 10:36:42.013 WARN  <Thread-81> [/home/pentaho/FL/scripts/bpm_Init_check9.kjb]  Job execution finished
2022-08-31 10:38:17.739 WARN  <Thread-81> [/home/pentaho/FL/scripts/ManageWork/ManageWork_RunALL.kjb]  Start of job execution
2022-08-31 10:38:17.760 INFO  <Thread-81> [/home/pentaho/FL/scripts/ManageWork/ManageWork_RunALL.kjb]  exec(0, 0, START.0)
2022-08-31 10:38:17.763 INFO  <Thread-81> [/home/pentaho/FL/scripts/ManageWork/ManageWork_RunALL.kjb]  Starting job entry
2022-08-31 10:38:17.770 INFO  <Thread-81> [/home/pentaho/FL/scripts/ManageWork/ManageWork_RunALL.kjb]  Starting entry [Create touch file]
2022-08-31 10:38:17.770 INFO  <Thread-81> [/home/pentaho/FL/scripts/ManageWork/ManageWork_RunALL.kjb]  exec(1, 0, Create touch file.0)
2022-08-31 10:38:17.771 INFO  <Thread-81> [/home/pentaho/FL/scripts/ManageWork/ManageWork_RunALL.kjb]  Starting job entry
2022-08-31 10:38:17.803 INFO  <Thread-81> [/home/pentaho/FL/scripts/ManageWork/ManageWork_RunALL.kjb]  File [${SCRIPT_DIR}/ManageWork-touch.txt] created!
2022-08-31 10:38:17.804 INFO  <Thread-81> [/home/pentaho/FL/scripts/ManageWork/ManageWork_RunALL.kjb]  Starting entry [ManageWork_Get_Variables]
2022-08-31 10:38:17.804 INFO  <Thread-81> [/home/pentaho/FL/scripts/ManageWork/ManageWork_RunALL.kjb]  exec(2, 0, ManageWork_Get_Variables.0)
2022-08-31 10:38:17.805 INFO  <Thread-81> [/home/pentaho/FL/scripts/ManageWork/ManageWork_RunALL.kjb]  Starting job entry
2022-08-31 10:38:17.813 INFO  <Thread-81> [/home/pentaho/FL/scripts/ManageWork/ManageWork_RunALL.kjb]  Opening transformation: [file:///home/pentaho/FL/scripts/ManageWork/ManageWork_Get_Variables.ktr]
2022-08-31 10:38:17.999 INFO  <Thread-81> [/home/pentaho/FL/scripts/ManageWork/ManageWork_RunALL.kjb]  Starting transformation...(file=${Internal.Job.Filename.Directory}/ManageWork_Get_Variables.ktr, name=ManageWork_Get_Variables, repinfo=null)
2022-08-31 10:38:18.014 INFO  <Thread-81> [/home/pentaho/FL/scripts/ManageWork/ManageWork_RunALL.kjb]  Using run configuration [Pentaho local]
2022-08-31 10:38:18.019 INFO  <Thread-81> [/home/pentaho/FL/scripts/ManageWork/ManageWork_RunALL.kjb]  Running transformation using the Kettle execution engine
2022-08-31 10:38:18.040 INFO  <Thread-81> [/home/pentaho/FL/scripts/ManageWork/ManageWork_RunALL.kjb  file:///home/pentaho/FL/scripts/ManageWork/ManageWork_Get_Variables.ktr]  Transformation is pre-loaded.
2022-08-31 10:38:18.042 INFO  <Thread-81> [/home/pentaho/FL/scripts/ManageWork/ManageWork_RunALL.kjb  file:///home/pentaho/FL/scripts/ManageWork/ManageWork_Get_Variables.ktr]  Dispatching started for transformation [ManageWork_Get_Variables]
2022-08-31 10:38:18.042 INFO  <Thread-81> [/home/pentaho/FL/scripts/ManageWork/ManageWork_RunALL.kjb  file:///home/pentaho/FL/scripts/ManageWork/ManageWork_Get_Variables.ktr]  Nr of arguments detected:0 
2022-08-31 10:38:18.042 INFO  <Thread-81> [/home/pentaho/FL/scripts/ManageWork/ManageWork_RunALL.kjb  file:///home/pentaho/FL/scripts/ManageWork/ManageWork_Get_Variables.ktr]  This is not a replay transformation
2022-08-31 10:38:18.043 INFO  <Thread-81> [/home/pentaho/FL/scripts/ManageWork/ManageWork_RunALL.kjb  file:///home/pentaho/FL/scripts/ManageWork/ManageWork_Get_Variables.ktr]  I found 5 different steps to launch.
2022-08-31 10:38:18.043 INFO  <Thread-81> [/home/pentaho/FL/scripts/ManageWork/ManageWork_RunALL.kjb  file:///home/pentaho/FL/scripts/ManageWork/ManageWork_Get_Variables.ktr]  Allocating rowsets...
2022-08-31 10:38:18.043 INFO  <Thread-81> [/home/pentaho/FL/scripts/ManageWork/ManageWork_RunALL.kjb  file:///home/pentaho/FL/scripts/ManageWork/ManageWork_Get_Variables.ktr]   Allocating rowsets for step 0 --> Generate Rows
2022-08-31 10:38:18.043 INFO  <Thread-81> [/home/pentaho/FL/scripts/ManageWork/ManageWork_RunALL.kjb  file:///home/pentaho/FL/scripts/ManageWork/ManageWork_Get_Variables.ktr]    prevcopies = 1, nextcopies=1
2022-08-31 10:38:18.049 INFO  <Thread-81> [/home/pentaho/FL/scripts/ManageWork/ManageWork_RunALL.kjb  file:///home/pentaho/FL/scripts/ManageWork/ManageWork_Get_Variables.ktr]  Transformation allocated new rowset [Generate Rows.0 - Database lookup Max hist.0]
2022-08-31 10:38:18.049 INFO  <Thread-81> [/home/pentaho/FL/scripts/ManageWork/ManageWork_RunALL.kjb  file:///home/pentaho/FL/scripts/ManageWork/ManageWork_Get_Variables.ktr]   Allocated 1 rowsets for step 0 --> Generate Rows  
2022-08-31 10:38:18.049 INFO  <Thread-81> [/home/pentaho/FL/scripts/ManageWork/ManageWork_RunALL.kjb  file:///home/pentaho/FL/scripts/ManageWork/ManageWork_Get_Variables.ktr]   Allocating rowsets for step 1 --> Database lookup Max hist
2022-08-31 10:38:18.055 INFO  <Thread-81> [/home/pentaho/FL/scripts/ManageWork/ManageWork_RunALL.kjb  file:///home/pentaho/FL/scripts/ManageWork/ManageWork_Get_Variables.ktr]    prevcopies = 1, nextcopies=1
2022-08-31 10:38:18.056 INFO  <Thread-81> [/home/pentaho/FL/scripts/ManageWork/ManageWork_RunALL.kjb  file:///home/pentaho/FL/scripts/ManageWork/ManageWork_Get_Variables.ktr]  Transformation allocated new rowset [Database lookup Max hist.0 - String operations .0]
2022-08-31 10:38:18.056 INFO  <Thread-81> [/home/pentaho/FL/scripts/ManageWork/ManageWork_RunALL.kjb  file:///home/pentaho/FL/scripts/ManageWork/ManageWork_Get_Variables.ktr]   Allocated 2 rowsets for step 1 --> Database lookup Max hist  
2022-08-31 10:38:18.056 INFO  <Thread-81> [/home/pentaho/FL/scripts/ManageWork/ManageWork_RunALL.kjb  file:///home/pentaho/FL/scripts/ManageWork/ManageWork_Get_Variables.ktr]   Allocating rowsets for step 2 --> String operations 
2022-08-31 10:38:18.056 INFO  <Thread-81> [/home/pentaho/FL/scripts/ManageWork/ManageWork_RunALL.kjb  file:///home/pentaho/FL/scripts/ManageWork/ManageWork_Get_Variables.ktr]    prevcopies = 1, nextcopies=1
2022-08-31 10:38:18.057 INFO  <Thread-81> [/home/pentaho/FL/scripts/ManageWork/ManageWork_RunALL.kjb  file:///home/pentaho/FL/scripts/ManageWork/ManageWork_Get_Variables.ktr]  Transformation allocated new rowset [String operations .0 - Table input - Max_task_id.0]
2022-08-31 10:38:18.057 INFO  <Thread-81> [/home/pentaho/FL/scripts/ManageWork/ManageWork_RunALL.kjb  file:///home/pentaho/FL/scripts/ManageWork/ManageWork_Get_Variables.ktr]   Allocated 3 rowsets for step 2 --> String operations   
2022-08-31 10:38:18.057 INFO  <Thread-81> [/home/pentaho/FL/scripts/ManageWork/ManageWork_RunALL.kjb  file:///home/pentaho/FL/scripts/ManageWork/ManageWork_Get_Variables.ktr]   Allocating rowsets for step 3 --> Table input - Max_task_id
2022-08-31 10:38:18.057 INFO  <Thread-81> [/home/pentaho/FL/scripts/ManageWork/ManageWork_RunALL.kjb  file:///home/pentaho/FL/scripts/ManageWork/ManageWork_Get_Variables.ktr]    prevcopies = 1, nextcopies=1
2022-08-31 10:38:18.057 INFO  <Thread-81> [/home/pentaho/FL/scripts/ManageWork/ManageWork_RunALL.kjb  file:///home/pentaho/FL/scripts/ManageWork/ManageWork_Get_Variables.ktr]  Transformation allocated new rowset [Table input - Max_task_id.0 - Set Variables Max_task_id.0]
2022-08-31 10:38:18.058 INFO  <Thread-81> [/home/pentaho/FL/scripts/ManageWork/ManageWork_RunALL.kjb  file:///home/pentaho/FL/scripts/ManageWork/ManageWork_Get_Variables.ktr]   Allocated 4 rowsets for step 3 --> Table input - Max_task_id  
2022-08-31 10:38:18.058 INFO  <Thread-81> [/home/pentaho/FL/scripts/ManageWork/ManageWork_RunALL.kjb  file:///home/pentaho/FL/scripts/ManageWork/ManageWork_Get_Variables.ktr]   Allocating rowsets for step 4 --> Set Variables Max_task_id
2022-08-31 10:38:18.058 INFO  <Thread-81> [/home/pentaho/FL/scripts/ManageWork/ManageWork_RunALL.kjb  file:///home/pentaho/FL/scripts/ManageWork/ManageWork_Get_Variables.ktr]   Allocated 4 rowsets for step 4 --> Set Variables Max_task_id  
2022-08-31 10:38:18.058 INFO  <Thread-81> [/home/pentaho/FL/scripts/ManageWork/ManageWork_RunALL.kjb  file:///home/pentaho/FL/scripts/ManageWork/ManageWork_Get_Variables.ktr]  Allocating Steps & StepData...
2022-08-31 10:38:18.058 INFO  <Thread-81> [/home/pentaho/FL/scripts/ManageWork/ManageWork_RunALL.kjb  file:///home/pentaho/FL/scripts/ManageWork/ManageWork_Get_Variables.ktr]   Transformation is about to allocate step [Generate Rows] of type [RowGenerator]
2022-08-31 10:38:18.076 INFO  <Thread-81> [/home/pentaho/FL/scripts/ManageWork/ManageWork_RunALL.kjb  file:///home/pentaho/FL/scripts/ManageWork/ManageWork_Get_Variables.ktr]  distribution de-activated
2022-08-31 10:38:18.077 INFO  <Thread-81> [/home/pentaho/FL/scripts/ManageWork/ManageWork_RunALL.kjb  file:///home/pentaho/FL/scripts/ManageWork/ManageWork_Get_Variables.ktr]  Starting allocation of buffers & new threads...
2022-08-31 10:38:18.077 INFO  <Thread-81> [/home/pentaho/FL/scripts/ManageWork/ManageWork_RunALL.kjb  file:///home/pentaho/FL/scripts/ManageWork/ManageWork_Get_Variables.ktr]  Step info: nrinput=0 nroutput=1
2022-08-31 10:38:18.078 INFO  <Thread-81> [/home/pentaho/FL/scripts/ManageWork/ManageWork_RunALL.kjb  file:///home/pentaho/FL/scripts/ManageWork/ManageWork_Get_Variables.ktr]  output rel. is  1:1
2022-08-31 10:38:18.078 INFO  <Thread-81> [/home/pentaho/FL/scripts/ManageWork/ManageWork_RunALL.kjb  file:///home/pentaho/FL/scripts/ManageWork/ManageWork_Get_Variables.ktr]  Found output rowset [Generate Rows.0 - Database lookup Max hist.0]
2022-08-31 10:38:18.078 INFO  <Thread-81> [/home/pentaho/FL/scripts/ManageWork/ManageWork_RunALL.kjb  file:///home/pentaho/FL/scripts/ManageWork/ManageWork_Get_Variables.ktr]  Finished dispatching
2022-08-31 10:38:18.078 INFO  <Thread-81> [/home/pentaho/FL/scripts/ManageWork/ManageWork_RunALL.kjb  file:///home/pentaho/FL/scripts/ManageWork/ManageWork_Get_Variables.ktr]   Transformation has allocated a new step: [Generate Rows].0
2022-08-31 10:38:18.079 INFO  <Thread-81> [/home/pentaho/FL/scripts/ManageWork/ManageWork_RunALL.kjb  file:///home/pentaho/FL/scripts/ManageWork/ManageWork_Get_Variables.ktr]   Transformation is about to allocate step [Database lookup Max hist] of type [DBLookup]
2022-08-31 10:38:18.085 INFO  <Thread-81> [/home/pentaho/FL/scripts/ManageWork/ManageWork_RunALL.kjb  file:///home/pentaho/FL/scripts/ManageWork/ManageWork_Get_Variables.ktr]  distribution activated
2022-08-31 10:38:18.088 INFO  <Thread-81> [/home/pentaho/FL/scripts/ManageWork/ManageWork_RunALL.kjb  file:///home/pentaho/FL/scripts/ManageWork/ManageWork_Get_Variables.ktr]  Starting allocation of buffers & new threads...
2022-08-31 10:38:18.088 INFO  <Thread-81> [/home/pentaho/FL/scripts/ManageWork/ManageWork_RunALL.kjb  file:///home/pentaho/FL/scripts/ManageWork/ManageWork_Get_Variables.ktr]  Step info: nrinput=1 nroutput=1
2022-08-31 10:38:18.088 INFO  <Thread-81> [/home/pentaho/FL/scripts/ManageWork/ManageWork_RunALL.kjb  file:///home/pentaho/FL/scripts/ManageWork/ManageWork_Get_Variables.ktr]  Got previous step from [Database lookup Max hist] #0 --> Generate Rows
2022-08-31 10:38:18.088 INFO  <Thread-81> [/home/pentaho/FL/scripts/ManageWork/ManageWork_RunALL.kjb  file:///home/pentaho/FL/scripts/ManageWork/ManageWork_Get_Variables.ktr]  input rel is 1:1
2022-08-31 10:38:18.089 INFO  <Thread-81> [/home/pentaho/FL/scripts/ManageWork/ManageWork_RunALL.kjb  file:///home/pentaho/FL/scripts/ManageWork/ManageWork_Get_Variables.ktr]  Found input rowset [Generate Rows.0 - Database lookup Max hist.0]
2022-08-31 10:38:18.090 INFO  <Thread-81> [/home/pentaho/FL/scripts/ManageWork/ManageWork_RunALL.kjb  file:///home/pentaho/FL/scripts/ManageWork/ManageWork_Get_Variables.ktr]  output rel. is  1:1
2022-08-31 10:38:18.091 INFO  <Thread-81> [/home/pentaho/FL/scripts/ManageWork/ManageWork_RunALL.kjb  file:///home/pentaho/FL/scripts/ManageWork/ManageWork_Get_Variables.ktr]  Found output rowset [Database lookup Max hist.0 - String operations .0]
2022-08-31 10:38:18.091 INFO  <Thread-81> [/home/pentaho/FL/scripts/ManageWork/ManageWork_RunALL.kjb  file:///home/pentaho/FL/scripts/ManageWork/ManageWork_Get_Variables.ktr]  Finished dispatching
2022-08-31 10:38:18.091 INFO  <Thread-81> [/home/pentaho/FL/scripts/ManageWork/ManageWork_RunALL.kjb  file:///home/pentaho/FL/scripts/ManageWork/ManageWork_Get_Variables.ktr]   Transformation has allocated a new step: [Database lookup Max hist].0
2022-08-31 10:38:18.092 INFO  <Thread-81> [/home/pentaho/FL/scripts/ManageWork/ManageWork_RunALL.kjb  file:///home/pentaho/FL/scripts/ManageWork/ManageWork_Get_Variables.ktr]   Transformation is about to allocate step [String operations ] of type [StringOperations]
2022-08-31 10:38:18.101 INFO  <Thread-81> [/home/pentaho/FL/scripts/ManageWork/ManageWork_RunALL.kjb  file:///home/pentaho/FL/scripts/ManageWork/ManageWork_Get_Variables.ktr]  distribution activated
2022-08-31 10:38:18.101 INFO  <Thread-81> [/home/pentaho/FL/scripts/ManageWork/ManageWork_RunALL.kjb  file:///home/pentaho/FL/scripts/ManageWork/ManageWork_Get_Variables.ktr]  Starting allocation of buffers & new threads...
2022-08-31 10:38:18.101 INFO  <Thread-81> [/home/pentaho/FL/scripts/ManageWork/ManageWork_RunALL.kjb  file:///home/pentaho/FL/scripts/ManageWork/ManageWork_Get_Variables.ktr]  Step info: nrinput=1 nroutput=1
2022-08-31 10:38:18.102 INFO  <Thread-81> [/home/pentaho/FL/scripts/ManageWork/ManageWork_RunALL.kjb  file:///home/pentaho/FL/scripts/ManageWork/ManageWork_Get_Variables.ktr]  Got previous step from [String operations ] #0 --> Database lookup Max hist
2022-08-31 10:38:18.102 INFO  <Thread-81> [/home/pentaho/FL/scripts/ManageWork/ManageWork_RunALL.kjb  file:///home/pentaho/FL/scripts/ManageWork/ManageWork_Get_Variables.ktr]  input rel is 1:1
2022-08-31 10:38:18.102 INFO  <Thread-81> [/home/pentaho/FL/scripts/ManageWork/ManageWork_RunALL.kjb  file:///home/pentaho/FL/scripts/ManageWork/ManageWork_Get_Variables.ktr]  Found input rowset [Database lookup Max hist.0 - String operations .0]
2022-08-31 10:38:18.103 INFO  <Thread-81> [/home/pentaho/FL/scripts/ManageWork/ManageWork_RunALL.kjb  file:///home/pentaho/FL/scripts/ManageWork/ManageWork_Get_Variables.ktr]  output rel. is  1:1
2022-08-31 10:38:18.103 INFO  <Thread-81> [/home/pentaho/FL/scripts/ManageWork/ManageWork_RunALL.kjb  file:///home/pentaho/FL/scripts/ManageWork/ManageWork_Get_Variables.ktr]  Found output rowset [String operations .0 - Table input - Max_task_id.0]
2022-08-31 10:38:18.105 INFO  <Thread-81> [/home/pentaho/FL/scripts/ManageWork/ManageWork_RunALL.kjb  file:///home/pentaho/FL/scripts/ManageWork/ManageWork_Get_Variables.ktr]  Finished dispatching
2022-08-31 10:38:18.106 INFO  <Thread-81> [/home/pentaho/FL/scripts/ManageWork/ManageWork_RunALL.kjb  file:///home/pentaho/FL/scripts/ManageWork/ManageWork_Get_Variables.ktr]   Transformation has allocated a new step: [String operations ].0
2022-08-31 10:38:18.106 INFO  <Thread-81> [/home/pentaho/FL/scripts/ManageWork/ManageWork_RunALL.kjb  file:///home/pentaho/FL/scripts/ManageWork/ManageWork_Get_Variables.ktr]   Transformation is about to allocate step [Table input - Max_task_id] of type [TableInput]
2022-08-31 10:38:18.114 INFO  <Thread-81> [/home/pentaho/FL/scripts/ManageWork/ManageWork_RunALL.kjb  file:///home/pentaho/FL/scripts/ManageWork/ManageWork_Get_Variables.ktr]  distribution activated
2022-08-31 10:38:18.115 INFO  <Thread-81> [/home/pentaho/FL/scripts/ManageWork/ManageWork_RunALL.kjb  file:///home/pentaho/FL/scripts/ManageWork/ManageWork_Get_Variables.ktr]  Starting allocation of buffers & new threads...
2022-08-31 10:38:18.115 INFO  <Thread-81> [/home/pentaho/FL/scripts/ManageWork/ManageWork_RunALL.kjb  file:///home/pentaho/FL/scripts/ManageWork/ManageWork_Get_Variables.ktr]  Step info: nrinput=1 nroutput=1
2022-08-31 10:38:18.115 INFO  <Thread-81> [/home/pentaho/FL/scripts/ManageWork/ManageWork_RunALL.kjb  file:///home/pentaho/FL/scripts/ManageWork/ManageWork_Get_Variables.ktr]  Got previous step from [Table input - Max_task_id] #0 --> String operations 
2022-08-31 10:38:18.115 INFO  <Thread-81> [/home/pentaho/FL/scripts/ManageWork/ManageWork_RunALL.kjb  file:///home/pentaho/FL/scripts/ManageWork/ManageWork_Get_Variables.ktr]  input rel is 1:1
2022-08-31 10:38:18.115 INFO  <Thread-81> [/home/pentaho/FL/scripts/ManageWork/ManageWork_RunALL.kjb  file:///home/pentaho/FL/scripts/ManageWork/ManageWork_Get_Variables.ktr]  Found input rowset [String operations .0 - Table input - Max_task_id.0]
2022-08-31 10:38:18.115 INFO  <Thread-81> [/home/pentaho/FL/scripts/ManageWork/ManageWork_RunALL.kjb  file:///home/pentaho/FL/scripts/ManageWork/ManageWork_Get_Variables.ktr]  output rel. is  1:1
2022-08-31 10:38:18.116 INFO  <Thread-81> [/home/pentaho/FL/scripts/ManageWork/ManageWork_RunALL.kjb  file:///home/pentaho/FL/scripts/ManageWork/ManageWork_Get_Variables.ktr]  Found output rowset [Table input - Max_task_id.0 - Set Variables Max_task_id.0]
2022-08-31 10:38:18.116 INFO  <Thread-81> [/home/pentaho/FL/scripts/ManageWork/ManageWork_RunALL.kjb  file:///home/pentaho/FL/scripts/ManageWork/ManageWork_Get_Variables.ktr]  Finished dispatching
2022-08-31 10:38:18.116 INFO  <Thread-81> [/home/pentaho/FL/scripts/ManageWork/ManageWork_RunALL.kjb  file:///home/pentaho/FL/scripts/ManageWork/ManageWork_Get_Variables.ktr]   Transformation has allocated a new step: [Table input - Max_task_id].0
2022-08-31 10:38:18.116 INFO  <Thread-81> [/home/pentaho/FL/scripts/ManageWork/ManageWork_RunALL.kjb  file:///home/pentaho/FL/scripts/ManageWork/ManageWork_Get_Variables.ktr]   Transformation is about to allocate step [Set Variables Max_task_id] of type [SetVariable]
2022-08-31 10:38:18.118 INFO  <Thread-81> [/home/pentaho/FL/scripts/ManageWork/ManageWork_RunALL.kjb  file:///home/pentaho/FL/scripts/ManageWork/ManageWork_Get_Variables.ktr]  distribution activated
2022-08-31 10:38:18.118 INFO  <Thread-81> [/home/pentaho/FL/scripts/ManageWork/ManageWork_RunALL.kjb  file:///home/pentaho/FL/scripts/ManageWork/ManageWork_Get_Variables.ktr]  Starting allocation of buffers & new threads...
2022-08-31 10:38:18.118 INFO  <Thread-81> [/home/pentaho/FL/scripts/ManageWork/ManageWork_RunALL.kjb  file:///home/pentaho/FL/scripts/ManageWork/ManageWork_Get_Variables.ktr]  Step info: nrinput=1 nroutput=0
2022-08-31 10:38:18.119 INFO  <Thread-81> [/home/pentaho/FL/scripts/ManageWork/ManageWork_RunALL.kjb  file:///home/pentaho/FL/scripts/ManageWork/ManageWork_Get_Variables.ktr]  Got previous step from [Set Variables Max_task_id] #0 --> Table input - Max_task_id
2022-08-31 10:38:18.119 INFO  <Thread-81> [/home/pentaho/FL/scripts/ManageWork/ManageWork_RunALL.kjb  file:///home/pentaho/FL/scripts/ManageWork/ManageWork_Get_Variables.ktr]  input rel is 1:1
2022-08-31 10:38:18.119 INFO  <Thread-81> [/home/pentaho/FL/scripts/ManageWork/ManageWork_RunALL.kjb  file:///home/pentaho/FL/scripts/ManageWork/ManageWork_Get_Variables.ktr]  Found input rowset [Table input - Max_task_id.0 - Set Variables Max_task_id.0]
2022-08-31 10:38:18.122 INFO  <Thread-81> [/home/pentaho/FL/scripts/ManageWork/ManageWork_RunALL.kjb  file:///home/pentaho/FL/scripts/ManageWork/ManageWork_Get_Variables.ktr]  Finished dispatching
2022-08-31 10:38:18.123 INFO  <Thread-81> [/home/pentaho/FL/scripts/ManageWork/ManageWork_RunALL.kjb  file:///home/pentaho/FL/scripts/ManageWork/ManageWork_Get_Variables.ktr]   Transformation has allocated a new step: [Set Variables Max_task_id].0
2022-08-31 10:38:18.124 INFO  <Thread-81> [/home/pentaho/FL/scripts/ManageWork/ManageWork_RunALL.kjb  file:///home/pentaho/FL/scripts/ManageWork/ManageWork_Get_Variables.ktr]  This transformation can be replayed with replay date: 2022/08/31 10:38:18
2022-08-31 10:38:18.124 INFO  <Thread-81> [/home/pentaho/FL/scripts/ManageWork/ManageWork_RunALL.kjb  file:///home/pentaho/FL/scripts/ManageWork/ManageWork_Get_Variables.ktr]  Initialising 5 steps...
2022-08-31 10:38:18.133 INFO  <init of Generate Rows.0 (Thread-82)> [/home/pentaho/FL/scripts/ManageWork/ManageWork_RunALL.kjb  file:///home/pentaho/FL/scripts/ManageWork/ManageWork_Get_Variables.ktr]  Released server socket on port 0
2022-08-31 10:38:18.150 INFO  <init of Database lookup Max hist.0 (Thread-83)> [/home/pentaho/FL/scripts/ManageWork/ManageWork_RunALL.kjb  file:///home/pentaho/FL/scripts/ManageWork/ManageWork_Get_Variables.ktr]  Released server socket on port 0
2022-08-31 10:38:18.156 INFO  <init of String operations .0 (Thread-84)> [/home/pentaho/FL/scripts/ManageWork/ManageWork_RunALL.kjb  file:///home/pentaho/FL/scripts/ManageWork/ManageWork_Get_Variables.ktr]  Released server socket on port 0
2022-08-31 10:38:18.166 INFO  <init of Table input - Max_task_id.0 (Thread-85)> [/home/pentaho/FL/scripts/ManageWork/ManageWork_RunALL.kjb  file:///home/pentaho/FL/scripts/ManageWork/ManageWork_Get_Variables.ktr]  Released server socket on port 0
2022-08-31 10:38:18.172 INFO  <init of Set Variables Max_task_id.0 (Thread-86)> [/home/pentaho/FL/scripts/ManageWork/ManageWork_RunALL.kjb  file:///home/pentaho/FL/scripts/ManageWork/ManageWork_Get_Variables.ktr]  Released server socket on port 0
2022-08-31 10:38:18.193 INFO  <init of Table input - Max_task_id.0 (Thread-85)> [/home/pentaho/FL/scripts/ManageWork/ManageWork_RunALL.kjb  file:///home/pentaho/FL/scripts/ManageWork/ManageWork_Get_Variables.ktr]  New database connection defined
2022-08-31 10:38:18.194 INFO  <init of Database lookup Max hist.0 (Thread-83)> [/home/pentaho/FL/scripts/ManageWork/ManageWork_RunALL.kjb  file:///home/pentaho/FL/scripts/ManageWork/ManageWork_Get_Variables.ktr]  New database connection defined
2022-08-31 10:38:18.823 WARN  <Thread-81> [/home/pentaho/FL/scripts/MW_V2/MW_V2_RUNALL.kjb]  Start of job execution
2022-08-31 10:38:18.882 INFO  <Thread-81> [/home/pentaho/FL/scripts/MW_V2/MW_V2_RUNALL.kjb]  exec(0, 0, START.0)
2022-08-31 10:38:18.892 INFO  <Thread-81> [/home/pentaho/FL/scripts/MW_V2/MW_V2_RUNALL.kjb]  Starting job entry
2022-08-31 10:38:18.915 INFO  <Thread-81> [/home/pentaho/FL/scripts/MW_V2/MW_V2_RUNALL.kjb]  Starting entry [Wait for MW done file]
2022-08-31 10:38:18.915 INFO  <Thread-81> [/home/pentaho/FL/scripts/MW_V2/MW_V2_RUNALL.kjb]  exec(1, 0, Wait for MW done file.0)
2022-08-31 10:38:18.924 INFO  <Thread-81> [/home/pentaho/FL/scripts/MW_V2/MW_V2_RUNALL.kjb]  Starting job entry
2022-08-31 10:38:18.949 INFO  <Thread-81> [/home/pentaho/FL/scripts/MW_V2/MW_V2_RUNALL.kjb]  Waiting 1000 seconds for file [${FLHK8_LOG_DIR}/ManageWork_done.txt]
2022-08-31 10:38:18.950 INFO  <Thread-81> [/home/pentaho/FL/scripts/MW_V2/MW_V2_RUNALL.kjb]  Sleeping 30 seconds before next check for file [${FLHK8_LOG_DIR}/ManageWork_done.txt]
2022-08-31 10:38:20.053 INFO  <init of Database lookup Max hist.0 (Thread-83)> [/home/pentaho/FL/scripts/ManageWork/ManageWork_RunALL.kjb  file:///home/pentaho/FL/scripts/ManageWork/ManageWork_Get_Variables.ktr]  launch DDL statement: 
ALTER SESSION SET CURRENT_SCHEMA = FLCPD0_MAXDAT
2022-08-31 10:38:20.054 INFO  <init of Table input - Max_task_id.0 (Thread-85)> [/home/pentaho/FL/scripts/ManageWork/ManageWork_RunALL.kjb  file:///home/pentaho/FL/scripts/ManageWork/ManageWork_Get_Variables.ktr]  launch DDL statement: 
ALTER SESSION SET CURRENT_SCHEMA = FLCPD0_MAXDAT
2022-08-31 10:38:20.153 INFO  <init of Table input - Max_task_id.0 (Thread-85)> [/home/pentaho/FL/scripts/ManageWork/ManageWork_RunALL.kjb  file:///home/pentaho/FL/scripts/ManageWork/ManageWork_Get_Variables.ktr]  1 statement executed
2022-08-31 10:38:20.153 INFO  <init of Table input - Max_task_id.0 (Thread-85)> [/home/pentaho/FL/scripts/ManageWork/ManageWork_RunALL.kjb  file:///home/pentaho/FL/scripts/ManageWork/ManageWork_Get_Variables.ktr]  Executed connect time SQL statements:
ALTER SESSION SET CURRENT_SCHEMA = FLCPD0_MAXDAT;
2022-08-31 10:38:20.153 INFO  <init of Table input - Max_task_id.0 (Thread-85)> [/home/pentaho/FL/scripts/ManageWork/ManageWork_RunALL.kjb  file:///home/pentaho/FL/scripts/ManageWork/ManageWork_Get_Variables.ktr]  Auto commit off
2022-08-31 10:38:20.154 INFO  <init of Table input - Max_task_id.0 (Thread-85)> [/home/pentaho/FL/scripts/ManageWork/ManageWork_RunALL.kjb  file:///home/pentaho/FL/scripts/ManageWork/ManageWork_Get_Variables.ktr]  Connected to database...
2022-08-31 10:38:20.154 INFO  <init of Database lookup Max hist.0 (Thread-83)> [/home/pentaho/FL/scripts/ManageWork/ManageWork_RunALL.kjb  file:///home/pentaho/FL/scripts/ManageWork/ManageWork_Get_Variables.ktr]  1 statement executed
2022-08-31 10:38:20.155 INFO  <init of Database lookup Max hist.0 (Thread-83)> [/home/pentaho/FL/scripts/ManageWork/ManageWork_RunALL.kjb  file:///home/pentaho/FL/scripts/ManageWork/ManageWork_Get_Variables.ktr]  Executed connect time SQL statements:
ALTER SESSION SET CURRENT_SCHEMA = FLCPD0_MAXDAT;
2022-08-31 10:38:20.155 INFO  <init of Database lookup Max hist.0 (Thread-83)> [/home/pentaho/FL/scripts/ManageWork/ManageWork_RunALL.kjb  file:///home/pentaho/FL/scripts/ManageWork/ManageWork_Get_Variables.ktr]  Auto commit off
2022-08-31 10:38:20.157 INFO  <init of Database lookup Max hist.0 (Thread-83)> [/home/pentaho/FL/scripts/ManageWork/ManageWork_RunALL.kjb  file:///home/pentaho/FL/scripts/ManageWork/ManageWork_Get_Variables.ktr]  Connected to database...
2022-08-31 10:38:20.158 INFO  <Thread-81> [/home/pentaho/FL/scripts/ManageWork/ManageWork_RunALL.kjb  file:///home/pentaho/FL/scripts/ManageWork/ManageWork_Get_Variables.ktr]  Step [Generate Rows.0] initialized flawlessly.
2022-08-31 10:38:20.158 INFO  <Thread-81> [/home/pentaho/FL/scripts/ManageWork/ManageWork_RunALL.kjb  file:///home/pentaho/FL/scripts/ManageWork/ManageWork_Get_Variables.ktr]  Step [Database lookup Max hist.0] initialized flawlessly.
2022-08-31 10:38:20.158 INFO  <Thread-81> [/home/pentaho/FL/scripts/ManageWork/ManageWork_RunALL.kjb  file:///home/pentaho/FL/scripts/ManageWork/ManageWork_Get_Variables.ktr]  Step [String operations .0] initialized flawlessly.
2022-08-31 10:38:20.158 INFO  <Thread-81> [/home/pentaho/FL/scripts/ManageWork/ManageWork_RunALL.kjb  file:///home/pentaho/FL/scripts/ManageWork/ManageWork_Get_Variables.ktr]  Step [Table input - Max_task_id.0] initialized flawlessly.
2022-08-31 10:38:20.158 INFO  <Thread-81> [/home/pentaho/FL/scripts/ManageWork/ManageWork_RunALL.kjb  file:///home/pentaho/FL/scripts/ManageWork/ManageWork_Get_Variables.ktr]  Step [Set Variables Max_task_id.0] initialized flawlessly.
2022-08-31 10:38:20.165 INFO  <ManageWork_Get_Variables - Generate Rows> [/home/pentaho/FL/scripts/ManageWork/ManageWork_RunALL.kjb  file:///home/pentaho/FL/scripts/ManageWork/ManageWork_Get_Variables.ktr]  Starting to run...
2022-08-31 10:38:20.167 INFO  <ManageWork_Get_Variables - Database lookup Max hist> [/home/pentaho/FL/scripts/ManageWork/ManageWork_RunALL.kjb  file:///home/pentaho/FL/scripts/ManageWork/ManageWork_Get_Variables.ktr]  Starting to run...
2022-08-31 10:38:20.172 INFO  <ManageWork_Get_Variables - Generate Rows> [/home/pentaho/FL/scripts/ManageWork/ManageWork_RunALL.kjb  file:///home/pentaho/FL/scripts/ManageWork/ManageWork_Get_Variables.ktr]  Finished processing (I=0, O=0, R=0, W=1, U=0, E=0)
2022-08-31 10:38:20.180 INFO  <ManageWork_Get_Variables - Database lookup Max hist> [/home/pentaho/FL/scripts/ManageWork/ManageWork_RunALL.kjb  file:///home/pentaho/FL/scripts/ManageWork/ManageWork_Get_Variables.ktr]  Setting preparedStatement to [SELECT VALUE FROM CORP_ETL_CONTROL WHERE NAME = ? ]
2022-08-31 10:38:20.184 INFO  <ManageWork_Get_Variables - String operations > [/home/pentaho/FL/scripts/ManageWork/ManageWork_RunALL.kjb  file:///home/pentaho/FL/scripts/ManageWork/ManageWork_Get_Variables.ktr]  Starting to run...
2022-08-31 10:38:20.231 INFO  <ManageWork_Get_Variables - Table input - Max_task_id> [/home/pentaho/FL/scripts/ManageWork/ManageWork_RunALL.kjb  file:///home/pentaho/FL/scripts/ManageWork/ManageWork_Get_Variables.ktr]  Starting to run...
2022-08-31 10:38:20.232 INFO  <ManageWork_Get_Variables - Table input - Max_task_id> [/home/pentaho/FL/scripts/ManageWork/ManageWork_RunALL.kjb  file:///home/pentaho/FL/scripts/ManageWork/ManageWork_Get_Variables.ktr]  SQL query : SELECT max(New_Max_TASK_ID) NEW_max_task_id  FROM
 ( SELECT  TO_CHAR(NVL(VALUE, 0)) New_Max_Task_ID  FROM CORP_ETL_CONTROL 
       WHERE NAME = 'MW_LAST_TASK_ID' 
      UNION 
       SELECT TO_CHAR(NVL(MAX(TASK_ID), 0))  New_Max_TASK_ID 
       FROM FLHK_ETL_MANAGE_WORK)
2022-08-31 10:38:20.241 INFO  <ManageWork_Get_Variables - Set Variables Max_task_id> [/home/pentaho/FL/scripts/ManageWork/ManageWork_RunALL.kjb  file:///home/pentaho/FL/scripts/ManageWork/ManageWork_Get_Variables.ktr]  Starting to run...
2022-08-31 10:38:20.241 INFO  <Thread-81> [/home/pentaho/FL/scripts/ManageWork/ManageWork_RunALL.kjb  file:///home/pentaho/FL/scripts/ManageWork/ManageWork_Get_Variables.ktr]  Transformation has allocated 5 threads and 4 rowsets.
2022-08-31 10:38:20.266 INFO  <ManageWork_Get_Variables - Database lookup Max hist> [/home/pentaho/FL/scripts/ManageWork/ManageWork_RunALL.kjb  file:///home/pentaho/FL/scripts/ManageWork/ManageWork_Get_Variables.ktr]  Checking row: [MW_LAST_TASK_ID]
2022-08-31 10:38:20.400 INFO  <ManageWork_Get_Variables - Table input - Max_task_id> [/home/pentaho/FL/scripts/ManageWork/ManageWork_RunALL.kjb  file:///home/pentaho/FL/scripts/ManageWork/ManageWork_Get_Variables.ktr]  Finished reading query, closing connection
2022-08-31 10:38:20.401 INFO  <ManageWork_Get_Variables - Set Variables Max_task_id> [/home/pentaho/FL/scripts/ManageWork/ManageWork_RunALL.kjb  file:///home/pentaho/FL/scripts/ManageWork/ManageWork_Get_Variables.ktr]  Setting environment variables...
2022-08-31 10:38:20.402 INFO  <ManageWork_Get_Variables - Set Variables Max_task_id> [/home/pentaho/FL/scripts/ManageWork/ManageWork_RunALL.kjb  file:///home/pentaho/FL/scripts/ManageWork/ManageWork_Get_Variables.ktr]  Set variable NEW_MAX_TASK_ID to value [6803927]
2022-08-31 10:38:20.404 INFO  <ManageWork_Get_Variables - Set Variables Max_task_id> [/home/pentaho/FL/scripts/ManageWork/ManageWork_RunALL.kjb  file:///home/pentaho/FL/scripts/ManageWork/ManageWork_Get_Variables.ktr]  Finished after 1 rows.
2022-08-31 10:38:20.404 INFO  <ManageWork_Get_Variables - Set Variables Max_task_id> [/home/pentaho/FL/scripts/ManageWork/ManageWork_RunALL.kjb  file:///home/pentaho/FL/scripts/ManageWork/ManageWork_Get_Variables.ktr]  Finished processing (I=0, O=0, R=1, W=1, U=0, E=0)
2022-08-31 10:38:20.408 INFO  <ManageWork_Get_Variables - Table input - Max_task_id> [/home/pentaho/FL/scripts/ManageWork/ManageWork_RunALL.kjb  file:///home/pentaho/FL/scripts/ManageWork/ManageWork_Get_Variables.ktr]  Connection to database closed!
2022-08-31 10:38:20.409 INFO  <ManageWork_Get_Variables - Table input - Max_task_id> [/home/pentaho/FL/scripts/ManageWork/ManageWork_RunALL.kjb  file:///home/pentaho/FL/scripts/ManageWork/ManageWork_Get_Variables.ktr]  Finished processing (I=1, O=0, R=0, W=1, U=0, E=0)
2022-08-31 10:38:20.821 INFO  <ManageWork_Get_Variables - String operations > [/home/pentaho/FL/scripts/ManageWork/ManageWork_RunALL.kjb  file:///home/pentaho/FL/scripts/ManageWork/ManageWork_Get_Variables.ktr]  Finished processing (I=0, O=0, R=1, W=1, U=0, E=0)
2022-08-31 10:38:20.823 INFO  <ManageWork_Get_Variables - Database lookup Max hist> [/home/pentaho/FL/scripts/ManageWork/ManageWork_RunALL.kjb  file:///home/pentaho/FL/scripts/ManageWork/ManageWork_Get_Variables.ktr]  Connection to database closed!
2022-08-31 10:38:20.823 INFO  <ManageWork_Get_Variables - Database lookup Max hist> [/home/pentaho/FL/scripts/ManageWork/ManageWork_RunALL.kjb  file:///home/pentaho/FL/scripts/ManageWork/ManageWork_Get_Variables.ktr]  Finished processing (I=1, O=0, R=1, W=1, U=0, E=0)
2022-08-31 10:38:20.850 INFO  <Thread-81> [/home/pentaho/FL/scripts/ManageWork/ManageWork_RunALL.kjb]  Starting entry [ManageWork_Insert]
2022-08-31 10:38:20.851 INFO  <Thread-81> [/home/pentaho/FL/scripts/ManageWork/ManageWork_RunALL.kjb]  exec(3, 0, ManageWork_Insert.0)
2022-08-31 10:38:20.851 INFO  <Thread-81> [/home/pentaho/FL/scripts/ManageWork/ManageWork_RunALL.kjb]  Starting job entry
2022-08-31 10:38:20.851 INFO  <Thread-81> [/home/pentaho/FL/scripts/ManageWork/ManageWork_RunALL.kjb]  Opening transformation: [file:///home/pentaho/FL/scripts/ManageWork/ManageWork_Insert.ktr]
2022-08-31 10:38:20.882 INFO  <Thread-81> [/home/pentaho/FL/scripts/ManageWork/ManageWork_RunALL.kjb]  Starting transformation...(file=${Internal.Job.Filename.Directory}/ManageWork_Insert.ktr, name=ManageWork_Insert, repinfo=null)
2022-08-31 10:38:20.882 INFO  <Thread-81> [/home/pentaho/FL/scripts/ManageWork/ManageWork_RunALL.kjb]  Running transformation using the Kettle execution engine
2022-08-31 10:38:20.884 INFO  <Thread-81> [/home/pentaho/FL/scripts/ManageWork/ManageWork_RunALL.kjb  file:///home/pentaho/FL/scripts/ManageWork/ManageWork_Insert.ktr]  Transformation is pre-loaded.
2022-08-31 10:38:20.884 INFO  <Thread-81> [/home/pentaho/FL/scripts/ManageWork/ManageWork_RunALL.kjb  file:///home/pentaho/FL/scripts/ManageWork/ManageWork_Insert.ktr]  Dispatching started for transformation [ManageWork_Insert]
2022-08-31 10:38:20.884 INFO  <Thread-81> [/home/pentaho/FL/scripts/ManageWork/ManageWork_RunALL.kjb  file:///home/pentaho/FL/scripts/ManageWork/ManageWork_Insert.ktr]  Nr of arguments detected:0 
2022-08-31 10:38:20.885 INFO  <Thread-81> [/home/pentaho/FL/scripts/ManageWork/ManageWork_RunALL.kjb  file:///home/pentaho/FL/scripts/ManageWork/ManageWork_Insert.ktr]  This is not a replay transformation
2022-08-31 10:38:20.885 INFO  <Thread-81> [/home/pentaho/FL/scripts/ManageWork/ManageWork_RunALL.kjb  file:///home/pentaho/FL/scripts/ManageWork/ManageWork_Insert.ktr]  I found 3 different steps to launch.
2022-08-31 10:38:20.885 INFO  <Thread-81> [/home/pentaho/FL/scripts/ManageWork/ManageWork_RunALL.kjb  file:///home/pentaho/FL/scripts/ManageWork/ManageWork_Insert.ktr]  Allocating rowsets...
2022-08-31 10:38:20.885 INFO  <Thread-81> [/home/pentaho/FL/scripts/ManageWork/ManageWork_RunALL.kjb  file:///home/pentaho/FL/scripts/ManageWork/ManageWork_Insert.ktr]   Allocating rowsets for step 0 --> Table Output - FLHK_ETL_MANAGE_WORK
2022-08-31 10:38:20.886 INFO  <Thread-81> [/home/pentaho/FL/scripts/ManageWork/ManageWork_RunALL.kjb  file:///home/pentaho/FL/scripts/ManageWork/ManageWork_Insert.ktr]    prevcopies = 1, nextcopies=1
2022-08-31 10:38:20.887 INFO  <Thread-81> [/home/pentaho/FL/scripts/ManageWork/ManageWork_RunALL.kjb  file:///home/pentaho/FL/scripts/ManageWork/ManageWork_Insert.ktr]  Transformation allocated new rowset [Table Output - FLHK_ETL_MANAGE_WORK.0 - Table output OLTP - error.0]
2022-08-31 10:38:20.888 INFO  <Thread-81> [/home/pentaho/FL/scripts/ManageWork/ManageWork_RunALL.kjb  file:///home/pentaho/FL/scripts/ManageWork/ManageWork_Insert.ktr]   Allocated 1 rowsets for step 0 --> Table Output - FLHK_ETL_MANAGE_WORK  
2022-08-31 10:38:20.889 INFO  <Thread-81> [/home/pentaho/FL/scripts/ManageWork/ManageWork_RunALL.kjb  file:///home/pentaho/FL/scripts/ManageWork/ManageWork_Insert.ktr]   Allocating rowsets for step 1 --> Table output OLTP - error
2022-08-31 10:38:20.889 INFO  <Thread-81> [/home/pentaho/FL/scripts/ManageWork/ManageWork_RunALL.kjb  file:///home/pentaho/FL/scripts/ManageWork/ManageWork_Insert.ktr]   Allocated 1 rowsets for step 1 --> Table output OLTP - error  
2022-08-31 10:38:20.890 INFO  <Thread-81> [/home/pentaho/FL/scripts/ManageWork/ManageWork_RunALL.kjb  file:///home/pentaho/FL/scripts/ManageWork/ManageWork_Insert.ktr]   Allocating rowsets for step 2 --> Table input - OLTP 
2022-08-31 10:38:20.890 INFO  <Thread-81> [/home/pentaho/FL/scripts/ManageWork/ManageWork_RunALL.kjb  file:///home/pentaho/FL/scripts/ManageWork/ManageWork_Insert.ktr]    prevcopies = 1, nextcopies=1
2022-08-31 10:38:20.891 INFO  <Thread-81> [/home/pentaho/FL/scripts/ManageWork/ManageWork_RunALL.kjb  file:///home/pentaho/FL/scripts/ManageWork/ManageWork_Insert.ktr]  Transformation allocated new rowset [Table input - OLTP .0 - Table Output - FLHK_ETL_MANAGE_WORK.0]
2022-08-31 10:38:20.891 INFO  <Thread-81> [/home/pentaho/FL/scripts/ManageWork/ManageWork_RunALL.kjb  file:///home/pentaho/FL/scripts/ManageWork/ManageWork_Insert.ktr]   Allocated 2 rowsets for step 2 --> Table input - OLTP   
2022-08-31 10:38:20.891 INFO  <Thread-81> [/home/pentaho/FL/scripts/ManageWork/ManageWork_RunALL.kjb  file:///home/pentaho/FL/scripts/ManageWork/ManageWork_Insert.ktr]  Allocating Steps & StepData...
2022-08-31 10:38:20.892 INFO  <Thread-81> [/home/pentaho/FL/scripts/ManageWork/ManageWork_RunALL.kjb  file:///home/pentaho/FL/scripts/ManageWork/ManageWork_Insert.ktr]   Transformation is about to allocate step [Table Output - FLHK_ETL_MANAGE_WORK] of type [TableOutput]
2022-08-31 10:38:20.896 INFO  <Thread-81> [/home/pentaho/FL/scripts/ManageWork/ManageWork_RunALL.kjb  file:///home/pentaho/FL/scripts/ManageWork/ManageWork_Insert.ktr]  distribution activated
2022-08-31 10:38:20.897 INFO  <Thread-81> [/home/pentaho/FL/scripts/ManageWork/ManageWork_RunALL.kjb  file:///home/pentaho/FL/scripts/ManageWork/ManageWork_Insert.ktr]  Starting allocation of buffers & new threads...
2022-08-31 10:38:20.897 INFO  <Thread-81> [/home/pentaho/FL/scripts/ManageWork/ManageWork_RunALL.kjb  file:///home/pentaho/FL/scripts/ManageWork/ManageWork_Insert.ktr]  Step info: nrinput=1 nroutput=1
2022-08-31 10:38:20.897 INFO  <Thread-81> [/home/pentaho/FL/scripts/ManageWork/ManageWork_RunALL.kjb  file:///home/pentaho/FL/scripts/ManageWork/ManageWork_Insert.ktr]  Got previous step from [Table Output - FLHK_ETL_MANAGE_WORK] #0 --> Table input - OLTP 
2022-08-31 10:38:20.898 INFO  <Thread-81> [/home/pentaho/FL/scripts/ManageWork/ManageWork_RunALL.kjb  file:///home/pentaho/FL/scripts/ManageWork/ManageWork_Insert.ktr]  input rel is 1:1
2022-08-31 10:38:20.898 INFO  <Thread-81> [/home/pentaho/FL/scripts/ManageWork/ManageWork_RunALL.kjb  file:///home/pentaho/FL/scripts/ManageWork/ManageWork_Insert.ktr]  Found input rowset [Table input - OLTP .0 - Table Output - FLHK_ETL_MANAGE_WORK.0]
2022-08-31 10:38:20.898 INFO  <Thread-81> [/home/pentaho/FL/scripts/ManageWork/ManageWork_RunALL.kjb  file:///home/pentaho/FL/scripts/ManageWork/ManageWork_Insert.ktr]  output rel. is  1:1
2022-08-31 10:38:20.898 INFO  <Thread-81> [/home/pentaho/FL/scripts/ManageWork/ManageWork_RunALL.kjb  file:///home/pentaho/FL/scripts/ManageWork/ManageWork_Insert.ktr]  Found output rowset [Table Output - FLHK_ETL_MANAGE_WORK.0 - Table output OLTP - error.0]
2022-08-31 10:38:20.898 INFO  <Thread-81> [/home/pentaho/FL/scripts/ManageWork/ManageWork_RunALL.kjb  file:///home/pentaho/FL/scripts/ManageWork/ManageWork_Insert.ktr]  Finished dispatching
2022-08-31 10:38:20.902 INFO  <Thread-81> [/home/pentaho/FL/scripts/ManageWork/ManageWork_RunALL.kjb  file:///home/pentaho/FL/scripts/ManageWork/ManageWork_Insert.ktr]   Transformation has allocated a new step: [Table Output - FLHK_ETL_MANAGE_WORK].0
2022-08-31 10:38:20.902 INFO  <Thread-81> [/home/pentaho/FL/scripts/ManageWork/ManageWork_RunALL.kjb  file:///home/pentaho/FL/scripts/ManageWork/ManageWork_Insert.ktr]   Transformation is about to allocate step [Table output OLTP - error] of type [TableOutput]
2022-08-31 10:38:20.902 INFO  <Thread-81> [/home/pentaho/FL/scripts/ManageWork/ManageWork_RunALL.kjb  file:///home/pentaho/FL/scripts/ManageWork/ManageWork_Insert.ktr]  distribution activated
2022-08-31 10:38:20.903 INFO  <Thread-81> [/home/pentaho/FL/scripts/ManageWork/ManageWork_RunALL.kjb  file:///home/pentaho/FL/scripts/ManageWork/ManageWork_Insert.ktr]  Starting allocation of buffers & new threads...
2022-08-31 10:38:20.903 INFO  <Thread-81> [/home/pentaho/FL/scripts/ManageWork/ManageWork_RunALL.kjb  file:///home/pentaho/FL/scripts/ManageWork/ManageWork_Insert.ktr]  Step info: nrinput=1 nroutput=0
2022-08-31 10:38:20.903 INFO  <Thread-81> [/home/pentaho/FL/scripts/ManageWork/ManageWork_RunALL.kjb  file:///home/pentaho/FL/scripts/ManageWork/ManageWork_Insert.ktr]  Got previous step from [Table output OLTP - error] #0 --> Table Output - FLHK_ETL_MANAGE_WORK
2022-08-31 10:38:20.904 INFO  <Thread-81> [/home/pentaho/FL/scripts/ManageWork/ManageWork_RunALL.kjb  file:///home/pentaho/FL/scripts/ManageWork/ManageWork_Insert.ktr]  input rel is 1:1
2022-08-31 10:38:20.904 INFO  <Thread-81> [/home/pentaho/FL/scripts/ManageWork/ManageWork_RunALL.kjb  file:///home/pentaho/FL/scripts/ManageWork/ManageWork_Insert.ktr]  Found input rowset [Table Output - FLHK_ETL_MANAGE_WORK.0 - Table output OLTP - error.0]
2022-08-31 10:38:20.904 INFO  <Thread-81> [/home/pentaho/FL/scripts/ManageWork/ManageWork_RunALL.kjb  file:///home/pentaho/FL/scripts/ManageWork/ManageWork_Insert.ktr]  Finished dispatching
2022-08-31 10:38:20.904 INFO  <Thread-81> [/home/pentaho/FL/scripts/ManageWork/ManageWork_RunALL.kjb  file:///home/pentaho/FL/scripts/ManageWork/ManageWork_Insert.ktr]   Transformation has allocated a new step: [Table output OLTP - error].0
2022-08-31 10:38:20.904 INFO  <Thread-81> [/home/pentaho/FL/scripts/ManageWork/ManageWork_RunALL.kjb  file:///home/pentaho/FL/scripts/ManageWork/ManageWork_Insert.ktr]   Transformation is about to allocate step [Table input - OLTP ] of type [TableInput]
2022-08-31 10:38:20.905 INFO  <Thread-81> [/home/pentaho/FL/scripts/ManageWork/ManageWork_RunALL.kjb  file:///home/pentaho/FL/scripts/ManageWork/ManageWork_Insert.ktr]  distribution activated
2022-08-31 10:38:20.905 INFO  <Thread-81> [/home/pentaho/FL/scripts/ManageWork/ManageWork_RunALL.kjb  file:///home/pentaho/FL/scripts/ManageWork/ManageWork_Insert.ktr]  Starting allocation of buffers & new threads...
2022-08-31 10:38:20.905 INFO  <Thread-81> [/home/pentaho/FL/scripts/ManageWork/ManageWork_RunALL.kjb  file:///home/pentaho/FL/scripts/ManageWork/ManageWork_Insert.ktr]  Step info: nrinput=0 nroutput=1
2022-08-31 10:38:20.905 INFO  <Thread-81> [/home/pentaho/FL/scripts/ManageWork/ManageWork_RunALL.kjb  file:///home/pentaho/FL/scripts/ManageWork/ManageWork_Insert.ktr]  output rel. is  1:1
2022-08-31 10:38:20.905 INFO  <Thread-81> [/home/pentaho/FL/scripts/ManageWork/ManageWork_RunALL.kjb  file:///home/pentaho/FL/scripts/ManageWork/ManageWork_Insert.ktr]  Found output rowset [Table input - OLTP .0 - Table Output - FLHK_ETL_MANAGE_WORK.0]
2022-08-31 10:38:20.905 INFO  <Thread-81> [/home/pentaho/FL/scripts/ManageWork/ManageWork_RunALL.kjb  file:///home/pentaho/FL/scripts/ManageWork/ManageWork_Insert.ktr]  Finished dispatching
2022-08-31 10:38:20.906 INFO  <Thread-81> [/home/pentaho/FL/scripts/ManageWork/ManageWork_RunALL.kjb  file:///home/pentaho/FL/scripts/ManageWork/ManageWork_Insert.ktr]   Transformation has allocated a new step: [Table input - OLTP ].0
2022-08-31 10:38:20.906 INFO  <Thread-81> [/home/pentaho/FL/scripts/ManageWork/ManageWork_RunALL.kjb  file:///home/pentaho/FL/scripts/ManageWork/ManageWork_Insert.ktr]  This transformation can be replayed with replay date: 2022/08/31 10:38:20
2022-08-31 10:38:20.907 INFO  <Thread-81> [/home/pentaho/FL/scripts/ManageWork/ManageWork_RunALL.kjb  file:///home/pentaho/FL/scripts/ManageWork/ManageWork_Insert.ktr]  Initialising 3 steps...
2022-08-31 10:38:20.912 INFO  <init of Table Output - FLHK_ETL_MANAGE_WORK.0 (Thread-96)> [/home/pentaho/FL/scripts/ManageWork/ManageWork_RunALL.kjb  file:///home/pentaho/FL/scripts/ManageWork/ManageWork_Insert.ktr]  Released server socket on port 0
2022-08-31 10:38:20.916 WARN  <init of Table Output - FLHK_ETL_MANAGE_WORK.0 (Thread-96)> [/home/pentaho/FL/scripts/ManageWork/ManageWork_RunALL.kjb  file:///home/pentaho/FL/scripts/ManageWork/ManageWork_Insert.ktr]  WARNING! Error handling in combination with batch processing is not fully supported on the used database because of driver limitations. Proceed with caution at your own risk.
2022-08-31 10:38:20.917 INFO  <init of Table Output - FLHK_ETL_MANAGE_WORK.0 (Thread-96)> [/home/pentaho/FL/scripts/ManageWork/ManageWork_RunALL.kjb  file:///home/pentaho/FL/scripts/ManageWork/ManageWork_Insert.ktr]  New database connection defined
2022-08-31 10:38:20.919 INFO  <init of Table output OLTP - error.0 (Thread-97)> [/home/pentaho/FL/scripts/ManageWork/ManageWork_RunALL.kjb  file:///home/pentaho/FL/scripts/ManageWork/ManageWork_Insert.ktr]  Released server socket on port 0
2022-08-31 10:38:20.919 INFO  <init of Table output OLTP - error.0 (Thread-97)> [/home/pentaho/FL/scripts/ManageWork/ManageWork_RunALL.kjb  file:///home/pentaho/FL/scripts/ManageWork/ManageWork_Insert.ktr]  New database connection defined
2022-08-31 10:38:20.923 INFO  <init of Table input - OLTP .0 (Thread-98)> [/home/pentaho/FL/scripts/ManageWork/ManageWork_RunALL.kjb  file:///home/pentaho/FL/scripts/ManageWork/ManageWork_Insert.ktr]  Released server socket on port 0
2022-08-31 10:38:20.928 INFO  <init of Table input - OLTP .0 (Thread-98)> [/home/pentaho/FL/scripts/ManageWork/ManageWork_RunALL.kjb  file:///home/pentaho/FL/scripts/ManageWork/ManageWork_Insert.ktr]  New database connection defined
2022-08-31 10:38:20.930 INFO  <init of Table output OLTP - error.0 (Thread-97)> [/home/pentaho/FL/scripts/ManageWork/ManageWork_RunALL.kjb  file:///home/pentaho/FL/scripts/ManageWork/ManageWork_Insert.ktr]  Creating database connection pool for 'MAXDAT'...
2022-08-31 10:38:22.574 ERROR <init of Table input - OLTP .0 (Thread-98)> [/home/pentaho/FL/scripts/ManageWork/ManageWork_RunALL.kjb  file:///home/pentaho/FL/scripts/ManageWork/ManageWork_Insert.ktr]  An error occurred, processing will be stopped: 
Error occurred while trying to connect to the database

Connection failed. Verify all connection parameters and confirm that the appropriate driver is installed.
ORA-01017: invalid username/password; logon denied



2022-08-31 10:38:22.575 ERROR <init of Table input - OLTP .0 (Thread-98)> [/home/pentaho/FL/scripts/ManageWork/ManageWork_RunALL.kjb  file:///home/pentaho/FL/scripts/ManageWork/ManageWork_Insert.ktr]  Error initializing step [Table input - OLTP ]
2022-08-31 10:38:31.686 INFO  <init of Table output OLTP - error.0 (Thread-97)> [/home/pentaho/FL/scripts/ManageWork/ManageWork_RunALL.kjb  file:///home/pentaho/FL/scripts/ManageWork/ManageWork_Insert.ktr]  Successfully created database connection pool for 'MAXDAT'
2022-08-31 10:38:31.693 INFO  <init of Table output OLTP - error.0 (Thread-97)> [/home/pentaho/FL/scripts/ManageWork/ManageWork_RunALL.kjb  file:///home/pentaho/FL/scripts/ManageWork/ManageWork_Insert.ktr]  Connected to database [MAXDAT] (commit=100)
2022-08-31 10:38:31.693 INFO  <init of Table output OLTP - error.0 (Thread-97)> [/home/pentaho/FL/scripts/ManageWork/ManageWork_RunALL.kjb  file:///home/pentaho/FL/scripts/ManageWork/ManageWork_Insert.ktr]  Auto commit off
2022-08-31 10:38:31.704 INFO  <init of Table Output - FLHK_ETL_MANAGE_WORK.0 (Thread-96)> [/home/pentaho/FL/scripts/ManageWork/ManageWork_RunALL.kjb  file:///home/pentaho/FL/scripts/ManageWork/ManageWork_Insert.ktr]  Connected to database [MAXDAT] (commit=1000)
2022-08-31 10:38:31.704 INFO  <init of Table Output - FLHK_ETL_MANAGE_WORK.0 (Thread-96)> [/home/pentaho/FL/scripts/ManageWork/ManageWork_RunALL.kjb  file:///home/pentaho/FL/scripts/ManageWork/ManageWork_Insert.ktr]  Auto commit off
2022-08-31 10:38:31.704 INFO  <Thread-81> [/home/pentaho/FL/scripts/ManageWork/ManageWork_RunALL.kjb  file:///home/pentaho/FL/scripts/ManageWork/ManageWork_Insert.ktr]  Step [Table Output - FLHK_ETL_MANAGE_WORK.0] initialized flawlessly.
2022-08-31 10:38:31.704 INFO  <Thread-81> [/home/pentaho/FL/scripts/ManageWork/ManageWork_RunALL.kjb  file:///home/pentaho/FL/scripts/ManageWork/ManageWork_Insert.ktr]  Step [Table output OLTP - error.0] initialized flawlessly.
2022-08-31 10:38:31.705 ERROR <Thread-81> [/home/pentaho/FL/scripts/ManageWork/ManageWork_RunALL.kjb  file:///home/pentaho/FL/scripts/ManageWork/ManageWork_Insert.ktr]  Step [Table input - OLTP .0] failed to initialize!
2022-08-31 10:38:31.712 INFO  <Thread-81> [/home/pentaho/FL/scripts/ManageWork/ManageWork_RunALL.kjb  file:///home/pentaho/FL/scripts/ManageWork/ManageWork_Insert.ktr]  Connection to database closed!
2022-08-31 10:38:31.714 INFO  <Thread-81> [/home/pentaho/FL/scripts/ManageWork/ManageWork_RunALL.kjb  file:///home/pentaho/FL/scripts/ManageWork/ManageWork_Insert.ktr]  Connection to database closed!
2022-08-31 10:38:31.714 INFO  <Thread-81> [/home/pentaho/FL/scripts/ManageWork/ManageWork_RunALL.kjb  file:///home/pentaho/FL/scripts/ManageWork/ManageWork_Insert.ktr]  Finished reading query, closing connection
2022-08-31 10:38:31.715 ERROR <Thread-81> [/home/pentaho/FL/scripts/ManageWork/ManageWork_RunALL.kjb]  Unable to prepare for execution of the transformation
2022-08-31 10:38:31.715 ERROR <Thread-81> [/home/pentaho/FL/scripts/ManageWork/ManageWork_RunALL.kjb]  org.pentaho.di.core.exception.KettleException: 
We failed to initialize at least one step.  Execution can not begin!


	at org.pentaho.di.trans.Trans.prepareExecution(Trans.java:1295)
	at org.pentaho.di.trans.Trans.execute(Trans.java:757)
	at org.pentaho.di.job.entries.trans.JobEntryTrans.execute(JobEntryTrans.java:1190)
	at org.pentaho.di.job.Job.execute(Job.java:703)
	at org.pentaho.di.job.Job.execute(Job.java:844)
	at org.pentaho.di.job.Job.execute(Job.java:844)
	at org.pentaho.di.job.Job.execute(Job.java:844)
	at org.pentaho.di.job.Job.execute(Job.java:513)
	at org.pentaho.di.job.Job.run(Job.java:393)

2022-08-31 10:38:31.717 INFO  <Thread-81> [/home/pentaho/FL/scripts/ManageWork/ManageWork_RunALL.kjb]  Finished job entry [ManageWork_Insert] (result=[false])
2022-08-31 10:38:31.718 INFO  <Thread-81> [/home/pentaho/FL/scripts/ManageWork/ManageWork_RunALL.kjb]  Finished job entry [ManageWork_Get_Variables] (result=[false])
2022-08-31 10:38:31.718 INFO  <Thread-81> [/home/pentaho/FL/scripts/ManageWork/ManageWork_RunALL.kjb]  Finished job entry [Create touch file] (result=[false])
2022-08-31 10:38:31.718 WARN  <Thread-81> [/home/pentaho/FL/scripts/ManageWork/ManageWork_RunALL.kjb]  Job execution finished
2022-08-31 10:38:31.718 INFO  <Thread-81> [/home/pentaho/FL/scripts/ManageWork/ManageWork_RunALL.kjb]  MetaFileCache Loading Summary
2022-08-31 10:38:31.718 INFO  <Thread-81> [/home/pentaho/FL/scripts/ManageWork/ManageWork_RunALL.kjb]  FILENAME:file:///home/pentaho/FL/scripts/ManageWork/ManageWork_Get_Variables.ktr was loaded 0 times from the cache.
2022-08-31 10:38:31.718 INFO  <Thread-81> [/home/pentaho/FL/scripts/ManageWork/ManageWork_RunALL.kjb]  FILENAME:file:///home/pentaho/FL/scripts/ManageWork/ManageWork_Insert.ktr was loaded 0 times from the cache.
2022-08-31 10:38:48.950 INFO  <Thread-81> [/home/pentaho/FL/scripts/MW_V2/MW_V2_RUNALL.kjb]  Sleeping 30 seconds before next check for file [${FLHK8_LOG_DIR}/ManageWork_done.txt]
2022-08-31 10:39:18.951 INFO  <Thread-81> [/home/pentaho/FL/scripts/MW_V2/MW_V2_RUNALL.kjb]  Sleeping 30 seconds before next check for file [${FLHK8_LOG_DIR}/ManageWork_done.txt]
2022-08-31 10:39:48.952 INFO  <Thread-81> [/home/pentaho/FL/scripts/MW_V2/MW_V2_RUNALL.kjb]  Sleeping 30 seconds before next check for file [${FLHK8_LOG_DIR}/ManageWork_done.txt]
2022-08-31 10:40:18.953 INFO  <Thread-81> [/home/pentaho/FL/scripts/MW_V2/MW_V2_RUNALL.kjb]  Sleeping 30 seconds before next check for file [${FLHK8_LOG_DIR}/ManageWork_done.txt]
2022-08-31 10:40:48.954 INFO  <Thread-81> [/home/pentaho/FL/scripts/MW_V2/MW_V2_RUNALL.kjb]  Sleeping 30 seconds before next check for file [${FLHK8_LOG_DIR}/ManageWork_done.txt]
2022-08-31 10:41:18.955 INFO  <Thread-81> [/home/pentaho/FL/scripts/MW_V2/MW_V2_RUNALL.kjb]  Sleeping 30 seconds before next check for file [${FLHK8_LOG_DIR}/ManageWork_done.txt]
2022-08-31 10:41:48.955 INFO  <Thread-81> [/home/pentaho/FL/scripts/MW_V2/MW_V2_RUNALL.kjb]  Sleeping 30 seconds before next check for file [${FLHK8_LOG_DIR}/ManageWork_done.txt]
2022-08-31 10:42:18.956 INFO  <Thread-81> [/home/pentaho/FL/scripts/MW_V2/MW_V2_RUNALL.kjb]  Sleeping 30 seconds before next check for file [${FLHK8_LOG_DIR}/ManageWork_done.txt]
2022-08-31 10:42:48.957 INFO  <Thread-81> [/home/pentaho/FL/scripts/MW_V2/MW_V2_RUNALL.kjb]  Sleeping 30 seconds before next check for file [${FLHK8_LOG_DIR}/ManageWork_done.txt]
2022-08-31 10:43:18.957 INFO  <Thread-81> [/home/pentaho/FL/scripts/MW_V2/MW_V2_RUNALL.kjb]  Sleeping 30 seconds before next check for file [${FLHK8_LOG_DIR}/ManageWork_done.txt]
2022-08-31 10:43:48.958 INFO  <Thread-81> [/home/pentaho/FL/scripts/MW_V2/MW_V2_RUNALL.kjb]  Sleeping 30 seconds before next check for file [${FLHK8_LOG_DIR}/ManageWork_done.txt]
2022-08-31 10:44:18.959 INFO  <Thread-81> [/home/pentaho/FL/scripts/MW_V2/MW_V2_RUNALL.kjb]  Sleeping 30 seconds before next check for file [${FLHK8_LOG_DIR}/ManageWork_done.txt]
2022-08-31 10:44:48.959 INFO  <Thread-81> [/home/pentaho/FL/scripts/MW_V2/MW_V2_RUNALL.kjb]  Sleeping 30 seconds before next check for file [${FLHK8_LOG_DIR}/ManageWork_done.txt]
2022-08-31 10:45:18.960 INFO  <Thread-81> [/home/pentaho/FL/scripts/MW_V2/MW_V2_RUNALL.kjb]  Sleeping 30 seconds before next check for file [${FLHK8_LOG_DIR}/ManageWork_done.txt]
2022-08-31 10:45:48.961 INFO  <Thread-81> [/home/pentaho/FL/scripts/MW_V2/MW_V2_RUNALL.kjb]  Sleeping 30 seconds before next check for file [${FLHK8_LOG_DIR}/ManageWork_done.txt]
2022-08-31 10:46:18.962 INFO  <Thread-81> [/home/pentaho/FL/scripts/MW_V2/MW_V2_RUNALL.kjb]  Sleeping 30 seconds before next check for file [${FLHK8_LOG_DIR}/ManageWork_done.txt]
2022-08-31 10:46:48.963 INFO  <Thread-81> [/home/pentaho/FL/scripts/MW_V2/MW_V2_RUNALL.kjb]  Sleeping 30 seconds before next check for file [${FLHK8_LOG_DIR}/ManageWork_done.txt]
2022-08-31 10:47:18.963 INFO  <Thread-81> [/home/pentaho/FL/scripts/MW_V2/MW_V2_RUNALL.kjb]  Sleeping 30 seconds before next check for file [${FLHK8_LOG_DIR}/ManageWork_done.txt]
2022-08-31 10:47:48.964 INFO  <Thread-81> [/home/pentaho/FL/scripts/MW_V2/MW_V2_RUNALL.kjb]  Sleeping 30 seconds before next check for file [${FLHK8_LOG_DIR}/ManageWork_done.txt]
2022-08-31 10:48:18.965 INFO  <Thread-81> [/home/pentaho/FL/scripts/MW_V2/MW_V2_RUNALL.kjb]  Sleeping 30 seconds before next check for file [${FLHK8_LOG_DIR}/ManageWork_done.txt]
2022-08-31 10:48:48.966 INFO  <Thread-81> [/home/pentaho/FL/scripts/MW_V2/MW_V2_RUNALL.kjb]  Sleeping 30 seconds before next check for file [${FLHK8_LOG_DIR}/ManageWork_done.txt]
2022-08-31 10:49:18.966 INFO  <Thread-81> [/home/pentaho/FL/scripts/MW_V2/MW_V2_RUNALL.kjb]  Sleeping 30 seconds before next check for file [${FLHK8_LOG_DIR}/ManageWork_done.txt]
2022-08-31 10:49:48.967 INFO  <Thread-81> [/home/pentaho/FL/scripts/MW_V2/MW_V2_RUNALL.kjb]  Sleeping 30 seconds before next check for file [${FLHK8_LOG_DIR}/ManageWork_done.txt]
2022-08-31 10:50:18.968 INFO  <Thread-81> [/home/pentaho/FL/scripts/MW_V2/MW_V2_RUNALL.kjb]  Sleeping 30 seconds before next check for file [${FLHK8_LOG_DIR}/ManageWork_done.txt]
2022-08-31 10:50:48.969 INFO  <Thread-81> [/home/pentaho/FL/scripts/MW_V2/MW_V2_RUNALL.kjb]  Sleeping 30 seconds before next check for file [${FLHK8_LOG_DIR}/ManageWork_done.txt]
2022-08-31 10:51:18.970 INFO  <Thread-81> [/home/pentaho/FL/scripts/MW_V2/MW_V2_RUNALL.kjb]  Sleeping 30 seconds before next check for file [${FLHK8_LOG_DIR}/ManageWork_done.txt]
2022-08-31 10:51:48.970 INFO  <Thread-81> [/home/pentaho/FL/scripts/MW_V2/MW_V2_RUNALL.kjb]  Sleeping 30 seconds before next check for file [${FLHK8_LOG_DIR}/ManageWork_done.txt]
2022-08-31 10:52:18.971 INFO  <Thread-81> [/home/pentaho/FL/scripts/MW_V2/MW_V2_RUNALL.kjb]  Sleeping 30 seconds before next check for file [${FLHK8_LOG_DIR}/ManageWork_done.txt]
2022-08-31 10:52:48.972 INFO  <Thread-81> [/home/pentaho/FL/scripts/MW_V2/MW_V2_RUNALL.kjb]  Sleeping 30 seconds before next check for file [${FLHK8_LOG_DIR}/ManageWork_done.txt]
2022-08-31 10:53:18.973 INFO  <Thread-81> [/home/pentaho/FL/scripts/MW_V2/MW_V2_RUNALL.kjb]  Sleeping 30 seconds before next check for file [${FLHK8_LOG_DIR}/ManageWork_done.txt]
2022-08-31 10:53:48.973 INFO  <Thread-81> [/home/pentaho/FL/scripts/MW_V2/MW_V2_RUNALL.kjb]  Sleeping 30 seconds before next check for file [${FLHK8_LOG_DIR}/ManageWork_done.txt]
2022-08-31 10:54:18.974 INFO  <Thread-81> [/home/pentaho/FL/scripts/MW_V2/MW_V2_RUNALL.kjb]  Sleeping 30 seconds before next check for file [${FLHK8_LOG_DIR}/ManageWork_done.txt]
2022-08-31 10:54:48.976 INFO  <Thread-81> [/home/pentaho/FL/scripts/MW_V2/MW_V2_RUNALL.kjb]  Sleeping 10 seconds before next check for file [${FLHK8_LOG_DIR}/ManageWork_done.txt]
2022-08-31 10:54:59.019 INFO  <Thread-81> [/home/pentaho/FL/scripts/MW_V2/MW_V2_RUNALL.kjb]  Didn't detect file [${FLHK8_LOG_DIR}/ManageWork_done.txt] before timeout, failure
2022-08-31 10:54:59.037 INFO  <Thread-81> [/home/pentaho/FL/scripts/MW_V2/MW_V2_RUNALL.kjb]  Finished job entry [Wait for MW done file] (result=[false])
2022-08-31 10:54:59.039 WARN  <Thread-81> [/home/pentaho/FL/scripts/MW_V2/MW_V2_RUNALL.kjb]  Job execution finished
