
Table created

Comment added

Comment added

Comment added

Comment added

Comment added

Comment added

Table altered

Grant succeeded

Synonym created
---------

Table created

Comment added

Comment added

Comment added

Comment added

Comment added

Comment added

Comment added

Comment added

Table altered

Table altered

Grant succeeded

Synonym created
---------

Table created

Table altered

Grant succeeded

Synonym created
---------

Table created

Comment added

Comment added

Comment added

Comment added

Comment added

Comment added

Comment added

Comment added

Comment added

Comment added

Comment added

Comment added

Comment added

Comment added

Comment added

Comment added

Comment added

Comment added

Comment added

Comment added

Comment added

Comment added

Comment added

Comment added

Comment added

Comment added

Comment added

Comment added

Comment added

Comment added

Comment added

Comment added

Comment added

Comment added

Comment added

Comment added

Comment added

Comment added

Comment added

Comment added

Comment added

Comment added

Index created

Table altered

Table altered

Table altered

Table altered

Table altered

Table altered

Table altered

Table altered

Table altered

Table altered

Table altered

Grant succeeded

Synonym created
---------

Table created

Index created

Index created

Grant succeeded

Synonym created
---------

Table created

Grant succeeded

Synonym created
---------

Table created

Table altered

Table altered

Grant succeeded

Synonym created
---------

Table created

Grant succeeded

Synonym created
---------

Table created

Table altered

Grant succeeded

Synonym created
---------

Table created

Index created

Index created

Index created

Table altered

Grant succeeded

Synonym created
---------

Sequence created

Synonym created

Sequence created

Synonym created

Sequence created

Synonym created

Sequence created

Synonym created

Sequence created

Synonym created
---------

Trigger created

Trigger created

Trigger created

Trigger created

Trigger created
---------

Function created

Function created

Function created
---------

View created

View created
---------

1 row inserted

1 row inserted

1 row inserted

1 row inserted

1 row inserted

1 row inserted
---------
