/u01/maximus/maxdat-prd/IL/ETL/scripts/AgencyReports/kettle_5.2
Start of program:  Run_5_2_ILEB_402.sh
/u01/maximus/maxdat-prd/IL/ETL/scripts/AgencyReports/kettle_5.2
2015/06/12 11:25:20 - Kitchen - Logging is at level : Basic logging
2015/06/12 11:25:20 - Kitchen - Start of run.
2015/06/12 11:25:20 - ILEB_402_Step_Build_Output - Start of job execution
2015/06/12 11:25:20 - ILEB_402_Step_Build_Output - Starting entry [Set Previous Month Var]
2015/06/12 11:25:20 - Set Previous Month Var - Loading transformation from XML file [file:///u01/maximus/maxdat-prd/IL/ETL/scripts/AgencyReports/kettle_5.2/insert_402_tables/ILEB_402_Set_Prev_Month.ktr]
2015/06/12 11:25:20 - ILEB_402_Set_Prev_Month - Dispatching started for transformation [ILEB_402_Set_Prev_Month]
2015/06/12 11:25:20 - Get Last Month.0 - Finished processing (I=0, O=0, R=1, W=1, U=0, E=0)
2015/06/12 11:25:20 - Modified Java Script Value.0 - Optimization level set to 9.
2015/06/12 11:25:20 - Set Variables.0 - Setting environment variables...
2015/06/12 11:25:20 - Set Variables.0 - Set variable LAST_MONTH to value [May 2015]
2015/06/12 11:25:20 - Modified Java Script Value.0 - Finished processing (I=0, O=0, R=1, W=1, U=0, E=0)
2015/06/12 11:25:20 - Set Variables.0 - Finished after 1 rows.
2015/06/12 11:25:20 - Set Variables.0 - Finished processing (I=0, O=0, R=1, W=1, U=0, E=0)
2015/06/12 11:25:20 - ILEB_402_Step_Build_Output - Starting entry [Truncate Tables]
2015/06/12 11:25:20 - Truncate Tables - Loading transformation from XML file [file:///u01/maximus/maxdat-prd/IL/ETL/scripts/AgencyReports/kettle_5.2/insert_402_tables/ILEB_402_Truncate_Tables.ktr]
2015/06/12 11:25:20 - ILEB_402_Truncate_Tables - Dispatching started for transformation [ILEB_402_Truncate_Tables]
2015/06/12 11:25:20 - MAXDAT - Creating database connection pool for 'MAXDAT'...
2015/06/12 11:25:22 - MAXDAT - Successfully created database connection pool for 'MAXDAT'
2015/06/12 11:25:22 - Truncate Tables.0 - Finished reading query, closing connection.
2015/06/12 11:25:22 - Truncate Tables.0 - Finished processing (I=0, O=0, R=0, W=1, U=0, E=0)
2015/06/12 11:25:22 - ILEB_402_Step_Build_Output - Starting entry [Insert ILEB_SELTRANS]
2015/06/12 11:25:22 - Insert ILEB_SELTRANS - Loading transformation from XML file [file:///u01/maximus/maxdat-prd/IL/ETL/scripts/AgencyReports/kettle_5.2/insert_402_tables/ILEB_402_Insert_ILEB_SELTRANS.ktr]
2015/06/12 11:25:22 - ILEB_402_Insert_ILEB_SELTRANS - Dispatching started for transformation [ILEB_402_Insert_ILEB_SELTRANS]
2015/06/12 11:40:01 - Insert ILEB_SELTRANS.0 - Finished reading query, closing connection.
2015/06/12 11:40:01 - Insert ILEB_SELTRANS.0 - Finished processing (I=0, O=0, R=0, W=1, U=0, E=0)
2015/06/12 11:40:01 - ILEB_402_Step_Build_Output - Starting entry [Insert Other Tables]
2015/06/12 11:40:01 - Insert Other Tables - Loading transformation from XML file [file:///u01/maximus/maxdat-prd/IL/ETL/scripts/AgencyReports/kettle_5.2/insert_402_tables/ILEB_402_Insert_Other_Tables.ktr]
2015/06/12 11:40:01 - ILEB_402_Insert_Other_Tables - Dispatching started for transformation [ILEB_402_Insert_Other_Tables]
2015/06/12 11:41:16 - Insert ILEB_CURSTATDATE.0 - Finished reading query, closing connection.
2015/06/12 11:41:16 - Insert ILEB_UPLOADDATE.0 - Finished reading query, closing connection.
2015/06/12 11:41:16 - Insert ILEB_MI.0 - Finished reading query, closing connection.
2015/06/12 11:41:16 - Insert ILEB_UPLOADDATE.0 - Finished processing (I=0, O=0, R=0, W=1, U=0, E=0)
2015/06/12 11:41:16 - Insert ILEB_MI.0 - Finished processing (I=0, O=0, R=0, W=1, U=0, E=0)
2015/06/12 11:41:16 - Insert ILEB_CURSTATDATE.0 - Finished processing (I=0, O=0, R=0, W=1, U=0, E=0)
2015/06/12 11:41:16 - ILEB_402_Step_Build_Output - Starting entry [Insert ILEB_402_REPORT]
2015/06/12 11:41:16 - Insert ILEB_402_REPORT - Loading transformation from XML file [file:///u01/maximus/maxdat-prd/IL/ETL/scripts/AgencyReports/kettle_5.2/insert_402_tables/ILEB_402_Insert_ILEB_402_REPORT.ktr]
2015/06/12 11:41:16 - ILEB_401_Insert_ILEB_402_REPORT - Dispatching started for transformation [ILEB_401_Insert_ILEB_402_REPORT]
2015/06/12 11:43:45 - Insert ILEB_402_REPORT.0 - Finished reading query, closing connection.
2015/06/12 11:43:45 - Insert ILEB_402_REPORT.0 - Finished processing (I=0, O=0, R=0, W=1, U=0, E=0)
2015/06/12 11:43:45 - ILEB_402_Step_Build_Output - Starting entry [Merge Case_CIN]
2015/06/12 11:43:45 - Merge Case_CIN - Loading transformation from XML file [file:///u01/maximus/maxdat-prd/IL/ETL/scripts/AgencyReports/kettle_5.2/insert_402_tables/ILEB_402_Merge_CASE_CIN.ktr]
2015/06/12 11:43:45 - ILEB_402_Merge_CASE_CIN - Dispatching started for transformation [ILEB_402_Merge_CASE_CIN]
2015/06/12 11:59:29 - Merge CASE_CIN.0 - Finished reading query, closing connection.
2015/06/12 11:59:29 - Merge CASE_CIN.0 - Finished processing (I=0, O=0, R=0, W=1, U=0, E=0)
2015/06/12 11:59:29 - ILEB_402_Step_Build_Output - Starting entry [Merge Name and RIN]
2015/06/12 11:59:29 - Merge Name and RIN - Loading transformation from XML file [file:///u01/maximus/maxdat-prd/IL/ETL/scripts/AgencyReports/kettle_5.2/insert_402_tables/ILEB_402_Merge_Name_and_RIN.ktr]
2015/06/12 11:59:29 - ILEB_402_Merge_Name_and_RIN - Dispatching started for transformation [ILEB_402_Merge_Name_and_RIN]
2015/06/12 15:29:16 - Merge Name and RIN.0 - Finished reading query, closing connection.
2015/06/12 15:29:16 - Merge Name and RIN.0 - Finished processing (I=0, O=0, R=0, W=1, U=0, E=0)
2015/06/12 15:29:16 - ILEB_402_Step_Build_Output - Starting entry [Success]
2015/06/12 15:29:16 - ILEB_402_Step_Build_Output - Finished job entry [Success] (result=[true])
2015/06/12 15:29:16 - ILEB_402_Step_Build_Output - Finished job entry [Merge Name and RIN] (result=[true])
2015/06/12 15:29:16 - ILEB_402_Step_Build_Output - Finished job entry [Merge Case_CIN] (result=[true])
2015/06/12 15:29:16 - ILEB_402_Step_Build_Output - Finished job entry [Insert ILEB_402_REPORT] (result=[true])
2015/06/12 15:29:16 - ILEB_402_Step_Build_Output - Finished job entry [Insert Other Tables] (result=[true])
2015/06/12 15:29:16 - ILEB_402_Step_Build_Output - Finished job entry [Insert ILEB_SELTRANS] (result=[true])
2015/06/12 15:29:16 - ILEB_402_Step_Build_Output - Finished job entry [Truncate Tables] (result=[true])
2015/06/12 15:29:16 - ILEB_402_Step_Build_Output - Finished job entry [Set Previous Month Var] (result=[true])
2015/06/12 15:29:16 - ILEB_402_Step_Build_Output - Job execution finished
2015/06/12 15:29:16 - Kitchen - Finished!
2015/06/12 15:29:16 - Kitchen - Start=2015/06/12 11:25:20.166, Stop=2015/06/12 15:29:16.336
2015/06/12 15:29:16 - Kitchen - Processing ended after 4 hours, 3 minutes and 56 seconds (14636 seconds total).
/u01/maximus/maxdat-prd/IL/ETL/scripts/AgencyReports/kettle_5.2
2015/06/12 15:29:17 - Kitchen - Logging is at level : Basic logging
2015/06/12 15:29:17 - Kitchen - Start of run.
2015/06/12 15:29:17 - ILEB_402_Write_Output_Only - Start of job execution
2015/06/12 15:29:17 - ILEB_402_Write_Output_Only - Starting entry [Set Prev Month]
2015/06/12 15:29:17 - Set Prev Month - Loading transformation from XML file [file:///u01/maximus/maxdat-prd/IL/ETL/scripts/AgencyReports/kettle_5.2/create_402_report/ILEB_402_Set_Prev_Month.ktr]
2015/06/12 15:29:17 - ILEB_402_Set_Prev_Month - Dispatching started for transformation [ILEB_402_Set_Prev_Month]
2015/06/12 15:29:17 - Get Last Month.0 - Finished processing (I=0, O=0, R=1, W=1, U=0, E=0)
2015/06/12 15:29:17 - Modified Java Script Value.0 - Optimization level set to 9.
2015/06/12 15:29:17 - Set Variables.0 - Setting environment variables...
2015/06/12 15:29:17 - Set Variables.0 - Set variable LAST_MONTH to value [May 2015]
2015/06/12 15:29:17 - Modified Java Script Value.0 - Finished processing (I=0, O=0, R=1, W=1, U=0, E=0)
2015/06/12 15:29:17 - Set Variables.0 - Finished after 1 rows.
2015/06/12 15:29:17 - Set Variables.0 - Finished processing (I=0, O=0, R=1, W=1, U=0, E=0)
2015/06/12 15:29:17 - ILEB_402_Write_Output_Only - Starting entry [Create Output]
2015/06/12 15:29:17 - Create Output - Loading transformation from XML file [file:///u01/maximus/maxdat-prd/IL/ETL/scripts/AgencyReports/kettle_5.2/create_402_report/ILEB_402_Prod_Create_Output_D.ktr]
2015/06/12 15:29:17 - ILEB_402_Prod_Create_Output _D - Dispatching started for transformation [ILEB_402_Prod_Create_Output _D]
2015/06/12 15:29:17 - MAXDAT - Creating database connection pool for 'MAXDAT'...
2015/06/12 15:29:19 - MAXDAT - Successfully created database connection pool for 'MAXDAT'
2015/06/12 15:29:19 - ILEB_402_Prod_Create_Output.0 - Finished reading query, closing connection.
2015/06/12 15:29:19 - Set Row Count.0 - Setting environment variables...
2015/06/12 15:29:19 - Set Row Count.0 - Set variable RowCount to value [73327]
2015/06/12 15:29:19 - Set Row Count.0 - Finished after 1 rows.
2015/06/12 15:29:19 - Set Row Count.0 - Finished processing (I=0, O=0, R=1, W=1, U=0, E=0)
2015/06/12 15:29:19 - ILEB_402_Prod_Create_Output.0 - Finished processing (I=1, O=0, R=0, W=1, U=0, E=0)
2015/06/12 15:29:19 - Header File Output.0 - Finished processing (I=0, O=2, R=1, W=1, U=0, E=0)
2015/06/12 15:29:19 - ILEB_402_Write_Output_Only - Starting entry [Write Number of Transactions to XLSX]
2015/06/12 15:29:19 - Write Number of Transactions to XLSX - Loading transformation from XML file [file:///u01/maximus/maxdat-prd/IL/ETL/scripts/AgencyReports/kettle_5.2/create_402_report/ILEB_402_Write_Header_D.ktr]
2015/06/12 15:29:19 - ILEB_402_Write_Header - Dispatching started for transformation [ILEB_402_Write_Header]
2015/06/12 15:29:20 - Header File.0 - Opening file: file:///u01/maximus/maxdat-prd/IL/ETL/logs/ILEB_402_Header.txt
2015/06/12 15:29:20 - Header File.0 - Finished processing (I=2, O=0, R=0, W=1, U=1, E=0)
2015/06/12 15:29:20 - Set field value to a constant.0 - Finished processing (I=0, O=0, R=1, W=1, U=0, E=0)
2015/06/12 15:29:20 - Update Transaction Number.0 - Finished processing (I=0, O=1, R=1, W=1, U=0, E=0)
2015/06/12 15:29:20 - ILEB_402_Write_Output_Only - Starting entry [Write Report Begin-End Dates to XLSX]
2015/06/12 15:29:20 - Write Report Begin-End Dates to XLSX - Loading transformation from XML file [file:///u01/maximus/maxdat-prd/IL/ETL/scripts/AgencyReports/kettle_5.2/create_402_report/ILEB_402_Update_Header2_D.ktr]
2015/06/12 15:29:20 - ILEB_402M_Update_Header2_D - Dispatching started for transformation [ILEB_402M_Update_Header2_D]
2015/06/12 15:29:20 - Set Header Dates.0 - Finished reading query, closing connection.
2015/06/12 15:29:20 - Set Header Dates.0 - Finished processing (I=1, O=0, R=0, W=1, U=0, E=0)
2015/06/12 15:29:20 - Update Run Dates.0 - Finished processing (I=0, O=1, R=1, W=1, U=0, E=0)
2015/06/12 15:29:20 - ILEB_402_Write_Output_Only - Starting entry [Write Report Run Date to XLSX]
2015/06/12 15:29:20 - Write Report Run Date to XLSX - Loading transformation from XML file [file:///u01/maximus/maxdat-prd/IL/ETL/scripts/AgencyReports/kettle_5.2/create_402_report/ILEB_402_Update_Header3_D.ktr]
2015/06/12 15:29:20 - ILEB_402_Update_Header3_D - Dispatching started for transformation [ILEB_402_Update_Header3_D]
2015/06/12 15:29:20 - Current Run Date.0 - Finished reading query, closing connection.
2015/06/12 15:29:20 - Current Run Date.0 - Finished processing (I=1, O=0, R=0, W=1, U=0, E=0)
2015/06/12 15:29:21 - Update Run Date.0 - Finished processing (I=0, O=1, R=1, W=1, U=0, E=0)
2015/06/12 15:29:21 - ILEB_402_Write_Output_Only - Starting entry [Write Report Data]
2015/06/12 15:29:21 - Write Report Data - Loading transformation from XML file [file:///u01/maximus/maxdat-prd/IL/ETL/scripts/AgencyReports/kettle_5.2/create_402_report/ILEB_402_Generate_Report_D.ktr]
2015/06/12 15:29:21 - ILEB_402_Generate_Report_D - Dispatching started for transformation [ILEB_402_Generate_Report_D]
2015/06/12 15:29:36 - Write Report Data .0 - linenr 50000
2015/06/12 15:29:36 - ILEB_402_Report.0 - Linenr 50000
2015/06/12 15:29:39 - Write Report Data .0 - Finished reading query, closing connection.
2015/06/12 15:29:39 - Write Report Data .0 - Finished processing (I=73327, O=0, R=0, W=73327, U=0, E=0)
2015/06/12 15:29:41 - ILEB_402_Report.0 - Finished processing (I=0, O=73327, R=73327, W=73327, U=0, E=0)
2015/06/12 15:29:41 - ILEB_402_Write_Output_Only - Starting entry [Success]
2015/06/12 15:29:41 - ILEB_402_Write_Output_Only - Finished job entry [Success] (result=[true])
2015/06/12 15:29:41 - ILEB_402_Write_Output_Only - Finished job entry [Write Report Data] (result=[true])
2015/06/12 15:29:41 - ILEB_402_Write_Output_Only - Finished job entry [Write Report Run Date to XLSX] (result=[true])
2015/06/12 15:29:41 - ILEB_402_Write_Output_Only - Finished job entry [Write Report Begin-End Dates to XLSX] (result=[true])
2015/06/12 15:29:41 - ILEB_402_Write_Output_Only - Finished job entry [Write Number of Transactions to XLSX] (result=[true])
2015/06/12 15:29:41 - ILEB_402_Write_Output_Only - Finished job entry [Create Output] (result=[true])
2015/06/12 15:29:41 - ILEB_402_Write_Output_Only - Finished job entry [Set Prev Month] (result=[true])
2015/06/12 15:29:41 - ILEB_402_Write_Output_Only - Job execution finished
2015/06/12 15:29:41 - Kitchen - Finished!
2015/06/12 15:29:41 - Kitchen - Start=2015/06/12 15:29:17.083, Stop=2015/06/12 15:29:41.697
2015/06/12 15:29:41 - Kitchen - Processing ended after 24 seconds.
.
Start of program:  Run_5_2_ILEB_402M_Build_Output.sh
/u01/maximus/maxdat-prd/IL/ETL/scripts/AgencyReports/kettle_5.2
2017/02/14 12:10:25 - Kitchen - Logging is at level : Detailed logging
2017/02/14 12:10:25 - Kitchen - Start of run.
2017/02/14 12:10:26 - ILEB_402M_Step_Build_Output - Start of job execution
2017/02/14 12:10:26 - ILEB_402M_Step_Build_Output - exec(0, 0, START.0)
2017/02/14 12:10:26 - START - Starting job entry
2017/02/14 12:10:26 - ILEB_402M_Step_Build_Output - Starting entry [Set Previous Month Var]
2017/02/14 12:10:26 - ILEB_402M_Step_Build_Output - exec(1, 0, Set Previous Month Var.0)
2017/02/14 12:10:26 - Set Previous Month Var - Starting job entry
2017/02/14 12:10:26 - Set Previous Month Var - Opening transformation: [file:///u01/maximus/maxdat-prd/IL/ETL/scripts/AgencyReports/kettle_5.2/insert_402M_tables/ILEB_402M_Set_Prev_Month.ktr]
2017/02/14 12:10:26 - Set Previous Month Var - Loading transformation from XML file [file:///u01/maximus/maxdat-prd/IL/ETL/scripts/AgencyReports/kettle_5.2/insert_402M_tables/ILEB_402M_Set_Prev_Month.ktr]
2017/02/14 12:10:26 - Set Previous Month Var - Starting transformation...(file=${Internal.Job.Filename.Directory}/ILEB_402M_Set_Prev_Month.ktr, name=Set Previous Month Var, repinfo=null)
2017/02/14 12:10:26 - ILEB_402M_Set_Prev_Month - Transformation is pre-loaded.
2017/02/14 12:10:26 - ILEB_402M_Set_Prev_Month - Dispatching started for transformation [ILEB_402M_Set_Prev_Month]
2017/02/14 12:10:26 - ILEB_402M_Set_Prev_Month - Nr of arguments detected:0 
2017/02/14 12:10:26 - ILEB_402M_Set_Prev_Month - This is not a replay transformation
2017/02/14 12:10:26 - ILEB_402M_Set_Prev_Month - I found 3 different steps to launch.
2017/02/14 12:10:26 - ILEB_402M_Set_Prev_Month - Allocating rowsets...
2017/02/14 12:10:26 - ILEB_402M_Set_Prev_Month -  Allocating rowsets for step 0 --> Set Last Month
2017/02/14 12:10:26 - ILEB_402M_Set_Prev_Month -   prevcopies = 1, nextcopies=1
2017/02/14 12:10:26 - ILEB_402M_Set_Prev_Month - Transformation allocated new rowset [Set Last Month.0 - Set Variables.0]
2017/02/14 12:10:26 - ILEB_402M_Set_Prev_Month -  Allocated 1 rowsets for step 0 --> Set Last Month  
2017/02/14 12:10:26 - ILEB_402M_Set_Prev_Month -  Allocating rowsets for step 1 --> Set Variables
2017/02/14 12:10:26 - ILEB_402M_Set_Prev_Month -  Allocated 1 rowsets for step 1 --> Set Variables  
2017/02/14 12:10:26 - ILEB_402M_Set_Prev_Month -  Allocating rowsets for step 2 --> Table input
2017/02/14 12:10:26 - ILEB_402M_Set_Prev_Month -   prevcopies = 1, nextcopies=1
2017/02/14 12:10:26 - ILEB_402M_Set_Prev_Month - Transformation allocated new rowset [Table input.0 - Set Last Month.0]
2017/02/14 12:10:26 - ILEB_402M_Set_Prev_Month -  Allocated 2 rowsets for step 2 --> Table input  
2017/02/14 12:10:26 - ILEB_402M_Set_Prev_Month - Allocating Steps & StepData...
2017/02/14 12:10:26 - ILEB_402M_Set_Prev_Month -  Transformation is about to allocate step [Set Last Month] of type [DBJoin]
2017/02/14 12:10:26 - Set Last Month.0 - distribution activated
2017/02/14 12:10:26 - Set Last Month.0 - Starting allocation of buffers & new threads...
2017/02/14 12:10:26 - Set Last Month.0 - Step info: nrinput=1 nroutput=1
2017/02/14 12:10:26 - Set Last Month.0 - Got previous step from [Set Last Month] #0 --> Table input
2017/02/14 12:10:26 - Set Last Month.0 - input rel is 1:1
2017/02/14 12:10:26 - Set Last Month.0 - Found input rowset [Table input.0 - Set Last Month.0]
2017/02/14 12:10:26 - Set Last Month.0 - output rel. is  1:1
2017/02/14 12:10:26 - Set Last Month.0 - Found output rowset [Set Last Month.0 - Set Variables.0]
2017/02/14 12:10:26 - Set Last Month.0 - Finished dispatching
2017/02/14 12:10:26 - ILEB_402M_Set_Prev_Month -  Transformation has allocated a new step: [Set Last Month].0
2017/02/14 12:10:26 - ILEB_402M_Set_Prev_Month -  Transformation is about to allocate step [Set Variables] of type [SetVariable]
2017/02/14 12:10:26 - Set Variables.0 - distribution activated
2017/02/14 12:10:26 - Set Variables.0 - Starting allocation of buffers & new threads...
2017/02/14 12:10:26 - Set Variables.0 - Step info: nrinput=1 nroutput=0
2017/02/14 12:10:26 - Set Variables.0 - Got previous step from [Set Variables] #0 --> Set Last Month
2017/02/14 12:10:26 - Set Variables.0 - input rel is 1:1
2017/02/14 12:10:26 - Set Variables.0 - Found input rowset [Set Last Month.0 - Set Variables.0]
2017/02/14 12:10:26 - Set Variables.0 - Finished dispatching
2017/02/14 12:10:26 - ILEB_402M_Set_Prev_Month -  Transformation has allocated a new step: [Set Variables].0
2017/02/14 12:10:26 - ILEB_402M_Set_Prev_Month -  Transformation is about to allocate step [Table input] of type [TableInput]
2017/02/14 12:10:26 - Table input.0 - distribution activated
2017/02/14 12:10:26 - Table input.0 - Starting allocation of buffers & new threads...
2017/02/14 12:10:26 - Table input.0 - Step info: nrinput=0 nroutput=1
2017/02/14 12:10:26 - Table input.0 - output rel. is  1:1
2017/02/14 12:10:26 - Table input.0 - Found output rowset [Table input.0 - Set Last Month.0]
2017/02/14 12:10:26 - Table input.0 - Finished dispatching
2017/02/14 12:10:26 - ILEB_402M_Set_Prev_Month -  Transformation has allocated a new step: [Table input].0
2017/02/14 12:10:26 - ILEB_402M_Set_Prev_Month - This transformation can be replayed with replay date: 2017/02/14 12:10:26
2017/02/14 12:10:26 - ILEB_402M_Set_Prev_Month - Initialising 3 steps...
2017/02/14 12:10:26 - Set Last Month.0 - Released server socket on port 0
2017/02/14 12:10:26 - Set Variables.0 - Released server socket on port 0
2017/02/14 12:10:26 - Table input.0 - Released server socket on port 0
2017/02/14 12:10:26 - MAXDAT - New database connection defined
2017/02/14 12:10:26 - MAXDAT - New database connection defined
2017/02/14 12:10:26 - MAXDAT - Creating database connection pool for 'MAXDAT'...
2017/02/14 12:10:26 - MAXDAT - Creating database connection pool for 'MAXDAT'...
2017/02/14 12:10:26 - MAXDAT - Successfully created database connection pool for 'MAXDAT'
2017/02/14 12:10:26 - MAXDAT - Successfully created database connection pool for 'MAXDAT'
2017/02/14 12:10:26 - MAXDAT - launch DDL statement: 
2017/02/14 12:10:26 - MAXDAT - ALTER SESSION SET CURRENT_SCHEMA = MAXDAT
2017/02/14 12:10:26 - MAXDAT - launch DDL statement: 
2017/02/14 12:10:26 - MAXDAT - ALTER SESSION SET CURRENT_SCHEMA = MAXDAT
2017/02/14 12:10:26 - MAXDAT - 1 statement executed
2017/02/14 12:10:26 - MAXDAT - 1 statement executed
2017/02/14 12:10:26 - MAXDAT - Executed connect time SQL statements:
2017/02/14 12:10:26 - MAXDAT - ALTER SESSION SET CURRENT_SCHEMA = MAXDAT;
2017/02/14 12:10:26 - MAXDAT - Executed connect time SQL statements:
2017/02/14 12:10:26 - MAXDAT - ALTER SESSION SET CURRENT_SCHEMA = MAXDAT;
2017/02/14 12:10:26 - MAXDAT - Auto commit off
2017/02/14 12:10:26 - Table input.0 - Connected to database...
2017/02/14 12:10:26 - Set Last Month.0 - Connected to database...
2017/02/14 12:10:26 - ILEB_402M_Set_Prev_Month - Step [Set Last Month.0] initialized flawlessly.
2017/02/14 12:10:26 - ILEB_402M_Set_Prev_Month - Step [Set Variables.0] initialized flawlessly.
2017/02/14 12:10:26 - ILEB_402M_Set_Prev_Month - Step [Table input.0] initialized flawlessly.
2017/02/14 12:10:26 - Set Last Month.0 - Starting to run...
2017/02/14 12:10:26 - Set Variables.0 - Starting to run...
2017/02/14 12:10:26 - ILEB_402M_Set_Prev_Month - Transformation has allocated 3 threads and 2 rowsets.
2017/02/14 12:10:26 - Table input.0 - Starting to run...
2017/02/14 12:10:26 - Table input.0 - SQL query : SELECT to_number(value) set_back FROM corp_etl_control WHERE name = 'AGENCY_REPORTS_LOOK_BACK'
2017/02/14 12:10:26 - Table input.0 - Finished reading query, closing connection.
2017/02/14 12:10:26 - MAXDAT - Connection to database closed!
2017/02/14 12:10:26 - Table input.0 - Finished processing (I=1, O=0, R=0, W=1, U=0, E=0)
2017/02/14 12:10:26 - Set Last Month.0 - Checking row: [-1]
2017/02/14 12:10:26 - Set Variables.0 - Setting environment variables...
2017/02/14 12:10:26 - Set Variables.0 - Set variable LAST_MONTH to value [January 2017]
2017/02/14 12:10:26 - Set Variables.0 - Set variable SET_BACK to value [-1]
2017/02/14 12:10:26 - MAXDAT - Connection to database closed!
2017/02/14 12:10:26 - Set Last Month.0 - Finished processing (I=2, O=0, R=1, W=1, U=0, E=0)
2017/02/14 12:10:26 - Set Variables.0 - Finished after 1 rows.
2017/02/14 12:10:26 - Set Variables.0 - Finished processing (I=0, O=0, R=1, W=1, U=0, E=0)
2017/02/14 12:10:26 - ILEB_402M_Step_Build_Output - Starting entry [Truncate Tables]
2017/02/14 12:10:26 - ILEB_402M_Step_Build_Output - exec(2, 0, Truncate Tables.0)
2017/02/14 12:10:26 - Truncate Tables - Starting job entry
2017/02/14 12:10:26 - Truncate Tables - Opening transformation: [file:///u01/maximus/maxdat-prd/IL/ETL/scripts/AgencyReports/kettle_5.2/insert_402M_tables/ILEB_402M_Truncate_Tables.ktr]
2017/02/14 12:10:26 - Truncate Tables - Loading transformation from XML file [file:///u01/maximus/maxdat-prd/IL/ETL/scripts/AgencyReports/kettle_5.2/insert_402M_tables/ILEB_402M_Truncate_Tables.ktr]
2017/02/14 12:10:26 - Truncate Tables - Starting transformation...(file=${Internal.Job.Filename.Directory}/ILEB_402M_Truncate_Tables.ktr, name=Truncate Tables, repinfo=null)
2017/02/14 12:10:26 - ILEB_402M_Truncate_Tables - Transformation is pre-loaded.
2017/02/14 12:10:26 - ILEB_402M_Truncate_Tables - Dispatching started for transformation [ILEB_402M_Truncate_Tables]
2017/02/14 12:10:26 - ILEB_402M_Truncate_Tables - Nr of arguments detected:0 
2017/02/14 12:10:26 - ILEB_402M_Truncate_Tables - This is not a replay transformation
2017/02/14 12:10:26 - ILEB_402M_Truncate_Tables - I found 1 different steps to launch.
2017/02/14 12:10:26 - ILEB_402M_Truncate_Tables - Allocating rowsets...
2017/02/14 12:10:26 - ILEB_402M_Truncate_Tables -  Allocating rowsets for step 0 --> Truncate Tables
2017/02/14 12:10:26 - ILEB_402M_Truncate_Tables -  Allocated 0 rowsets for step 0 --> Truncate Tables  
2017/02/14 12:10:26 - ILEB_402M_Truncate_Tables - Allocating Steps & StepData...
2017/02/14 12:10:26 - ILEB_402M_Truncate_Tables -  Transformation is about to allocate step [Truncate Tables] of type [ExecSQL]
2017/02/14 12:10:26 - Truncate Tables.0 - distribution activated
2017/02/14 12:10:26 - Truncate Tables.0 - Starting allocation of buffers & new threads...
2017/02/14 12:10:26 - Truncate Tables.0 - Step info: nrinput=0 nroutput=0
2017/02/14 12:10:26 - Truncate Tables.0 - Finished dispatching
2017/02/14 12:10:26 - ILEB_402M_Truncate_Tables -  Transformation has allocated a new step: [Truncate Tables].0
2017/02/14 12:10:26 - ILEB_402M_Truncate_Tables - This transformation can be replayed with replay date: 2017/02/14 12:10:26
2017/02/14 12:10:26 - ILEB_402M_Truncate_Tables - Initialising 1 steps...
2017/02/14 12:10:26 - Truncate Tables.0 - Released server socket on port 0
2017/02/14 12:10:26 - MAXDAT - New database connection defined
2017/02/14 12:10:26 - MAXDAT - launch DDL statement: 
2017/02/14 12:10:26 - MAXDAT - ALTER SESSION SET CURRENT_SCHEMA = MAXDAT
2017/02/14 12:10:26 - MAXDAT - 1 statement executed
2017/02/14 12:10:26 - MAXDAT - Executed connect time SQL statements:
2017/02/14 12:10:26 - MAXDAT - ALTER SESSION SET CURRENT_SCHEMA = MAXDAT;
2017/02/14 12:10:26 - Truncate Tables.0 - Connected to database...
2017/02/14 12:10:26 - MAXDAT - launch DDL statement: 
2017/02/14 12:10:26 - MAXDAT - delete from maxdat.EMRS_ILEB_402M_report where report_date = 'January 2017'
2017/02/14 12:10:26 - MAXDAT - launch DDL statement: 
2017/02/14 12:10:26 - MAXDAT - delete from maxdat.EMRS_ILEB_402M_curstatdate where report_date = 'January 2017'
2017/02/14 12:10:26 - MAXDAT - launch DDL statement: 
2017/02/14 12:10:26 - MAXDAT - delete from maxdat.EMRS_ILEB_402M_uploadeddate where report_date = 'January 2017'
2017/02/14 12:10:27 - MAXDAT - launch DDL statement: 
2017/02/14 12:10:27 - MAXDAT - delete from maxdat.EMRS_ILEB_402M_mi where report_date = 'January 2017'
2017/02/14 12:10:27 - MAXDAT - launch DDL statement: 
2017/02/14 12:10:27 - MAXDAT - delete from maxdat.EMRS_ILEB_402M_seltrans where report_date = 'January 2017'
2017/02/14 12:10:27 - MAXDAT - launch DDL statement: 
2017/02/14 12:10:27 - MAXDAT - commit
2017/02/14 12:10:27 - MAXDAT - 6 statements executed
2017/02/14 12:10:27 - ILEB_402M_Truncate_Tables - Step [Truncate Tables.0] initialized flawlessly.
2017/02/14 12:10:27 - ILEB_402M_Truncate_Tables - Transformation has allocated 1 threads and 0 rowsets.
2017/02/14 12:10:27 - Truncate Tables.0 - Starting to run...
2017/02/14 12:10:27 - Truncate Tables.0 - Finished reading query, closing connection.
2017/02/14 12:10:27 - MAXDAT - Connection to database closed!
2017/02/14 12:10:27 - Truncate Tables.0 - Finished processing (I=0, O=0, R=0, W=1, U=0, E=0)
2017/02/14 12:10:27 - ILEB_402M_Step_Build_Output - Starting entry [Insert ILEB_SELTRANS]
2017/02/14 12:10:27 - ILEB_402M_Step_Build_Output - exec(3, 0, Insert ILEB_SELTRANS.0)
2017/02/14 12:10:27 - Insert ILEB_SELTRANS - Starting job entry
2017/02/14 12:10:27 - Insert ILEB_SELTRANS - Opening transformation: [file:///u01/maximus/maxdat-prd/IL/ETL/scripts/AgencyReports/kettle_5.2/insert_402M_tables/ILEB_402M_Insert_ILEB_SELTRANS.ktr]
2017/02/14 12:10:27 - Insert ILEB_SELTRANS - Loading transformation from XML file [file:///u01/maximus/maxdat-prd/IL/ETL/scripts/AgencyReports/kettle_5.2/insert_402M_tables/ILEB_402M_Insert_ILEB_SELTRANS.ktr]
2017/02/14 12:10:27 - Insert ILEB_SELTRANS - Starting transformation...(file=${Internal.Job.Filename.Directory}/ILEB_402M_Insert_ILEB_SELTRANS.ktr, name=Insert ILEB_SELTRANS, repinfo=null)
2017/02/14 12:10:27 - ILEB_402M_Insert_ILEB_SELTRANS - Transformation is pre-loaded.
2017/02/14 12:10:27 - ILEB_402M_Insert_ILEB_SELTRANS - Dispatching started for transformation [ILEB_402M_Insert_ILEB_SELTRANS]
2017/02/14 12:10:27 - ILEB_402M_Insert_ILEB_SELTRANS - Nr of arguments detected:0 
2017/02/14 12:10:27 - ILEB_402M_Insert_ILEB_SELTRANS - This is not a replay transformation
2017/02/14 12:10:27 - ILEB_402M_Insert_ILEB_SELTRANS - I found 1 different steps to launch.
2017/02/14 12:10:27 - ILEB_402M_Insert_ILEB_SELTRANS - Allocating rowsets...
2017/02/14 12:10:27 - ILEB_402M_Insert_ILEB_SELTRANS -  Allocating rowsets for step 0 --> Insert ILEB_SELTRANS
2017/02/14 12:10:27 - ILEB_402M_Insert_ILEB_SELTRANS -  Allocated 0 rowsets for step 0 --> Insert ILEB_SELTRANS  
2017/02/14 12:10:27 - ILEB_402M_Insert_ILEB_SELTRANS - Allocating Steps & StepData...
2017/02/14 12:10:27 - ILEB_402M_Insert_ILEB_SELTRANS -  Transformation is about to allocate step [Insert ILEB_SELTRANS] of type [ExecSQL]
2017/02/14 12:10:27 - Insert ILEB_SELTRANS.0 - distribution activated
2017/02/14 12:10:27 - Insert ILEB_SELTRANS.0 - Starting allocation of buffers & new threads...
2017/02/14 12:10:27 - Insert ILEB_SELTRANS.0 - Step info: nrinput=0 nroutput=0
2017/02/14 12:10:27 - Insert ILEB_SELTRANS.0 - Finished dispatching
2017/02/14 12:10:27 - ILEB_402M_Insert_ILEB_SELTRANS -  Transformation has allocated a new step: [Insert ILEB_SELTRANS].0
2017/02/14 12:10:27 - ILEB_402M_Insert_ILEB_SELTRANS - This transformation can be replayed with replay date: 2017/02/14 12:10:27
2017/02/14 12:10:27 - ILEB_402M_Insert_ILEB_SELTRANS - Initialising 1 steps...
2017/02/14 12:10:27 - Insert ILEB_SELTRANS.0 - Released server socket on port 0
2017/02/14 12:10:27 - MAXDAT - New database connection defined
2017/02/14 12:10:27 - MAXDAT - launch DDL statement: 
2017/02/14 12:10:27 - MAXDAT - ALTER SESSION SET CURRENT_SCHEMA = MAXDAT
2017/02/14 12:10:27 - MAXDAT - 1 statement executed
2017/02/14 12:10:27 - MAXDAT - Executed connect time SQL statements:
2017/02/14 12:10:27 - MAXDAT - ALTER SESSION SET CURRENT_SCHEMA = MAXDAT;
2017/02/14 12:10:27 - Insert ILEB_SELTRANS.0 - Connected to database...
2017/02/14 12:10:27 - MAXDAT - launch DDL statement: 
2017/02/14 12:10:27 - MAXDAT - insert into maxdat.EMRS_ILEB_402M_seltrans  
2017/02/14 12:10:27 - MAXDAT - (select distinct s.selection_transaction_id,
2017/02/14 12:10:27 - MAXDAT -   s.client_number,
2017/02/14 12:10:27 - MAXDAT -   'January 2017'
2017/02/14 12:10:27 - MAXDAT - from emrs_d_selection_transaction s,
2017/02/14 12:10:27 - MAXDAT -  emrs_d_selection_status ss,
2017/02/14 12:10:27 - MAXDAT -  emrs_d_selection_trans_history h,
2017/02/14 12:10:27 - MAXDAT -  emrs_d_plan p
2017/02/14 12:10:27 - MAXDAT - where h.selection_status_id=ss.selection_status_id
2017/02/14 12:10:27 - MAXDAT -   and h.selection_transaction_id=s.selection_transaction_id
2017/02/14 12:10:27 - MAXDAT -   and ss.selection_status_code in('uploadedToState','preEditUploadedToState')
2017/02/14 12:10:27 - MAXDAT -   and s.source_plan_id=p.source_record_id
2017/02/14 12:10:27 - MAXDAT -   and (p.plan_service_type in('MMAI','LTSS') or p.plan_code='OODP')
2017/02/14 12:10:27 - MAXDAT -   and TRUNC(TO_DATE(h."RECORD_DATE",'DD-MON-YYYY HH:MI:SS AM'), 'MONTH')=TRUNC(TO_DATE(ADD_MONTHS(SYSDATE, -1),'DD-MON-YYYY HH:MI:SS AM'), 'MONTH')
2017/02/14 12:10:27 - MAXDAT - )
2017/02/14 12:14:11 - MAXDAT - launch DDL statement: 
2017/02/14 12:14:11 - MAXDAT - commit
2017/02/14 12:14:11 - MAXDAT - 2 statements executed
2017/02/14 12:14:11 - ILEB_402M_Insert_ILEB_SELTRANS - Step [Insert ILEB_SELTRANS.0] initialized flawlessly.
2017/02/14 12:14:11 - ILEB_402M_Insert_ILEB_SELTRANS - Transformation has allocated 1 threads and 0 rowsets.
2017/02/14 12:14:11 - Insert ILEB_SELTRANS.0 - Starting to run...
2017/02/14 12:14:11 - Insert ILEB_SELTRANS.0 - Finished reading query, closing connection.
2017/02/14 12:14:11 - MAXDAT - Connection to database closed!
2017/02/14 12:14:11 - Insert ILEB_SELTRANS.0 - Finished processing (I=0, O=0, R=0, W=1, U=0, E=0)
2017/02/14 12:14:11 - ILEB_402M_Step_Build_Output - Starting entry [Insert Other Tables]
2017/02/14 12:14:11 - ILEB_402M_Step_Build_Output - exec(4, 0, Insert Other Tables.0)
2017/02/14 12:14:11 - Insert Other Tables - Starting job entry
2017/02/14 12:14:11 - Insert Other Tables - Opening transformation: [file:///u01/maximus/maxdat-prd/IL/ETL/scripts/AgencyReports/kettle_5.2/insert_402M_tables/ILEB_402M_Insert_Other_Tables.ktr]
2017/02/14 12:14:11 - Insert Other Tables - Loading transformation from XML file [file:///u01/maximus/maxdat-prd/IL/ETL/scripts/AgencyReports/kettle_5.2/insert_402M_tables/ILEB_402M_Insert_Other_Tables.ktr]
2017/02/14 12:14:11 - Insert Other Tables - Starting transformation...(file=${Internal.Job.Filename.Directory}/ILEB_402M_Insert_Other_Tables.ktr, name=Insert Other Tables, repinfo=null)
2017/02/14 12:14:11 - ILEB_402M_Insert_Other_Tables - Transformation is pre-loaded.
2017/02/14 12:14:11 - ILEB_402M_Insert_Other_Tables - Dispatching started for transformation [ILEB_402M_Insert_Other_Tables]
2017/02/14 12:14:11 - ILEB_402M_Insert_Other_Tables - Nr of arguments detected:0 
2017/02/14 12:14:11 - ILEB_402M_Insert_Other_Tables - This is not a replay transformation
2017/02/14 12:14:11 - ILEB_402M_Insert_Other_Tables - I found 3 different steps to launch.
2017/02/14 12:14:11 - ILEB_402M_Insert_Other_Tables - Allocating rowsets...
2017/02/14 12:14:11 - ILEB_402M_Insert_Other_Tables -  Allocating rowsets for step 0 --> Insert ILEB_CURSTATDATE
2017/02/14 12:14:11 - ILEB_402M_Insert_Other_Tables -  Allocated 0 rowsets for step 0 --> Insert ILEB_CURSTATDATE  
2017/02/14 12:14:11 - ILEB_402M_Insert_Other_Tables -  Allocating rowsets for step 1 --> Insert ILEB_MI
2017/02/14 12:14:11 - ILEB_402M_Insert_Other_Tables -  Allocated 0 rowsets for step 1 --> Insert ILEB_MI  
2017/02/14 12:14:11 - ILEB_402M_Insert_Other_Tables -  Allocating rowsets for step 2 --> Insert ILEB_UPLOADDATE
2017/02/14 12:14:11 - ILEB_402M_Insert_Other_Tables -  Allocated 0 rowsets for step 2 --> Insert ILEB_UPLOADDATE  
2017/02/14 12:14:11 - ILEB_402M_Insert_Other_Tables - Allocating Steps & StepData...
2017/02/14 12:14:11 - ILEB_402M_Insert_Other_Tables -  Transformation is about to allocate step [Insert ILEB_CURSTATDATE] of type [ExecSQL]
2017/02/14 12:14:11 - Insert ILEB_CURSTATDATE.0 - distribution activated
2017/02/14 12:14:11 - Insert ILEB_CURSTATDATE.0 - Starting allocation of buffers & new threads...
2017/02/14 12:14:11 - Insert ILEB_CURSTATDATE.0 - Step info: nrinput=0 nroutput=0
2017/02/14 12:14:11 - Insert ILEB_CURSTATDATE.0 - Finished dispatching
2017/02/14 12:14:11 - ILEB_402M_Insert_Other_Tables -  Transformation has allocated a new step: [Insert ILEB_CURSTATDATE].0
2017/02/14 12:14:11 - ILEB_402M_Insert_Other_Tables -  Transformation is about to allocate step [Insert ILEB_MI] of type [ExecSQL]
2017/02/14 12:14:11 - Insert ILEB_MI.0 - distribution activated
2017/02/14 12:14:11 - Insert ILEB_MI.0 - Starting allocation of buffers & new threads...
2017/02/14 12:14:11 - Insert ILEB_MI.0 - Step info: nrinput=0 nroutput=0
2017/02/14 12:14:11 - Insert ILEB_MI.0 - Finished dispatching
2017/02/14 12:14:11 - ILEB_402M_Insert_Other_Tables -  Transformation has allocated a new step: [Insert ILEB_MI].0
2017/02/14 12:14:11 - ILEB_402M_Insert_Other_Tables -  Transformation is about to allocate step [Insert ILEB_UPLOADDATE] of type [ExecSQL]
2017/02/14 12:14:11 - Insert ILEB_UPLOADDATE.0 - distribution activated
2017/02/14 12:14:11 - Insert ILEB_UPLOADDATE.0 - Starting allocation of buffers & new threads...
2017/02/14 12:14:11 - Insert ILEB_UPLOADDATE.0 - Step info: nrinput=0 nroutput=0
2017/02/14 12:14:11 - Insert ILEB_UPLOADDATE.0 - Finished dispatching
2017/02/14 12:14:11 - ILEB_402M_Insert_Other_Tables -  Transformation has allocated a new step: [Insert ILEB_UPLOADDATE].0
2017/02/14 12:14:11 - ILEB_402M_Insert_Other_Tables - This transformation can be replayed with replay date: 2017/02/14 12:14:11
2017/02/14 12:14:11 - ILEB_402M_Insert_Other_Tables - Initialising 3 steps...
2017/02/14 12:14:11 - Insert ILEB_CURSTATDATE.0 - Released server socket on port 0
2017/02/14 12:14:11 - Insert ILEB_MI.0 - Released server socket on port 0
2017/02/14 12:14:11 - MAXDAT - New database connection defined
2017/02/14 12:14:11 - Insert ILEB_UPLOADDATE.0 - Released server socket on port 0
2017/02/14 12:14:11 - MAXDAT - launch DDL statement: 
2017/02/14 12:14:11 - MAXDAT - ALTER SESSION SET CURRENT_SCHEMA = MAXDAT
2017/02/14 12:14:11 - MAXDAT - New database connection defined
2017/02/14 12:14:11 - MAXDAT - launch DDL statement: 
2017/02/14 12:14:11 - MAXDAT - ALTER SESSION SET CURRENT_SCHEMA = MAXDAT
2017/02/14 12:14:11 - MAXDAT - New database connection defined
2017/02/14 12:14:11 - MAXDAT - 1 statement executed
2017/02/14 12:14:11 - MAXDAT - Executed connect time SQL statements:
2017/02/14 12:14:11 - MAXDAT - ALTER SESSION SET CURRENT_SCHEMA = MAXDAT;
2017/02/14 12:14:11 - MAXDAT - launch DDL statement: 
2017/02/14 12:14:11 - MAXDAT - ALTER SESSION SET CURRENT_SCHEMA = MAXDAT
2017/02/14 12:14:11 - Insert ILEB_CURSTATDATE.0 - Connected to database...
2017/02/14 12:14:11 - MAXDAT - 1 statement executed
2017/02/14 12:14:11 - MAXDAT - launch DDL statement: 
2017/02/14 12:14:11 - MAXDAT - insert into EMRS_ILEB_402M_curstatdate 
2017/02/14 12:14:11 - MAXDAT - (selection_transaction_id, most_current_status_date, report_date)
2017/02/14 12:14:11 - MAXDAT -   select s.selection_transaction_id,
2017/02/14 12:14:11 - MAXDAT -   max(h.record_date) most_current_status_date,
2017/02/14 12:14:11 - MAXDAT -   s.report_date
2017/02/14 12:14:11 - MAXDAT -   from EMRS_ILEB_402M_seltrans s,emrs_d_selection_trans_history h,emrs_d_selection_status ss
2017/02/14 12:14:11 - MAXDAT -   where s.selection_transaction_id=h.selection_transaction_id
2017/02/14 12:14:11 - MAXDAT -   and ss.selection_status_id=h.selection_status_id
2017/02/14 12:14:11 - MAXDAT -   and s.report_date = 'January 2017'
2017/02/14 12:14:11 - MAXDAT -   group by s.selection_transaction_id,s.report_date
2017/02/14 12:14:11 - MAXDAT - 1 statement executed
2017/02/14 12:14:11 - MAXDAT - Executed connect time SQL statements:
2017/02/14 12:14:11 - MAXDAT - ALTER SESSION SET CURRENT_SCHEMA = MAXDAT;
2017/02/14 12:14:11 - Insert ILEB_MI.0 - Connected to database...
2017/02/14 12:14:11 - MAXDAT - launch DDL statement: 
2017/02/14 12:14:11 - MAXDAT - insert into maxdat.EMRS_ILEB_402M_mi 
2017/02/14 12:14:11 - MAXDAT - (selection_transaction_id, rejection_code, rejection_error_description, report_date)
2017/02/14 12:14:11 - MAXDAT - select selection_transaction_id,
2017/02/14 12:14:11 - MAXDAT -       listagg(rejection_code,',') within group (order by selection_transaction_id) as rejection_code,
2017/02/14 12:14:11 - MAXDAT -       listagg(rejection_error_description,',') within group (order by selection_transaction_id) as rejection_error_description,
2017/02/14 12:14:11 - MAXDAT -       report_date
2017/02/14 12:14:11 - MAXDAT -   FROM (
2017/02/14 12:14:11 - MAXDAT -     select distinct mi.selection_transaction_id,
2017/02/14 12:14:11 - MAXDAT -       rejection_code,
2017/02/14 12:14:11 - MAXDAT -       rejection_error_description,
2017/02/14 12:14:11 - MAXDAT -       s.report_date
2017/02/14 12:14:11 - MAXDAT -      from EMRS_D_SELECTION_MISSING_INFO mi,
2017/02/14 12:14:11 - MAXDAT -       EMRS_D_REJECTION_ERROR_REASON rr,
2017/02/14 12:14:11 - MAXDAT -       EMRS_ILEB_402M_seltrans s
2017/02/14 12:14:11 - MAXDAT -      where mi.rejection_error_reason_id = rr.rejection_error_Reason_id and rr.managed_care_program = 'MEDICAID' and rr.rejection_code is not null
2017/02/14 12:14:11 - MAXDAT -       and s.selection_transaction_id=mi.selection_transaction_id
2017/02/14 12:14:11 - MAXDAT -       and s.report_date = 'January 2017'
2017/02/14 12:14:11 - MAXDAT -      ) s 
2017/02/14 12:14:11 - MAXDAT -     group by selection_transaction_id, report_date
2017/02/14 12:14:11 - MAXDAT - Executed connect time SQL statements:
2017/02/14 12:14:11 - MAXDAT - ALTER SESSION SET CURRENT_SCHEMA = MAXDAT;
2017/02/14 12:14:11 - Insert ILEB_UPLOADDATE.0 - Connected to database...
2017/02/14 12:14:11 - MAXDAT - launch DDL statement: 
2017/02/14 12:14:11 - MAXDAT - insert into EMRS_ILEB_402M_uploadeddate 
2017/02/14 12:14:11 - MAXDAT - (selection_transaction_id, sent_to_plan_date, report_date)
2017/02/14 12:14:11 - MAXDAT -   select s.selection_transaction_id,
2017/02/14 12:14:11 - MAXDAT -   max(h.record_date) sent_to_plan_date,
2017/02/14 12:14:11 - MAXDAT -   s.report_date
2017/02/14 12:14:11 - MAXDAT -   from EMRS_ILEB_402M_seltrans s,emrs_d_selection_trans_history h,emrs_d_selection_status ss
2017/02/14 12:14:11 - MAXDAT -   where s.selection_transaction_id=h.selection_transaction_id
2017/02/14 12:14:11 - MAXDAT -   and ss.selection_status_id=h.selection_status_id
2017/02/14 12:14:11 - MAXDAT -    and ss.selection_status_code='uploadedToState'
2017/02/14 12:14:11 - MAXDAT -    and s.report_date = 'January 2017'
2017/02/14 12:14:11 - MAXDAT -    group by s.selection_transaction_id,report_date
2017/02/14 12:14:14 - MAXDAT - launch DDL statement: 
2017/02/14 12:14:14 - MAXDAT - commit
2017/02/14 12:14:14 - MAXDAT - 2 statements executed
2017/02/14 12:14:18 - MAXDAT - launch DDL statement: 
2017/02/14 12:14:18 - MAXDAT - commit
2017/02/14 12:14:18 - MAXDAT - 2 statements executed
2017/02/14 12:15:56 - MAXDAT - launch DDL statement: 
2017/02/14 12:15:56 - MAXDAT - commit
2017/02/14 12:15:56 - MAXDAT - 2 statements executed
2017/02/14 12:15:56 - ILEB_402M_Insert_Other_Tables - Step [Insert ILEB_CURSTATDATE.0] initialized flawlessly.
2017/02/14 12:15:56 - ILEB_402M_Insert_Other_Tables - Step [Insert ILEB_MI.0] initialized flawlessly.
2017/02/14 12:15:56 - ILEB_402M_Insert_Other_Tables - Step [Insert ILEB_UPLOADDATE.0] initialized flawlessly.
2017/02/14 12:15:56 - Insert ILEB_CURSTATDATE.0 - Starting to run...
2017/02/14 12:15:56 - ILEB_402M_Insert_Other_Tables - Transformation has allocated 3 threads and 0 rowsets.
2017/02/14 12:15:56 - Insert ILEB_UPLOADDATE.0 - Starting to run...
2017/02/14 12:15:56 - Insert ILEB_CURSTATDATE.0 - Finished reading query, closing connection.
2017/02/14 12:15:56 - Insert ILEB_MI.0 - Starting to run...
2017/02/14 12:15:56 - Insert ILEB_UPLOADDATE.0 - Finished reading query, closing connection.
2017/02/14 12:15:56 - Insert ILEB_MI.0 - Finished reading query, closing connection.
2017/02/14 12:15:56 - MAXDAT - Connection to database closed!
2017/02/14 12:15:56 - Insert ILEB_CURSTATDATE.0 - Finished processing (I=0, O=0, R=0, W=1, U=0, E=0)
2017/02/14 12:15:56 - MAXDAT - Connection to database closed!
2017/02/14 12:15:56 - MAXDAT - Connection to database closed!
2017/02/14 12:15:56 - Insert ILEB_MI.0 - Finished processing (I=0, O=0, R=0, W=1, U=0, E=0)
2017/02/14 12:15:56 - Insert ILEB_UPLOADDATE.0 - Finished processing (I=0, O=0, R=0, W=1, U=0, E=0)
2017/02/14 12:15:56 - ILEB_402M_Step_Build_Output - Starting entry [Insert ILEB_402M_REPORT]
2017/02/14 12:15:56 - ILEB_402M_Step_Build_Output - exec(5, 0, Insert ILEB_402M_REPORT.0)
2017/02/14 12:15:56 - Insert ILEB_402M_REPORT - Starting job entry
2017/02/14 12:15:56 - Insert ILEB_402M_REPORT - Opening transformation: [file:///u01/maximus/maxdat-prd/IL/ETL/scripts/AgencyReports/kettle_5.2/insert_402M_tables/ILEB_402M_Insert_ILEB_402M_REPORT.ktr]
2017/02/14 12:15:56 - Insert ILEB_402M_REPORT - Loading transformation from XML file [file:///u01/maximus/maxdat-prd/IL/ETL/scripts/AgencyReports/kettle_5.2/insert_402M_tables/ILEB_402M_Insert_ILEB_402M_REPORT.ktr]
2017/02/14 12:15:56 - Insert ILEB_402M_REPORT - Starting transformation...(file=${Internal.Job.Filename.Directory}/ILEB_402M_Insert_ILEB_402M_REPORT.ktr, name=Insert ILEB_402M_REPORT, repinfo=null)
2017/02/14 12:15:56 - ILEB_402M_Insert_ILEB_402M_REPORT - Transformation is pre-loaded.
2017/02/14 12:15:56 - ILEB_402M_Insert_ILEB_402M_REPORT - Dispatching started for transformation [ILEB_402M_Insert_ILEB_402M_REPORT]
2017/02/14 12:15:56 - ILEB_402M_Insert_ILEB_402M_REPORT - Nr of arguments detected:0 
2017/02/14 12:15:56 - ILEB_402M_Insert_ILEB_402M_REPORT - This is not a replay transformation
2017/02/14 12:15:56 - ILEB_402M_Insert_ILEB_402M_REPORT - I found 1 different steps to launch.
2017/02/14 12:15:56 - ILEB_402M_Insert_ILEB_402M_REPORT - Allocating rowsets...
2017/02/14 12:15:56 - ILEB_402M_Insert_ILEB_402M_REPORT -  Allocating rowsets for step 0 --> Insert ILEB_402_REPORT
2017/02/14 12:15:56 - ILEB_402M_Insert_ILEB_402M_REPORT -  Allocated 0 rowsets for step 0 --> Insert ILEB_402_REPORT  
2017/02/14 12:15:56 - ILEB_402M_Insert_ILEB_402M_REPORT - Allocating Steps & StepData...
2017/02/14 12:15:56 - ILEB_402M_Insert_ILEB_402M_REPORT -  Transformation is about to allocate step [Insert ILEB_402_REPORT] of type [ExecSQL]
2017/02/14 12:15:56 - Insert ILEB_402_REPORT.0 - distribution activated
2017/02/14 12:15:56 - Insert ILEB_402_REPORT.0 - Starting allocation of buffers & new threads...
2017/02/14 12:15:56 - Insert ILEB_402_REPORT.0 - Step info: nrinput=0 nroutput=0
2017/02/14 12:15:56 - Insert ILEB_402_REPORT.0 - Finished dispatching
2017/02/14 12:15:56 - ILEB_402M_Insert_ILEB_402M_REPORT -  Transformation has allocated a new step: [Insert ILEB_402_REPORT].0
2017/02/14 12:15:56 - ILEB_402M_Insert_ILEB_402M_REPORT - This transformation can be replayed with replay date: 2017/02/14 12:15:56
2017/02/14 12:15:56 - ILEB_402M_Insert_ILEB_402M_REPORT - Initialising 1 steps...
2017/02/14 12:15:56 - Insert ILEB_402_REPORT.0 - Released server socket on port 0
2017/02/14 12:15:56 - MAXDAT - New database connection defined
2017/02/14 12:15:56 - MAXDAT - launch DDL statement: 
2017/02/14 12:15:56 - MAXDAT - ALTER SESSION SET CURRENT_SCHEMA = MAXDAT
2017/02/14 12:15:56 - MAXDAT - 1 statement executed
2017/02/14 12:15:56 - MAXDAT - Executed connect time SQL statements:
2017/02/14 12:15:56 - MAXDAT - ALTER SESSION SET CURRENT_SCHEMA = MAXDAT;
2017/02/14 12:15:56 - Insert ILEB_402_REPORT.0 - Connected to database...
2017/02/14 12:15:56 - MAXDAT - launch DDL statement: 
2017/02/14 12:15:56 - MAXDAT - insert into "MAXDAT"."EMRS_ILEB_402M_REPORT" 
2017/02/14 12:15:56 - MAXDAT - (select distinct p."PLAN_SERVICE_TYPE" as "Program",
2017/02/14 12:15:56 - MAXDAT -   p."PLAN_ABBREVIATION" as "Plan Name",
2017/02/14 12:15:56 - MAXDAT -   (case st."SELECTION_SOURCE_CD"
2017/02/14 12:15:56 - MAXDAT -     when 'W' then 'Website'
2017/02/14 12:15:56 - MAXDAT -     when 'P' then  'Phone'
2017/02/14 12:15:56 - MAXDAT -     when 'C' then 'Mail'
2017/02/14 12:15:56 - MAXDAT -     when 'A' then 'AutoAssign'
2017/02/14 12:15:56 - MAXDAT -     when 'NE' then 'AutoAssign'
2017/02/14 12:15:56 - MAXDAT -     when 'SODC' then 'AutoAssign'
2017/02/14 12:15:56 - MAXDAT -     when 'JC' then 'AutoAssign'
2017/02/14 12:15:56 - MAXDAT -     when 'PC' then 'AutoAssign'
2017/02/14 12:15:56 - MAXDAT -     when 'PP' then 'AutoAssign'
2017/02/14 12:15:56 - MAXDAT -   else 'Resubmitted By Ops' end) as "Enrollment Source",
2017/02/14 12:15:56 - MAXDAT -   st.SELECTION_SOURCE_CD "Enrollment Source Code",
2017/02/14 12:15:56 - MAXDAT -   st.transaction_type_cd as "Enrollment Transaction Type",
2017/02/14 12:15:56 - MAXDAT -   'Case CIN',
2017/02/14 12:15:56 - MAXDAT -   'Member First Name',
2017/02/14 12:15:56 - MAXDAT -   'Member Last Name',
2017/02/14 12:15:56 - MAXDAT -   'Member RIN',
2017/02/14 12:15:56 - MAXDAT -   st."START_DATE" as "Term Date",
2017/02/14 12:15:56 - MAXDAT -   st."RECORD_DATE" as "Date Received",
2017/02/14 12:15:56 - MAXDAT -   ss.selection_status_code as "Status",
2017/02/14 12:15:56 - MAXDAT -   c.most_current_status_date,
2017/02/14 12:15:56 - MAXDAT -   mi.rejection_error_description,
2017/02/14 12:15:56 - MAXDAT -   mi.rejection_code,
2017/02/14 12:15:56 - MAXDAT -   u.sent_to_plan_date,
2017/02/14 12:15:56 - MAXDAT -   st.selection_transaction_id,
2017/02/14 12:15:56 - MAXDAT -   s.report_date
2017/02/14 12:15:56 - MAXDAT -  from EMRS_ILEB_402M_curstatdate c
2017/02/14 12:15:56 - MAXDAT -    join EMRS_ILEB_402M_seltrans s on c.selection_transaction_id=s.selection_transaction_id and c.report_date = s.report_date 
2017/02/14 12:15:56 - MAXDAT -    join emrs_d_selection_transaction st on st.selection_transaction_id=s.selection_transaction_id
2017/02/14 12:15:56 - MAXDAT -    join emrs_d_plan p on st.source_plan_id=p.source_record_id   
2017/02/14 12:15:56 - MAXDAT -    join emrs_d_selection_status ss on st.current_selection_status_id=ss.selection_status_id
2017/02/14 12:15:56 - MAXDAT -    left outer join EMRS_ILEB_402M_mi mi on s.selection_transaction_id=mi.selection_transaction_id and s.report_date = mi.report_date
2017/02/14 12:15:56 - MAXDAT -    left outer join EMRS_ILEB_402M_uploadeddate u on s.selection_transaction_id=u.selection_transaction_id and s.report_date = u.report_date
2017/02/14 12:15:56 - MAXDAT -    where s.report_date = 'January 2017'
2017/02/14 12:15:56 - MAXDAT -     and (p.plan_service_type in('MMAI','LTSS') or p.plan_code='OODP'))
2017/02/14 12:15:57 - MAXDAT - launch DDL statement: 
2017/02/14 12:15:57 - MAXDAT - commit
2017/02/14 12:15:57 - MAXDAT - 2 statements executed
2017/02/14 12:15:57 - ILEB_402M_Insert_ILEB_402M_REPORT - Step [Insert ILEB_402_REPORT.0] initialized flawlessly.
2017/02/14 12:15:57 - ILEB_402M_Insert_ILEB_402M_REPORT - Transformation has allocated 1 threads and 0 rowsets.
2017/02/14 12:15:57 - Insert ILEB_402_REPORT.0 - Starting to run...
2017/02/14 12:15:57 - Insert ILEB_402_REPORT.0 - Finished reading query, closing connection.
2017/02/14 12:15:57 - MAXDAT - Connection to database closed!
2017/02/14 12:15:57 - Insert ILEB_402_REPORT.0 - Finished processing (I=0, O=0, R=0, W=1, U=0, E=0)
2017/02/14 12:15:57 - ILEB_402M_Step_Build_Output - Starting entry [ILEB_402M_Merge_CASE_CIN]
2017/02/14 12:15:57 - ILEB_402M_Step_Build_Output - exec(6, 0, ILEB_402M_Merge_CASE_CIN.0)
2017/02/14 12:15:57 - ILEB_402M_Merge_CASE_CIN - Starting job entry
2017/02/14 12:15:57 - ILEB_402M_Merge_CASE_CIN - Opening transformation: [file:///u01/maximus/maxdat-prd/IL/ETL/scripts/AgencyReports/kettle_5.2/insert_402M_tables/ILEB_402M_Merge_CASE_CIN.ktr]
2017/02/14 12:15:57 - ILEB_402M_Merge_CASE_CIN - Loading transformation from XML file [file:///u01/maximus/maxdat-prd/IL/ETL/scripts/AgencyReports/kettle_5.2/insert_402M_tables/ILEB_402M_Merge_CASE_CIN.ktr]
2017/02/14 12:15:57 - ILEB_402M_Merge_CASE_CIN - Starting transformation...(file=${Internal.Job.Filename.Directory}/ILEB_402M_Merge_CASE_CIN.ktr, name=ILEB_402M_Merge_CASE_CIN, repinfo=null)
2017/02/14 12:15:57 - ILEB_402M_Merge_CASE_CIN - Transformation is pre-loaded.
2017/02/14 12:15:57 - ILEB_402M_Merge_CASE_CIN - Dispatching started for transformation [ILEB_402M_Merge_CASE_CIN]
2017/02/14 12:15:57 - ILEB_402M_Merge_CASE_CIN - Nr of arguments detected:0 
2017/02/14 12:15:57 - ILEB_402M_Merge_CASE_CIN - This is not a replay transformation
2017/02/14 12:15:57 - ILEB_402M_Merge_CASE_CIN - I found 1 different steps to launch.
2017/02/14 12:15:57 - ILEB_402M_Merge_CASE_CIN - Allocating rowsets...
2017/02/14 12:15:57 - ILEB_402M_Merge_CASE_CIN -  Allocating rowsets for step 0 --> Merge_CASE_CIN
2017/02/14 12:15:57 - ILEB_402M_Merge_CASE_CIN -  Allocated 0 rowsets for step 0 --> Merge_CASE_CIN  
2017/02/14 12:15:57 - ILEB_402M_Merge_CASE_CIN - Allocating Steps & StepData...
2017/02/14 12:15:57 - ILEB_402M_Merge_CASE_CIN -  Transformation is about to allocate step [Merge_CASE_CIN] of type [ExecSQL]
2017/02/14 12:15:57 - Merge_CASE_CIN.0 - distribution activated
2017/02/14 12:15:57 - Merge_CASE_CIN.0 - Starting allocation of buffers & new threads...
2017/02/14 12:15:57 - Merge_CASE_CIN.0 - Step info: nrinput=0 nroutput=0
2017/02/14 12:15:57 - Merge_CASE_CIN.0 - Finished dispatching
2017/02/14 12:15:57 - ILEB_402M_Merge_CASE_CIN -  Transformation has allocated a new step: [Merge_CASE_CIN].0
2017/02/14 12:15:57 - ILEB_402M_Merge_CASE_CIN - This transformation can be replayed with replay date: 2017/02/14 12:15:57
2017/02/14 12:15:57 - ILEB_402M_Merge_CASE_CIN - Initialising 1 steps...
2017/02/14 12:15:57 - Merge_CASE_CIN.0 - Released server socket on port 0
2017/02/14 12:15:57 - MAXDAT - New database connection defined
2017/02/14 12:15:57 - MAXDAT - launch DDL statement: 
2017/02/14 12:15:57 - MAXDAT - ALTER SESSION SET CURRENT_SCHEMA = MAXDAT
2017/02/14 12:15:57 - MAXDAT - 1 statement executed
2017/02/14 12:15:57 - MAXDAT - Executed connect time SQL statements:
2017/02/14 12:15:57 - MAXDAT - ALTER SESSION SET CURRENT_SCHEMA = MAXDAT;
2017/02/14 12:15:57 - Merge_CASE_CIN.0 - Connected to database...
2017/02/14 12:15:57 - MAXDAT - launch DDL statement: 
2017/02/14 12:15:57 - MAXDAT - merge into "MAXDAT"."EMRS_ILEB_402M_REPORT" s
2017/02/14 12:15:57 - MAXDAT - using (
2017/02/14 12:15:57 - MAXDAT - select cs."CASE_CIN", st.selection_transaction_id 
2017/02/14 12:15:57 - MAXDAT - 	from emrs_d_address d, emrs_d_case cs, emrs_d_selection_transaction st 	
2017/02/14 12:15:57 - MAXDAT - 	where st.client_residence_address_id=d.source_record_id 
2017/02/14 12:15:57 - MAXDAT - 		and d.case_number=cs.case_number and cs.current_flag = 'Y'
2017/02/14 12:15:57 - MAXDAT - ) c
2017/02/14 12:15:57 - MAXDAT - on (s.selection_transaction_id=c.selection_transaction_id 
2017/02/14 12:15:57 - MAXDAT - 	and s.REPORT_DATE='January 2017')
2017/02/14 12:15:57 - MAXDAT - when matched then update 	
2017/02/14 12:15:57 - MAXDAT - 	set s.CASE_CIN=c.CASE_CIN
2017/02/14 12:52:29 - MAXDAT - launch DDL statement: 
2017/02/14 12:52:29 - MAXDAT - commit
2017/02/14 12:52:29 - MAXDAT - 2 statements executed
2017/02/14 12:52:29 - ILEB_402M_Merge_CASE_CIN - Step [Merge_CASE_CIN.0] initialized flawlessly.
2017/02/14 12:52:29 - ILEB_402M_Merge_CASE_CIN - Transformation has allocated 1 threads and 0 rowsets.
2017/02/14 12:52:29 - Merge_CASE_CIN.0 - Starting to run...
2017/02/14 12:52:29 - Merge_CASE_CIN.0 - Finished reading query, closing connection.
2017/02/14 12:52:29 - MAXDAT - Connection to database closed!
2017/02/14 12:52:29 - Merge_CASE_CIN.0 - Finished processing (I=0, O=0, R=0, W=1, U=0, E=0)
2017/02/14 12:52:29 - ILEB_402M_Step_Build_Output - Starting entry [ILEB_402M_Merge_Name_and_RIN]
2017/02/14 12:52:29 - ILEB_402M_Step_Build_Output - exec(7, 0, ILEB_402M_Merge_Name_and_RIN.0)
2017/02/14 12:52:29 - ILEB_402M_Merge_Name_and_RIN - Starting job entry
2017/02/14 12:52:29 - ILEB_402M_Merge_Name_and_RIN - Opening transformation: [file:///u01/maximus/maxdat-prd/IL/ETL/scripts/AgencyReports/kettle_5.2/insert_402M_tables/ILEB_402M_Merge_Name_and_RIN.ktr]
2017/02/14 12:52:29 - ILEB_402M_Merge_Name_and_RIN - Loading transformation from XML file [file:///u01/maximus/maxdat-prd/IL/ETL/scripts/AgencyReports/kettle_5.2/insert_402M_tables/ILEB_402M_Merge_Name_and_RIN.ktr]
2017/02/14 12:52:29 - ILEB_402M_Merge_Name_and_RIN - Starting transformation...(file=${Internal.Job.Filename.Directory}/ILEB_402M_Merge_Name_and_RIN.ktr, name=ILEB_402M_Merge_Name_and_RIN, repinfo=null)
2017/02/14 12:52:29 - ILEB_402_Merge_Name_and_RIN - Transformation is pre-loaded.
2017/02/14 12:52:29 - ILEB_402_Merge_Name_and_RIN - Dispatching started for transformation [ILEB_402_Merge_Name_and_RIN]
2017/02/14 12:52:29 - ILEB_402_Merge_Name_and_RIN - Nr of arguments detected:0 
2017/02/14 12:52:29 - ILEB_402_Merge_Name_and_RIN - This is not a replay transformation
2017/02/14 12:52:29 - ILEB_402_Merge_Name_and_RIN - I found 1 different steps to launch.
2017/02/14 12:52:29 - ILEB_402_Merge_Name_and_RIN - Allocating rowsets...
2017/02/14 12:52:29 - ILEB_402_Merge_Name_and_RIN -  Allocating rowsets for step 0 --> Merge_Name_and_RIN
2017/02/14 12:52:29 - ILEB_402_Merge_Name_and_RIN -  Allocated 0 rowsets for step 0 --> Merge_Name_and_RIN  
2017/02/14 12:52:29 - ILEB_402_Merge_Name_and_RIN - Allocating Steps & StepData...
2017/02/14 12:52:29 - ILEB_402_Merge_Name_and_RIN -  Transformation is about to allocate step [Merge_Name_and_RIN] of type [ExecSQL]
2017/02/14 12:52:29 - Merge_Name_and_RIN.0 - distribution activated
2017/02/14 12:52:29 - Merge_Name_and_RIN.0 - Starting allocation of buffers & new threads...
2017/02/14 12:52:29 - Merge_Name_and_RIN.0 - Step info: nrinput=0 nroutput=0
2017/02/14 12:52:29 - Merge_Name_and_RIN.0 - Finished dispatching
2017/02/14 12:52:29 - ILEB_402_Merge_Name_and_RIN -  Transformation has allocated a new step: [Merge_Name_and_RIN].0
2017/02/14 12:52:29 - ILEB_402_Merge_Name_and_RIN - This transformation can be replayed with replay date: 2017/02/14 12:52:29
2017/02/14 12:52:29 - ILEB_402_Merge_Name_and_RIN - Initialising 1 steps...
2017/02/14 12:52:29 - Merge_Name_and_RIN.0 - Released server socket on port 0
2017/02/14 12:52:29 - MAXDAT - New database connection defined
2017/02/14 12:52:29 - MAXDAT - launch DDL statement: 
2017/02/14 12:52:29 - MAXDAT - ALTER SESSION SET CURRENT_SCHEMA = MAXDAT
2017/02/14 12:52:29 - MAXDAT - 1 statement executed
2017/02/14 12:52:29 - MAXDAT - Executed connect time SQL statements:
2017/02/14 12:52:29 - MAXDAT - ALTER SESSION SET CURRENT_SCHEMA = MAXDAT;
2017/02/14 12:52:29 - Merge_Name_and_RIN.0 - Connected to database...
2017/02/14 12:52:29 - MAXDAT - launch DDL statement: 
2017/02/14 12:52:29 - MAXDAT - merge into "MAXDAT"."EMRS_ILEB_402M_REPORT" s
2017/02/14 12:52:29 - MAXDAT - using (
2017/02/14 12:52:29 - MAXDAT - select max(upper(dc.FIRST_NAME))as FIRST_NAME, max(upper(dc.LAST_NAME)) as LAST_NAME, max(dc.CLNT_CIN) CLNT_CIN, st.selection_transaction_id  
2017/02/14 12:52:29 - MAXDAT - from emrs_d_client dc, EMRS_ILEB_402M_SELTRANS st, EMRS_ILEB_402M_REPORT s 
2017/02/14 12:52:29 - MAXDAT - where dc.client_number=st.client_number
2017/02/14 12:52:29 - MAXDAT -     and s.selection_transaction_id= st.selection_transaction_id 
2017/02/14 12:52:29 - MAXDAT - 	and s.date_received between dc.date_of_validity_start and dc.date_of_validity_end
2017/02/14 12:52:29 - MAXDAT - group by st.selection_transaction_id  
2017/02/14 12:52:29 - MAXDAT - ) c 
2017/02/14 12:52:29 - MAXDAT - on (s.selection_transaction_id=c.selection_transaction_id 
2017/02/14 12:52:29 - MAXDAT - 	and s.REPORT_DATE='January 2017'
2017/02/14 12:52:29 - MAXDAT - )
2017/02/14 12:52:29 - MAXDAT - when matched then 
2017/02/14 12:52:29 - MAXDAT - update set s.MEMBER_FIRST_NAME=c.FIRST_NAME,
2017/02/14 12:52:29 - MAXDAT - 		s.MEMBER_LAST_NAME=c.LAST_NAME,
2017/02/14 12:52:29 - MAXDAT - 		s.MEMBER_RIN=c.CLNT_CIN
2017/02/14 13:39:56 - MAXDAT - launch DDL statement: 
2017/02/14 13:39:56 - MAXDAT - commit
2017/02/14 13:39:56 - MAXDAT - 2 statements executed
2017/02/14 13:39:56 - ILEB_402_Merge_Name_and_RIN - Step [Merge_Name_and_RIN.0] initialized flawlessly.
2017/02/14 13:39:56 - ILEB_402_Merge_Name_and_RIN - Transformation has allocated 1 threads and 0 rowsets.
2017/02/14 13:39:56 - Merge_Name_and_RIN.0 - Starting to run...
2017/02/14 13:39:56 - Merge_Name_and_RIN.0 - Finished reading query, closing connection.
2017/02/14 13:39:56 - MAXDAT - Connection to database closed!
2017/02/14 13:39:56 - Merge_Name_and_RIN.0 - Finished processing (I=0, O=0, R=0, W=1, U=0, E=0)
2017/02/14 13:39:56 - ILEB_402M_Step_Build_Output - Starting entry [Success]
2017/02/14 13:39:56 - ILEB_402M_Step_Build_Output - exec(8, 0, Success.0)
2017/02/14 13:39:56 - Success - Starting job entry
2017/02/14 13:39:56 - ILEB_402M_Step_Build_Output - Finished job entry [Success] (result=[true])
2017/02/14 13:39:56 - ILEB_402M_Step_Build_Output - Finished job entry [ILEB_402M_Merge_Name_and_RIN] (result=[true])
2017/02/14 13:39:56 - ILEB_402M_Step_Build_Output - Finished job entry [ILEB_402M_Merge_CASE_CIN] (result=[true])
2017/02/14 13:39:56 - ILEB_402M_Step_Build_Output - Finished job entry [Insert ILEB_402M_REPORT] (result=[true])
2017/02/14 13:39:56 - ILEB_402M_Step_Build_Output - Finished job entry [Insert Other Tables] (result=[true])
2017/02/14 13:39:56 - ILEB_402M_Step_Build_Output - Finished job entry [Insert ILEB_SELTRANS] (result=[true])
2017/02/14 13:39:56 - ILEB_402M_Step_Build_Output - Finished job entry [Truncate Tables] (result=[true])
2017/02/14 13:39:56 - ILEB_402M_Step_Build_Output - Finished job entry [Set Previous Month Var] (result=[true])
2017/02/14 13:39:56 - ILEB_402M_Step_Build_Output - Job execution finished
2017/02/14 13:39:56 - Kitchen - Finished!
2017/02/14 13:39:56 - Kitchen - Start=2017/02/14 12:10:25.358, Stop=2017/02/14 13:39:56.352
2017/02/14 13:39:56 - Kitchen - Processing ended after 1 hours, 29 minutes and 30 seconds (5370 seconds total).
